


ARM Macro Assembler    Page 1 


    1 00000000         ;/******************************************************
                       ********************//**
    2 00000000         ; * @file     startup_LPC17xx.s
    3 00000000         ; * @brief    CMSIS Cortex-M3 Core Device Startup File f
                       or
    4 00000000         ; *           NXP LPC17xx Device Series
    5 00000000         ; * @version  V1.10
    6 00000000         ; * @date     06. April 2011
    7 00000000         ; *
    8 00000000         ; * @note
    9 00000000         ; * Copyright (C) 2009-2011 ARM Limited. All rights rese
                       rved.
   10 00000000         ; *
   11 00000000         ; * @par
   12 00000000         ; * ARM Limited (ARM) is supplying this software for use
                        with Cortex-M
   13 00000000         ; * processor based microcontrollers.  This file can be 
                       freely distributed
   14 00000000         ; * within development tools that are supporting such AR
                       M based processors.
   15 00000000         ; *
   16 00000000         ; * @par
   17 00000000         ; * THIS SOFTWARE IS PROVIDED "AS IS".  NO WARRANTIES, W
                       HETHER EXPRESS, IMPLIED
   18 00000000         ; * OR STATUTORY, INCLUDING, BUT NOT LIMITED TO, IMPLIED
                        WARRANTIES OF
   19 00000000         ; * MERCHANTABILITY AND FITNESS FOR A PARTICULAR PURPOSE
                        APPLY TO THIS SOFTWARE.
   20 00000000         ; * ARM SHALL NOT, IN ANY CIRCUMSTANCES, BE LIABLE FOR S
                       PECIAL, INCIDENTAL, OR
   21 00000000         ; * CONSEQUENTIAL DAMAGES, FOR ANY REASON WHATSOEVER.
   22 00000000         ; *
   23 00000000         ; ******************************************************
                       ************************/
   24 00000000         
   25 00000000         ; *------- <<< Use Configuration Wizard in Context Menu 
                       >>> ------------------
   26 00000000         
   27 00000000         ; <h> Stack Configuration
   28 00000000         ;   <o> Stack Size (in Bytes) <0x0-0xFFFFFFFF:8>
   29 00000000         ; </h>
   30 00000000         
   31 00000000 00000200 
                       Stack_Size
                               EQU              0x00000200
   32 00000000         
   33 00000000                 AREA             STACK, NOINIT, READWRITE, ALIGN
=3
   34 00000000         Stack_Mem
                               SPACE            Stack_Size
   35 00000200         __initial_sp
   36 00000200         
   37 00000200         
   38 00000200         ; <h> Heap Configuration
   39 00000200         ;   <o>  Heap Size (in Bytes) <0x0-0xFFFFFFFF:8>
   40 00000200         ; </h>
   41 00000200         
   42 00000200 00000000 
                       Heap_Size



ARM Macro Assembler    Page 2 


                               EQU              0x00000000
   43 00000200         
   44 00000200                 AREA             HEAP, NOINIT, READWRITE, ALIGN=
3
   45 00000000         __heap_base
   46 00000000         Heap_Mem
                               SPACE            Heap_Size
   47 00000000         __heap_limit
   48 00000000         
   49 00000000         
   50 00000000                 PRESERVE8
   51 00000000                 THUMB
   52 00000000         
   53 00000000         
   54 00000000         ; Vector Table Mapped to Address 0 at Reset
   55 00000000         
   56 00000000                 AREA             RESET, DATA, READONLY
   57 00000000                 EXPORT           __Vectors
   58 00000000         
   59 00000000 00000000 
                       __Vectors
                               DCD              __initial_sp ; Top of Stack
   60 00000004 00000000        DCD              Reset_Handler ; Reset Handler
   61 00000008 00000000        DCD              NMI_Handler ; NMI Handler
   62 0000000C 00000000        DCD              HardFault_Handler ; Hard Fault 
                                                            Handler
   63 00000010 00000000        DCD              MemManage_Handler 
                                                            ; MPU Fault Handler
                                                            
   64 00000014 00000000        DCD              BusFault_Handler 
                                                            ; Bus Fault Handler
                                                            
   65 00000018 00000000        DCD              UsageFault_Handler ; Usage Faul
                                                            t Handler
   66 0000001C 00000000        DCD              0           ; Reserved
   67 00000020 00000000        DCD              0           ; Reserved
   68 00000024 00000000        DCD              0           ; Reserved
   69 00000028 00000000        DCD              0           ; Reserved
   70 0000002C 00000000        DCD              SVC_Handler ; SVCall Handler
   71 00000030 00000000        DCD              DebugMon_Handler ; Debug Monito
                                                            r Handler
   72 00000034 00000000        DCD              0           ; Reserved
   73 00000038 00000000        DCD              PendSV_Handler ; PendSV Handler
                                                            
   74 0000003C 00000000        DCD              SysTick_Handler 
                                                            ; SysTick Handler
   75 00000040         
   76 00000040         ; External Interrupts
   77 00000040 00000000        DCD              WDT_IRQHandler ; 16: Watchdog T
                                                            imer
   78 00000044 00000000        DCD              TIMER0_IRQHandler ; 17: Timer0
   79 00000048 00000000        DCD              TIMER1_IRQHandler ; 18: Timer1
   80 0000004C 00000000        DCD              TIMER2_IRQHandler ; 19: Timer2
   81 00000050 00000000        DCD              TIMER3_IRQHandler ; 20: Timer3
   82 00000054 00000000        DCD              UART0_IRQHandler ; 21: UART0
   83 00000058 00000000        DCD              UART1_IRQHandler ; 22: UART1
   84 0000005C 00000000        DCD              UART2_IRQHandler ; 23: UART2
   85 00000060 00000000        DCD              UART3_IRQHandler ; 24: UART3
   86 00000064 00000000        DCD              PWM1_IRQHandler ; 25: PWM1



ARM Macro Assembler    Page 3 


   87 00000068 00000000        DCD              I2C0_IRQHandler ; 26: I2C0
   88 0000006C 00000000        DCD              I2C1_IRQHandler ; 27: I2C1
   89 00000070 00000000        DCD              I2C2_IRQHandler ; 28: I2C2
   90 00000074 00000000        DCD              SPI_IRQHandler ; 29: SPI
   91 00000078 00000000        DCD              SSP0_IRQHandler ; 30: SSP0
   92 0000007C 00000000        DCD              SSP1_IRQHandler ; 31: SSP1
   93 00000080 00000000        DCD              PLL0_IRQHandler ; 32: PLL0 Lock
                                                             (Main PLL)
   94 00000084 00000000        DCD              RTC_IRQHandler ; 33: Real Time 
                                                            Clock
   95 00000088 00000000        DCD              EINT0_IRQHandler ; 34: External
                                                             Interrupt 0
   96 0000008C 00000000        DCD              EINT1_IRQHandler ; 35: External
                                                             Interrupt 1
   97 00000090 00000000        DCD              EINT2_IRQHandler ; 36: External
                                                             Interrupt 2
   98 00000094 00000000        DCD              EINT3_IRQHandler ; 37: External
                                                             Interrupt 3
   99 00000098 00000000        DCD              ADC_IRQHandler 
                                                            ; 38: A/D Converter
                                                            
  100 0000009C 00000000        DCD              BOD_IRQHandler ; 39: Brown-Out 
                                                            Detect
  101 000000A0 00000000        DCD              USB_IRQHandler ; 40: USB
  102 000000A4 00000000        DCD              CAN_IRQHandler ; 41: CAN
  103 000000A8 00000000        DCD              DMA_IRQHandler ; 42: General Pu
                                                            rpose DMA
  104 000000AC 00000000        DCD              I2S_IRQHandler ; 43: I2S
  105 000000B0 00000000        DCD              ENET_IRQHandler ; 44: Ethernet
  106 000000B4 00000000        DCD              RIT_IRQHandler ; 45: Repetitive
                                                             Interrupt Timer
  107 000000B8 00000000        DCD              MCPWM_IRQHandler ; 46: Motor Co
                                                            ntrol PWM
  108 000000BC 00000000        DCD              QEI_IRQHandler ; 47: Quadrature
                                                             Encoder Interface
  109 000000C0 00000000        DCD              PLL1_IRQHandler ; 48: PLL1 Lock
                                                             (USB PLL)
  110 000000C4 00000000        DCD              USBActivity_IRQHandler ; 49: US
                                                            B Activity interrup
                                                            t to wakeup
  111 000000C8 00000000        DCD              CANActivity_IRQHandler ; 50: CA
                                                            N Activity interrup
                                                            t to wakeup
  112 000000CC         
  113 000000CC         
  114 000000CC                 IF               :LNOT::DEF:NO_CRP
  115 000000CC                 AREA             |.ARM.__at_0x02FC|, CODE, READO
NLY
  116 00000000 FFFFFFFF 
                       CRP_Key DCD              0xFFFFFFFF
  117 00000004                 ENDIF
  118 00000004         ; ************************************ DATA AREA *******
                       ******************************
  119 00000004         ; --------------------------------------- EX 2 ---------
                       ------------------------------
  120 00000004                 AREA             myData, DATA, READWRITE
  121 00000000 00 00 00 
              00 00 00 
              00 00 00 



ARM Macro Assembler    Page 4 


              00 00 00 mySpace SPACE            12
  122 0000000C         
  123 0000000C                 AREA             |.text|, CODE, READONLY
  124 00000000         
  125 00000000         
  126 00000000         ; ********************************** RESET HANDLER *****
                       ******************************
  127 00000000         Reset_Handler
                               PROC
  128 00000000                 EXPORT           Reset_Handler     [WEAK]
  129 00000000         ; --------------------------------------- EX 1 ---------
                       ------------------------------
  130 00000000         ;    MOV r0, #0x458D
  131 00000000         ;    MOVT r0, #0x7A30
  132 00000000         ;    MOV r1, #0x9EAA
  133 00000000         ;    MOVT r1, #0xC315
  134 00000000         ;    BL myUADD8
  135 00000000         ;stop B stop
  136 00000000         ;    ENDP
  137 00000000         ; --------------------------------------- EX 2 ---------
                       ------------------------------
  138 00000000         ;    MOV r0, #0x458D
  139 00000000         ;    MOVT r0, #0x7A30
  140 00000000         ;    MOV r1, #0x9EAA
  141 00000000         ;    MOVT r1, #0xC315
  142 00000000         ;    LDR r6, =mySpace
  143 00000000         ;    STMIA r6, {r0, r1}
  144 00000000         ;    BL myUSAD8
  145 00000000         ;    LDR r2, [r6]
  146 00000000         ;stop B stop
  147 00000000         ;    ENDP
  148 00000000         ; --------------------------------------- EX 3 ---------
                       ------------------------------
  149 00000000         ;    MOV r0, #0x458D
  150 00000000         ;    MOVT r0, #0x7A30
  151 00000000         ;    MOV r1, #0x9EAA
  152 00000000         ;    MOVT r1, #0xC315
  153 00000000         ;    PUSH {r0, r1, r2}
  154 00000000         ;    BL mySMUSD
  155 00000000         ;    POP {r0, r1, r2}
  156 00000000         ;    PUSH {r0, r1, r2}
  157 00000000         ;    BL mySMUSD
  158 00000000         ;    POP {r0, r1, r2}
  159 00000000         ;stop B stop
  160 00000000         ;    ENDP
  161 00000000         ; --------------------------------------- EX 4 ---------
                       ------------------------------
  162 00000000         ;    MOV r0, #0x458D
  163 00000000         ;    MOVT r0, #0x7A30
  164 00000000         ;    MOV r1, #0x9EAA
  165 00000000         ;    MOVT r1, #0xC315
  166 00000000         ;supervisorCall
  167 00000000         ;    PUSH {r0, r1, r2}
  168 00000000         ;    SVC #3
  169 00000000         ;    POP {r0, r1, r2}
  170 00000000         ;    PUSH {r0, r1, r2}
  171 00000000         ;    SVC #8
  172 00000000         ;    POP {r0, r1, r2}
  173 00000000         ;stop B stop



ARM Macro Assembler    Page 5 


  174 00000000         ;    ENDP
  175 00000000         ; --------------------------------------- EX 5 ---------
                       ------------------------------
  176 00000000                 EXTERN           __main
  177 00000000 4856            LDR              R0, =__main
  178 00000002 4700            BX               R0
  179 00000004         
  180 00000004                 ENDP
  181 00000004         ; *********************************** SUBROUTINES ******
                       ******************************
  182 00000004         ; --------------------------------------- EX 1 ---------
                       ------------------------------
  183 00000004         myUADD8 PROC
  184 00000004                 EXPORT           myUADD8
  185 00000004 B500            PUSH             {LR}
  186 00000006         ;1st byte
  187 00000006 EB00 0201       ADD              r2, r0, r1
  188 0000000A EA4F 6202       LSL              r2, r2, #24
  189 0000000E EA4F 6212       LSR              r2, r2, #24
  190 00000012         ;2nd byte
  191 00000012 EA4F 2030       ROR              r0, r0, #8
  192 00000016 EA4F 2131       ROR              r1, r1, #8
  193 0000001A EB00 0301       ADD              r3, r0, r1
  194 0000001E EA4F 6303       LSL              r3, r3, #24
  195 00000022 EA4F 4313       LSR              r3, r3, #16
  196 00000026         ;3rd byte
  197 00000026 EA4F 2030       ROR              r0, r0, #8
  198 0000002A EA4F 2131       ROR              r1, r1, #8
  199 0000002E EB00 0401       ADD              r4, r0, r1
  200 00000032 EA4F 6404       LSL              r4, r4, #24
  201 00000036 EA4F 2414       LSR              r4, r4, #8
  202 0000003A         ;4th byte
  203 0000003A EA4F 2030       ROR              r0, r0, #8
  204 0000003E EA4F 2131       ROR              r1, r1, #8
  205 00000042 EB00 0501       ADD              r5, r0, r1
  206 00000046 EA4F 6505       LSL              r5, r5, #24
  207 0000004A         ;Result
  208 0000004A EA42 0003       ORR              r0, r2, r3
  209 0000004E EA44 0105       ORR              r1, r4, r5
  210 00000052 EA40 0001       ORR              r0, r0, r1
  211 00000056 BD00            POP{PC}
  212 00000058                 ENDP
  213 00000058         ; --------------------------------------- EX 2 ---------
                       ------------------------------
  214 00000058         myUSAD8 PROC
  215 00000058                 EXPORT           myUSAD8
  216 00000058 E92D 500F       PUSH             {r0, r1, r2, r3, r12, LR}
  217 0000005C         subtracLoop
  218 0000005C F10C 0C01       ADD              r12, r12, #1
  219 00000060 F916 0B04       LDRSB            r0, [r6], #4
  220 00000064 F916 1903       LDRSB            r1, [r6], #-3
  221 00000068 4288            CMP              r0, r1
  222 0000006A BF2C            ITE              HS
  223 0000006C 1A42            SUBHS            r2, r0, r1
  224 0000006E 1A0A            SUBLO            r2, r1, r0
  225 00000070 4413            ADD              r3, r2, r3
  226 00000072 F1BC 0F04       CMP              r12, #4
  227 00000076 D1F1            BNE              subtracLoop
  228 00000078 F04F 0CFF       MOV              r12, #0x000000FF



ARM Macro Assembler    Page 6 


  229 0000007C EA0C 0303       AND              r3, r12, r3
  230 00000080 F806 3F04       STRB             r3, [r6, #4]!
  231 00000084 E8BD 900F       POP              {r0, r1, r2, r3, r12, PC}
  232 00000088                 ENDP
  233 00000088         ; --------------------------------------- EX 3 ---------
                       ------------------------------
  234 00000088         mySMUAD PROC
  235 00000088                 EXPORT           mySMUAD
  236 00000088 B570            PUSH             {r4, r5, r6, LR}
  237 0000008A F9BD 4010       LDRSH            r4, [sp, #16]
  238 0000008E F9BD 5014       LDRSH            r5, [sp, #20]
  239 00000092 FB04 F605       MUL              r6, r4, r5
  240 00000096 F9BD 4012       LDRSH            r4, [sp, #18]
  241 0000009A F9BD 5016       LDRSH            r5, [sp, #22]
  242 0000009E FB04 F505       MUL              r5, r4, r5
  243 000000A2 EB05 0406       ADD              r4, r5, r6
  244 000000A6 9406            STR              r4, [sp, #24]
  245 000000A8 BD70            POP              {r4, r5, r6, PC}
  246 000000AA                 ENDP
  247 000000AA         
  248 000000AA         mySMUSD PROC
  249 000000AA                 EXPORT           mySMUSD
  250 000000AA B570            PUSH             {r4, r5, r6, LR}
  251 000000AC F9BD 4010       LDRSH            r4, [sp, #16]
  252 000000B0 F9BD 5014       LDRSH            r5, [sp, #20]
  253 000000B4 FB04 F605       MUL              r6, r4, r5
  254 000000B8 F9BD 4012       LDRSH            r4, [sp, #18]
  255 000000BC F9BD 5016       LDRSH            r5, [sp, #22]
  256 000000C0 FB04 F505       MUL              r5, r4, r5
  257 000000C4 42AE            CMP              r6, r5
  258 000000C6 BF2C            ITE              HS
  259 000000C8 1B74            SUBHS            r4, r6, r5
  260 000000CA 1BAC            SUBLO            r4, r5, r6
  261 000000CC 9406            STR              r4, [sp, #24]
  262 000000CE BD70            POP              {r4, r5, r6, PC}
  263 000000D0                 ENDP
  264 000000D0         ; --------------------------------------- EX 4 ---------
                       ------------------------------
  265 000000D0         ; --------------------------------------- EX 6 ---------
                       ------------------------------      
  266 000000D0         ;    EXTERN hypotenuse
  267 000000D0         ;    MOV r0, #5 ; first parameter
  268 000000D0         ;    MOV r1, #5 ; first parameter
  269 000000D0         ;    BL hypotenuse
  270 000000D0         ;                ENDP
  271 000000D0         ; Dummy Exception Handlers (infinite loops which can be 
                       modified)
  272 000000D0         
  273 000000D0         NMI_Handler
                               PROC
  274 000000D0                 EXPORT           NMI_Handler               [WEAK
]
  275 000000D0 E7FE            B                .
  276 000000D2                 ENDP
  278 000000D2         HardFault_Handler
                               PROC
  279 000000D2                 EXPORT           HardFault_Handler         [WEAK
]
  280 000000D2 E7FE            B                .



ARM Macro Assembler    Page 7 


  281 000000D4                 ENDP
  283 000000D4         MemManage_Handler
                               PROC
  284 000000D4                 EXPORT           MemManage_Handler         [WEAK
]
  285 000000D4 E7FE            B                .
  286 000000D6                 ENDP
  288 000000D6         BusFault_Handler
                               PROC
  289 000000D6                 EXPORT           BusFault_Handler          [WEAK
]
  290 000000D6 E7FE            B                .
  291 000000D8                 ENDP
  293 000000D8         UsageFault_Handler
                               PROC
  294 000000D8                 EXPORT           UsageFault_Handler        [WEAK
]
  295 000000D8 E7FE            B                .
  296 000000DA                 ENDP
  297 000000DA         SVC_Handler
                               PROC
  298 000000DA                 EXPORT           SVC_Handler               [WEAK
]
  299 000000DA         
  300 000000DA F01E 0F04       TST              LR, #0x4    ; Test EXC_RETURN n
                                                            umber in LR bit 2
  301 000000DE BF0C            ITE              EQ          ; if zero (equal) t
                                                            hen
  302 000000E0 F3EF 8008       MRSEQ            r0, MSP     ; Main Stack was us
                                                            ed, put MSP in R0
  303 000000E4 F3EF 8009       MRSNE            r0, PSP     ; else, Process Sta
                                                            ck was used, put PS
                                                            P in R0
  304 000000E8 6981            LDR              r1, [r0, #24] ; Get stacked PC 
                                                            from stack
  305 000000EA F811 0C02       LDRB             r0, [r1, #-2] ; Get the immedia
                                                            te data from the in
                                                            struction
  306 000000EE         
  307 000000EE 2803            CMP              r0, #3
  308 000000F0 D002            BEQ              smuadSVC_Handler
  309 000000F2 2808            CMP              r0, #8
  310 000000F4 D012            BEQ              smusdSVC_Handler
  311 000000F6 E025            B                endSVC_Handler
  312 000000F8         smuadSVC_Handler
  313 000000F8 B470            PUSH             {r4, r5, r6}
  314 000000FA F9BD 4030       LDRSH            r4, [sp, #48]
  315 000000FE F9BD 5034       LDRSH            r5, [sp, #52]
  316 00000102 FB04 F605       MUL              r6, r4, r5
  317 00000106 F9BD 4032       LDRSH            r4, [sp, #50]
  318 0000010A F9BD 5036       LDRSH            r5, [sp, #54]
  319 0000010E FB04 F505       MUL              r5, r4, r5
  320 00000112 EB05 0406       ADD              r4, r5, r6
  321 00000116 940E            STR              r4, [sp, #56]
  322 00000118 BC70            POP              {r4, r5, r6}
  323 0000011A E013            B                endSVC_Handler
  324 0000011C         smusdSVC_Handler
  325 0000011C B470            PUSH             {r4, r5, r6}
  326 0000011E F9BD 4030       LDRSH            r4, [sp, #48]



ARM Macro Assembler    Page 8 


  327 00000122 F9BD 5034       LDRSH            r5, [sp, #52]
  328 00000126 FB04 F605       MUL              r6, r4, r5
  329 0000012A F9BD 4032       LDRSH            r4, [sp, #50]
  330 0000012E F9BD 5036       LDRSH            r5, [sp, #54]
  331 00000132 FB04 F505       MUL              r5, r4, r5
  332 00000136 42AE            CMP              r6, r5
  333 00000138 BF2C            ITE              HS
  334 0000013A 1B74            SUBHS            r4, r6, r5
  335 0000013C 1BAC            SUBLO            r4, r5, r6
  336 0000013E 940E            STR              r4, [sp, #56]
  337 00000140 BC70            POP              {r4, r5, r6}
  338 00000142 E7FF            B                endSVC_Handler
  339 00000144 4770    endSVC_Handler
                               BX               LR          ; Return to calling
                                                             function
  340 00000146                 ENDP
  342 00000146         DebugMon_Handler
                               PROC
  343 00000146                 EXPORT           DebugMon_Handler          [WEAK
]
  344 00000146 E7FE            B                .
  345 00000148                 ENDP
  346 00000148         PendSV_Handler
                               PROC
  347 00000148                 EXPORT           PendSV_Handler            [WEAK
]
  348 00000148 E7FE            B                .
  349 0000014A                 ENDP
  350 0000014A         SysTick_Handler
                               PROC
  351 0000014A                 EXPORT           SysTick_Handler           [WEAK
]
  352 0000014A E7FE            B                .
  353 0000014C                 ENDP
  354 0000014C         
  355 0000014C         Default_Handler
                               PROC
  356 0000014C         
  357 0000014C                 EXPORT           WDT_IRQHandler            [WEAK
]
  358 0000014C                 EXPORT           TIMER0_IRQHandler         [WEAK
]
  359 0000014C                 EXPORT           TIMER1_IRQHandler         [WEAK
]
  360 0000014C                 EXPORT           TIMER2_IRQHandler         [WEAK
]
  361 0000014C                 EXPORT           TIMER3_IRQHandler         [WEAK
]
  362 0000014C                 EXPORT           UART0_IRQHandler          [WEAK
]
  363 0000014C                 EXPORT           UART1_IRQHandler          [WEAK
]
  364 0000014C                 EXPORT           UART2_IRQHandler          [WEAK
]
  365 0000014C                 EXPORT           UART3_IRQHandler          [WEAK
]
  366 0000014C                 EXPORT           PWM1_IRQHandler           [WEAK
]
  367 0000014C                 EXPORT           I2C0_IRQHandler           [WEAK



ARM Macro Assembler    Page 9 


]
  368 0000014C                 EXPORT           I2C1_IRQHandler           [WEAK
]
  369 0000014C                 EXPORT           I2C2_IRQHandler           [WEAK
]
  370 0000014C                 EXPORT           SPI_IRQHandler            [WEAK
]
  371 0000014C                 EXPORT           SSP0_IRQHandler           [WEAK
]
  372 0000014C                 EXPORT           SSP1_IRQHandler           [WEAK
]
  373 0000014C                 EXPORT           PLL0_IRQHandler           [WEAK
]
  374 0000014C                 EXPORT           RTC_IRQHandler            [WEAK
]
  375 0000014C                 EXPORT           EINT0_IRQHandler          [WEAK
]
  376 0000014C                 EXPORT           EINT1_IRQHandler          [WEAK
]
  377 0000014C                 EXPORT           EINT2_IRQHandler          [WEAK
]
  378 0000014C                 EXPORT           EINT3_IRQHandler          [WEAK
]
  379 0000014C                 EXPORT           ADC_IRQHandler            [WEAK
]
  380 0000014C                 EXPORT           BOD_IRQHandler            [WEAK
]
  381 0000014C                 EXPORT           USB_IRQHandler            [WEAK
]
  382 0000014C                 EXPORT           CAN_IRQHandler            [WEAK
]
  383 0000014C                 EXPORT           DMA_IRQHandler            [WEAK
]
  384 0000014C                 EXPORT           I2S_IRQHandler            [WEAK
]
  385 0000014C                 EXPORT           ENET_IRQHandler           [WEAK
]
  386 0000014C                 EXPORT           RIT_IRQHandler            [WEAK
]
  387 0000014C                 EXPORT           MCPWM_IRQHandler          [WEAK
]
  388 0000014C                 EXPORT           QEI_IRQHandler            [WEAK
]
  389 0000014C                 EXPORT           PLL1_IRQHandler           [WEAK
]
  390 0000014C                 EXPORT           USBActivity_IRQHandler    [WEAK
]
  391 0000014C                 EXPORT           CANActivity_IRQHandler    [WEAK
]
  392 0000014C         
  393 0000014C         WDT_IRQHandler
  394 0000014C         TIMER0_IRQHandler
  395 0000014C         TIMER1_IRQHandler
  396 0000014C         TIMER2_IRQHandler
  397 0000014C         TIMER3_IRQHandler
  398 0000014C         UART0_IRQHandler
  399 0000014C         UART1_IRQHandler
  400 0000014C         UART2_IRQHandler
  401 0000014C         UART3_IRQHandler



ARM Macro Assembler    Page 10 


  402 0000014C         PWM1_IRQHandler
  403 0000014C         I2C0_IRQHandler
  404 0000014C         I2C1_IRQHandler
  405 0000014C         I2C2_IRQHandler
  406 0000014C         SPI_IRQHandler
  407 0000014C         SSP0_IRQHandler
  408 0000014C         SSP1_IRQHandler
  409 0000014C         PLL0_IRQHandler
  410 0000014C         RTC_IRQHandler
  411 0000014C         EINT0_IRQHandler
  412 0000014C         EINT1_IRQHandler
  413 0000014C         EINT2_IRQHandler
  414 0000014C         EINT3_IRQHandler
  415 0000014C         ADC_IRQHandler
  416 0000014C         BOD_IRQHandler
  417 0000014C         USB_IRQHandler
  418 0000014C         CAN_IRQHandler
  419 0000014C         DMA_IRQHandler
  420 0000014C         I2S_IRQHandler
  421 0000014C         ENET_IRQHandler
  422 0000014C         RIT_IRQHandler
  423 0000014C         MCPWM_IRQHandler
  424 0000014C         QEI_IRQHandler
  425 0000014C         PLL1_IRQHandler
  426 0000014C         USBActivity_IRQHandler
  427 0000014C         CANActivity_IRQHandler
  428 0000014C         
  429 0000014C E7FE            B                .
  430 0000014E         
  431 0000014E                 ENDP
  432 0000014E         
  433 0000014E         
  434 0000014E 00 00           ALIGN
  435 00000150         
  436 00000150         
  437 00000150         ; User Initial Stack & Heap
  438 00000150         
  439 00000150                 IF               :DEF:__MICROLIB
  446 00000150         
  447 00000150                 IMPORT           __use_two_region_memory
  448 00000150                 EXPORT           __user_initial_stackheap
  449 00000150         __user_initial_stackheap
  450 00000150         
  451 00000150 4803            LDR              R0, =  Heap_Mem
  452 00000152 4904            LDR              R1, =(Stack_Mem + Stack_Size)
  453 00000154 4A02            LDR              R2, = (Heap_Mem +  Heap_Size)
  454 00000156 4B04            LDR              R3, = Stack_Mem
  455 00000158 4770            BX               LR
  456 0000015A         
  457 0000015A 00 00           ALIGN
  458 0000015C         
  459 0000015C                 ENDIF
  460 0000015C         
  461 0000015C         
  462 0000015C                 END
              00000000 
              00000000 
              00000200 
              00000000 



ARM Macro Assembler    Page 11 


Command Line: --debug --xref --diag_suppress=9931 --cpu=Cortex-M3 --apcs=interw
ork --depend=.\objects\startup_lpc17xx.d -o.\objects\startup_lpc17xx.o -I.\RTE\
Device\LPC1768 -I.\RTE\_Target_1 -IC:\Users\gabriel.ganzer\AppData\Local\Arm\Pa
cks\ARM\CMSIS\5.6.0\CMSIS\Core\Include -IC:\Users\gabriel.ganzer\AppData\Local\
Arm\Packs\ARM\CMSIS\5.6.0\CMSIS\DSP\Include -IC:\Users\gabriel.ganzer\AppData\L
ocal\Arm\Packs\ARM\CMSIS\5.6.0\CMSIS\NN\Include -IC:\Users\gabriel.ganzer\AppDa
ta\Local\Arm\Packs\Keil\LPC1700_DFP\2.6.0\Device\Include --predefine="__EVAL SE
TA 1" --predefine="__UVISION_VERSION SETA 528" --predefine="_RTE_ SETA 1" --pre
define="LPC175x_6x SETA 1" --list=.\listings\startup_lpc17xx.lst RTE\Device\LPC
1768\startup_LPC17xx.s



ARM Macro Assembler    Page 1 Alphabetic symbol ordering
Relocatable symbols

STACK 00000000

Symbol: STACK
   Definitions
      At line 33 in file RTE\Device\LPC1768\startup_LPC17xx.s
   Uses
      None
Comment: STACK unused
Stack_Mem 00000000

Symbol: Stack_Mem
   Definitions
      At line 34 in file RTE\Device\LPC1768\startup_LPC17xx.s
   Uses
      At line 452 in file RTE\Device\LPC1768\startup_LPC17xx.s
      At line 454 in file RTE\Device\LPC1768\startup_LPC17xx.s

__initial_sp 00000200

Symbol: __initial_sp
   Definitions
      At line 35 in file RTE\Device\LPC1768\startup_LPC17xx.s
   Uses
      At line 59 in file RTE\Device\LPC1768\startup_LPC17xx.s
Comment: __initial_sp used once
3 symbols



ARM Macro Assembler    Page 1 Alphabetic symbol ordering
Relocatable symbols

HEAP 00000000

Symbol: HEAP
   Definitions
      At line 44 in file RTE\Device\LPC1768\startup_LPC17xx.s
   Uses
      None
Comment: HEAP unused
Heap_Mem 00000000

Symbol: Heap_Mem
   Definitions
      At line 46 in file RTE\Device\LPC1768\startup_LPC17xx.s
   Uses
      At line 451 in file RTE\Device\LPC1768\startup_LPC17xx.s
      At line 453 in file RTE\Device\LPC1768\startup_LPC17xx.s

__heap_base 00000000

Symbol: __heap_base
   Definitions
      At line 45 in file RTE\Device\LPC1768\startup_LPC17xx.s
   Uses
      None
Comment: __heap_base unused
__heap_limit 00000000

Symbol: __heap_limit
   Definitions
      At line 47 in file RTE\Device\LPC1768\startup_LPC17xx.s
   Uses
      None
Comment: __heap_limit unused
4 symbols



ARM Macro Assembler    Page 1 Alphabetic symbol ordering
Relocatable symbols

RESET 00000000

Symbol: RESET
   Definitions
      At line 56 in file RTE\Device\LPC1768\startup_LPC17xx.s
   Uses
      None
Comment: RESET unused
__Vectors 00000000

Symbol: __Vectors
   Definitions
      At line 59 in file RTE\Device\LPC1768\startup_LPC17xx.s
   Uses
      At line 57 in file RTE\Device\LPC1768\startup_LPC17xx.s
Comment: __Vectors used once
2 symbols



ARM Macro Assembler    Page 1 Alphabetic symbol ordering
Relocatable symbols

.ARM.__at_0x02FC 00000000

Symbol: .ARM.__at_0x02FC
   Definitions
      At line 115 in file RTE\Device\LPC1768\startup_LPC17xx.s
   Uses
      None
Comment: .ARM.__at_0x02FC unused
CRP_Key 00000000

Symbol: CRP_Key
   Definitions
      At line 116 in file RTE\Device\LPC1768\startup_LPC17xx.s
   Uses
      None
Comment: CRP_Key unused
2 symbols



ARM Macro Assembler    Page 1 Alphabetic symbol ordering
Relocatable symbols

myData 00000000

Symbol: myData
   Definitions
      At line 120 in file RTE\Device\LPC1768\startup_LPC17xx.s
   Uses
      None
Comment: myData unused
mySpace 00000000

Symbol: mySpace
   Definitions
      At line 121 in file RTE\Device\LPC1768\startup_LPC17xx.s
   Uses
      None
Comment: mySpace unused
2 symbols



ARM Macro Assembler    Page 1 Alphabetic symbol ordering
Relocatable symbols

.text 00000000

Symbol: .text
   Definitions
      At line 123 in file RTE\Device\LPC1768\startup_LPC17xx.s
   Uses
      None
Comment: .text unused
ADC_IRQHandler 0000014C

Symbol: ADC_IRQHandler
   Definitions
      At line 415 in file RTE\Device\LPC1768\startup_LPC17xx.s
   Uses
      At line 99 in file RTE\Device\LPC1768\startup_LPC17xx.s
      At line 379 in file RTE\Device\LPC1768\startup_LPC17xx.s

BOD_IRQHandler 0000014C

Symbol: BOD_IRQHandler
   Definitions
      At line 416 in file RTE\Device\LPC1768\startup_LPC17xx.s
   Uses
      At line 100 in file RTE\Device\LPC1768\startup_LPC17xx.s
      At line 380 in file RTE\Device\LPC1768\startup_LPC17xx.s

BusFault_Handler 000000D6

Symbol: BusFault_Handler
   Definitions
      At line 288 in file RTE\Device\LPC1768\startup_LPC17xx.s
   Uses
      At line 64 in file RTE\Device\LPC1768\startup_LPC17xx.s
      At line 289 in file RTE\Device\LPC1768\startup_LPC17xx.s

CANActivity_IRQHandler 0000014C

Symbol: CANActivity_IRQHandler
   Definitions
      At line 427 in file RTE\Device\LPC1768\startup_LPC17xx.s
   Uses
      At line 111 in file RTE\Device\LPC1768\startup_LPC17xx.s
      At line 391 in file RTE\Device\LPC1768\startup_LPC17xx.s

CAN_IRQHandler 0000014C

Symbol: CAN_IRQHandler
   Definitions
      At line 418 in file RTE\Device\LPC1768\startup_LPC17xx.s
   Uses
      At line 102 in file RTE\Device\LPC1768\startup_LPC17xx.s
      At line 382 in file RTE\Device\LPC1768\startup_LPC17xx.s

DMA_IRQHandler 0000014C

Symbol: DMA_IRQHandler
   Definitions
      At line 419 in file RTE\Device\LPC1768\startup_LPC17xx.s
   Uses



ARM Macro Assembler    Page 2 Alphabetic symbol ordering
Relocatable symbols

      At line 103 in file RTE\Device\LPC1768\startup_LPC17xx.s
      At line 383 in file RTE\Device\LPC1768\startup_LPC17xx.s

DebugMon_Handler 00000146

Symbol: DebugMon_Handler
   Definitions
      At line 342 in file RTE\Device\LPC1768\startup_LPC17xx.s
   Uses
      At line 71 in file RTE\Device\LPC1768\startup_LPC17xx.s
      At line 343 in file RTE\Device\LPC1768\startup_LPC17xx.s

Default_Handler 0000014C

Symbol: Default_Handler
   Definitions
      At line 355 in file RTE\Device\LPC1768\startup_LPC17xx.s
   Uses
      None
Comment: Default_Handler unused
EINT0_IRQHandler 0000014C

Symbol: EINT0_IRQHandler
   Definitions
      At line 411 in file RTE\Device\LPC1768\startup_LPC17xx.s
   Uses
      At line 95 in file RTE\Device\LPC1768\startup_LPC17xx.s
      At line 375 in file RTE\Device\LPC1768\startup_LPC17xx.s

EINT1_IRQHandler 0000014C

Symbol: EINT1_IRQHandler
   Definitions
      At line 412 in file RTE\Device\LPC1768\startup_LPC17xx.s
   Uses
      At line 96 in file RTE\Device\LPC1768\startup_LPC17xx.s
      At line 376 in file RTE\Device\LPC1768\startup_LPC17xx.s

EINT2_IRQHandler 0000014C

Symbol: EINT2_IRQHandler
   Definitions
      At line 413 in file RTE\Device\LPC1768\startup_LPC17xx.s
   Uses
      At line 97 in file RTE\Device\LPC1768\startup_LPC17xx.s
      At line 377 in file RTE\Device\LPC1768\startup_LPC17xx.s

EINT3_IRQHandler 0000014C

Symbol: EINT3_IRQHandler
   Definitions
      At line 414 in file RTE\Device\LPC1768\startup_LPC17xx.s
   Uses
      At line 98 in file RTE\Device\LPC1768\startup_LPC17xx.s
      At line 378 in file RTE\Device\LPC1768\startup_LPC17xx.s

ENET_IRQHandler 0000014C

Symbol: ENET_IRQHandler



ARM Macro Assembler    Page 3 Alphabetic symbol ordering
Relocatable symbols

   Definitions
      At line 421 in file RTE\Device\LPC1768\startup_LPC17xx.s
   Uses
      At line 105 in file RTE\Device\LPC1768\startup_LPC17xx.s
      At line 385 in file RTE\Device\LPC1768\startup_LPC17xx.s

HardFault_Handler 000000D2

Symbol: HardFault_Handler
   Definitions
      At line 278 in file RTE\Device\LPC1768\startup_LPC17xx.s
   Uses
      At line 62 in file RTE\Device\LPC1768\startup_LPC17xx.s
      At line 279 in file RTE\Device\LPC1768\startup_LPC17xx.s

I2C0_IRQHandler 0000014C

Symbol: I2C0_IRQHandler
   Definitions
      At line 403 in file RTE\Device\LPC1768\startup_LPC17xx.s
   Uses
      At line 87 in file RTE\Device\LPC1768\startup_LPC17xx.s
      At line 367 in file RTE\Device\LPC1768\startup_LPC17xx.s

I2C1_IRQHandler 0000014C

Symbol: I2C1_IRQHandler
   Definitions
      At line 404 in file RTE\Device\LPC1768\startup_LPC17xx.s
   Uses
      At line 88 in file RTE\Device\LPC1768\startup_LPC17xx.s
      At line 368 in file RTE\Device\LPC1768\startup_LPC17xx.s

I2C2_IRQHandler 0000014C

Symbol: I2C2_IRQHandler
   Definitions
      At line 405 in file RTE\Device\LPC1768\startup_LPC17xx.s
   Uses
      At line 89 in file RTE\Device\LPC1768\startup_LPC17xx.s
      At line 369 in file RTE\Device\LPC1768\startup_LPC17xx.s

I2S_IRQHandler 0000014C

Symbol: I2S_IRQHandler
   Definitions
      At line 420 in file RTE\Device\LPC1768\startup_LPC17xx.s
   Uses
      At line 104 in file RTE\Device\LPC1768\startup_LPC17xx.s
      At line 384 in file RTE\Device\LPC1768\startup_LPC17xx.s

MCPWM_IRQHandler 0000014C

Symbol: MCPWM_IRQHandler
   Definitions
      At line 423 in file RTE\Device\LPC1768\startup_LPC17xx.s
   Uses
      At line 107 in file RTE\Device\LPC1768\startup_LPC17xx.s
      At line 387 in file RTE\Device\LPC1768\startup_LPC17xx.s



ARM Macro Assembler    Page 4 Alphabetic symbol ordering
Relocatable symbols


MemManage_Handler 000000D4

Symbol: MemManage_Handler
   Definitions
      At line 283 in file RTE\Device\LPC1768\startup_LPC17xx.s
   Uses
      At line 63 in file RTE\Device\LPC1768\startup_LPC17xx.s
      At line 284 in file RTE\Device\LPC1768\startup_LPC17xx.s

NMI_Handler 000000D0

Symbol: NMI_Handler
   Definitions
      At line 273 in file RTE\Device\LPC1768\startup_LPC17xx.s
   Uses
      At line 61 in file RTE\Device\LPC1768\startup_LPC17xx.s
      At line 274 in file RTE\Device\LPC1768\startup_LPC17xx.s

PLL0_IRQHandler 0000014C

Symbol: PLL0_IRQHandler
   Definitions
      At line 409 in file RTE\Device\LPC1768\startup_LPC17xx.s
   Uses
      At line 93 in file RTE\Device\LPC1768\startup_LPC17xx.s
      At line 373 in file RTE\Device\LPC1768\startup_LPC17xx.s

PLL1_IRQHandler 0000014C

Symbol: PLL1_IRQHandler
   Definitions
      At line 425 in file RTE\Device\LPC1768\startup_LPC17xx.s
   Uses
      At line 109 in file RTE\Device\LPC1768\startup_LPC17xx.s
      At line 389 in file RTE\Device\LPC1768\startup_LPC17xx.s

PWM1_IRQHandler 0000014C

Symbol: PWM1_IRQHandler
   Definitions
      At line 402 in file RTE\Device\LPC1768\startup_LPC17xx.s
   Uses
      At line 86 in file RTE\Device\LPC1768\startup_LPC17xx.s
      At line 366 in file RTE\Device\LPC1768\startup_LPC17xx.s

PendSV_Handler 00000148

Symbol: PendSV_Handler
   Definitions
      At line 346 in file RTE\Device\LPC1768\startup_LPC17xx.s
   Uses
      At line 73 in file RTE\Device\LPC1768\startup_LPC17xx.s
      At line 347 in file RTE\Device\LPC1768\startup_LPC17xx.s

QEI_IRQHandler 0000014C

Symbol: QEI_IRQHandler
   Definitions



ARM Macro Assembler    Page 5 Alphabetic symbol ordering
Relocatable symbols

      At line 424 in file RTE\Device\LPC1768\startup_LPC17xx.s
   Uses
      At line 108 in file RTE\Device\LPC1768\startup_LPC17xx.s
      At line 388 in file RTE\Device\LPC1768\startup_LPC17xx.s

RIT_IRQHandler 0000014C

Symbol: RIT_IRQHandler
   Definitions
      At line 422 in file RTE\Device\LPC1768\startup_LPC17xx.s
   Uses
      At line 106 in file RTE\Device\LPC1768\startup_LPC17xx.s
      At line 386 in file RTE\Device\LPC1768\startup_LPC17xx.s

RTC_IRQHandler 0000014C

Symbol: RTC_IRQHandler
   Definitions
      At line 410 in file RTE\Device\LPC1768\startup_LPC17xx.s
   Uses
      At line 94 in file RTE\Device\LPC1768\startup_LPC17xx.s
      At line 374 in file RTE\Device\LPC1768\startup_LPC17xx.s

Reset_Handler 00000000

Symbol: Reset_Handler
   Definitions
      At line 127 in file RTE\Device\LPC1768\startup_LPC17xx.s
   Uses
      At line 60 in file RTE\Device\LPC1768\startup_LPC17xx.s
      At line 128 in file RTE\Device\LPC1768\startup_LPC17xx.s

SPI_IRQHandler 0000014C

Symbol: SPI_IRQHandler
   Definitions
      At line 406 in file RTE\Device\LPC1768\startup_LPC17xx.s
   Uses
      At line 90 in file RTE\Device\LPC1768\startup_LPC17xx.s
      At line 370 in file RTE\Device\LPC1768\startup_LPC17xx.s

SSP0_IRQHandler 0000014C

Symbol: SSP0_IRQHandler
   Definitions
      At line 407 in file RTE\Device\LPC1768\startup_LPC17xx.s
   Uses
      At line 91 in file RTE\Device\LPC1768\startup_LPC17xx.s
      At line 371 in file RTE\Device\LPC1768\startup_LPC17xx.s

SSP1_IRQHandler 0000014C

Symbol: SSP1_IRQHandler
   Definitions
      At line 408 in file RTE\Device\LPC1768\startup_LPC17xx.s
   Uses
      At line 92 in file RTE\Device\LPC1768\startup_LPC17xx.s
      At line 372 in file RTE\Device\LPC1768\startup_LPC17xx.s




ARM Macro Assembler    Page 6 Alphabetic symbol ordering
Relocatable symbols

SVC_Handler 000000DA

Symbol: SVC_Handler
   Definitions
      At line 297 in file RTE\Device\LPC1768\startup_LPC17xx.s
   Uses
      At line 70 in file RTE\Device\LPC1768\startup_LPC17xx.s
      At line 298 in file RTE\Device\LPC1768\startup_LPC17xx.s

SysTick_Handler 0000014A

Symbol: SysTick_Handler
   Definitions
      At line 350 in file RTE\Device\LPC1768\startup_LPC17xx.s
   Uses
      At line 74 in file RTE\Device\LPC1768\startup_LPC17xx.s
      At line 351 in file RTE\Device\LPC1768\startup_LPC17xx.s

TIMER0_IRQHandler 0000014C

Symbol: TIMER0_IRQHandler
   Definitions
      At line 394 in file RTE\Device\LPC1768\startup_LPC17xx.s
   Uses
      At line 78 in file RTE\Device\LPC1768\startup_LPC17xx.s
      At line 358 in file RTE\Device\LPC1768\startup_LPC17xx.s

TIMER1_IRQHandler 0000014C

Symbol: TIMER1_IRQHandler
   Definitions
      At line 395 in file RTE\Device\LPC1768\startup_LPC17xx.s
   Uses
      At line 79 in file RTE\Device\LPC1768\startup_LPC17xx.s
      At line 359 in file RTE\Device\LPC1768\startup_LPC17xx.s

TIMER2_IRQHandler 0000014C

Symbol: TIMER2_IRQHandler
   Definitions
      At line 396 in file RTE\Device\LPC1768\startup_LPC17xx.s
   Uses
      At line 80 in file RTE\Device\LPC1768\startup_LPC17xx.s
      At line 360 in file RTE\Device\LPC1768\startup_LPC17xx.s

TIMER3_IRQHandler 0000014C

Symbol: TIMER3_IRQHandler
   Definitions
      At line 397 in file RTE\Device\LPC1768\startup_LPC17xx.s
   Uses
      At line 81 in file RTE\Device\LPC1768\startup_LPC17xx.s
      At line 361 in file RTE\Device\LPC1768\startup_LPC17xx.s

UART0_IRQHandler 0000014C

Symbol: UART0_IRQHandler
   Definitions
      At line 398 in file RTE\Device\LPC1768\startup_LPC17xx.s



ARM Macro Assembler    Page 7 Alphabetic symbol ordering
Relocatable symbols

   Uses
      At line 82 in file RTE\Device\LPC1768\startup_LPC17xx.s
      At line 362 in file RTE\Device\LPC1768\startup_LPC17xx.s

UART1_IRQHandler 0000014C

Symbol: UART1_IRQHandler
   Definitions
      At line 399 in file RTE\Device\LPC1768\startup_LPC17xx.s
   Uses
      At line 83 in file RTE\Device\LPC1768\startup_LPC17xx.s
      At line 363 in file RTE\Device\LPC1768\startup_LPC17xx.s

UART2_IRQHandler 0000014C

Symbol: UART2_IRQHandler
   Definitions
      At line 400 in file RTE\Device\LPC1768\startup_LPC17xx.s
   Uses
      At line 84 in file RTE\Device\LPC1768\startup_LPC17xx.s
      At line 364 in file RTE\Device\LPC1768\startup_LPC17xx.s

UART3_IRQHandler 0000014C

Symbol: UART3_IRQHandler
   Definitions
      At line 401 in file RTE\Device\LPC1768\startup_LPC17xx.s
   Uses
      At line 85 in file RTE\Device\LPC1768\startup_LPC17xx.s
      At line 365 in file RTE\Device\LPC1768\startup_LPC17xx.s

USBActivity_IRQHandler 0000014C

Symbol: USBActivity_IRQHandler
   Definitions
      At line 426 in file RTE\Device\LPC1768\startup_LPC17xx.s
   Uses
      At line 110 in file RTE\Device\LPC1768\startup_LPC17xx.s
      At line 390 in file RTE\Device\LPC1768\startup_LPC17xx.s

USB_IRQHandler 0000014C

Symbol: USB_IRQHandler
   Definitions
      At line 417 in file RTE\Device\LPC1768\startup_LPC17xx.s
   Uses
      At line 101 in file RTE\Device\LPC1768\startup_LPC17xx.s
      At line 381 in file RTE\Device\LPC1768\startup_LPC17xx.s

UsageFault_Handler 000000D8

Symbol: UsageFault_Handler
   Definitions
      At line 293 in file RTE\Device\LPC1768\startup_LPC17xx.s
   Uses
      At line 65 in file RTE\Device\LPC1768\startup_LPC17xx.s
      At line 294 in file RTE\Device\LPC1768\startup_LPC17xx.s

WDT_IRQHandler 0000014C



ARM Macro Assembler    Page 8 Alphabetic symbol ordering
Relocatable symbols


Symbol: WDT_IRQHandler
   Definitions
      At line 393 in file RTE\Device\LPC1768\startup_LPC17xx.s
   Uses
      At line 77 in file RTE\Device\LPC1768\startup_LPC17xx.s
      At line 357 in file RTE\Device\LPC1768\startup_LPC17xx.s

__user_initial_stackheap 00000150

Symbol: __user_initial_stackheap
   Definitions
      At line 449 in file RTE\Device\LPC1768\startup_LPC17xx.s
   Uses
      At line 448 in file RTE\Device\LPC1768\startup_LPC17xx.s
Comment: __user_initial_stackheap used once
endSVC_Handler 00000144

Symbol: endSVC_Handler
   Definitions
      At line 339 in file RTE\Device\LPC1768\startup_LPC17xx.s
   Uses
      At line 311 in file RTE\Device\LPC1768\startup_LPC17xx.s
      At line 323 in file RTE\Device\LPC1768\startup_LPC17xx.s
      At line 338 in file RTE\Device\LPC1768\startup_LPC17xx.s

mySMUAD 00000088

Symbol: mySMUAD
   Definitions
      At line 234 in file RTE\Device\LPC1768\startup_LPC17xx.s
   Uses
      At line 235 in file RTE\Device\LPC1768\startup_LPC17xx.s
Comment: mySMUAD used once
mySMUSD 000000AA

Symbol: mySMUSD
   Definitions
      At line 248 in file RTE\Device\LPC1768\startup_LPC17xx.s
   Uses
      At line 249 in file RTE\Device\LPC1768\startup_LPC17xx.s
Comment: mySMUSD used once
myUADD8 00000004

Symbol: myUADD8
   Definitions
      At line 183 in file RTE\Device\LPC1768\startup_LPC17xx.s
   Uses
      At line 184 in file RTE\Device\LPC1768\startup_LPC17xx.s
Comment: myUADD8 used once
myUSAD8 00000058

Symbol: myUSAD8
   Definitions
      At line 214 in file RTE\Device\LPC1768\startup_LPC17xx.s
   Uses
      At line 215 in file RTE\Device\LPC1768\startup_LPC17xx.s
Comment: myUSAD8 used once
smuadSVC_Handler 000000F8



ARM Macro Assembler    Page 9 Alphabetic symbol ordering
Relocatable symbols


Symbol: smuadSVC_Handler
   Definitions
      At line 312 in file RTE\Device\LPC1768\startup_LPC17xx.s
   Uses
      At line 308 in file RTE\Device\LPC1768\startup_LPC17xx.s
Comment: smuadSVC_Handler used once
smusdSVC_Handler 0000011C

Symbol: smusdSVC_Handler
   Definitions
      At line 324 in file RTE\Device\LPC1768\startup_LPC17xx.s
   Uses
      At line 310 in file RTE\Device\LPC1768\startup_LPC17xx.s
Comment: smusdSVC_Handler used once
subtracLoop 0000005C

Symbol: subtracLoop
   Definitions
      At line 217 in file RTE\Device\LPC1768\startup_LPC17xx.s
   Uses
      At line 227 in file RTE\Device\LPC1768\startup_LPC17xx.s
Comment: subtracLoop used once
56 symbols



ARM Macro Assembler    Page 1 Alphabetic symbol ordering
Absolute symbols

Heap_Size 00000000

Symbol: Heap_Size
   Definitions
      At line 42 in file RTE\Device\LPC1768\startup_LPC17xx.s
   Uses
      At line 46 in file RTE\Device\LPC1768\startup_LPC17xx.s
      At line 453 in file RTE\Device\LPC1768\startup_LPC17xx.s

Stack_Size 00000200

Symbol: Stack_Size
   Definitions
      At line 31 in file RTE\Device\LPC1768\startup_LPC17xx.s
   Uses
      At line 34 in file RTE\Device\LPC1768\startup_LPC17xx.s
      At line 452 in file RTE\Device\LPC1768\startup_LPC17xx.s

2 symbols



ARM Macro Assembler    Page 1 Alphabetic symbol ordering
External symbols

__main 00000000

Symbol: __main
   Definitions
      At line 176 in file RTE\Device\LPC1768\startup_LPC17xx.s
   Uses
      At line 177 in file RTE\Device\LPC1768\startup_LPC17xx.s
Comment: __main used once
__use_two_region_memory 00000000

Symbol: __use_two_region_memory
   Definitions
      At line 447 in file RTE\Device\LPC1768\startup_LPC17xx.s
   Uses
      None
Comment: __use_two_region_memory unused
2 symbols
413 symbols in table
