


ARM Macro Assembler    Page 1 


    1 00000000         ;/******************************************************
                       ********************//**
    2 00000000         ; * @file     startup_LPC17xx.s
    3 00000000         ; * @brief    CMSIS Cortex-M3 Core Device Startup File f
                       or
    4 00000000         ; *           NXP LPC17xx Device Series
    5 00000000         ; * @version  V1.10
    6 00000000         ; * @date     06. April 2011
    7 00000000         ; *
    8 00000000         ; * @note
    9 00000000         ; * Copyright (C) 2009-2011 ARM Limited. All rights rese
                       rved.
   10 00000000         ; *
   11 00000000         ; * @par
   12 00000000         ; * ARM Limited (ARM) is supplying this software for use
                        with Cortex-M
   13 00000000         ; * processor based microcontrollers.  This file can be 
                       freely distributed
   14 00000000         ; * within development tools that are supporting such AR
                       M based processors.
   15 00000000         ; *
   16 00000000         ; * @par
   17 00000000         ; * THIS SOFTWARE IS PROVIDED "AS IS".  NO WARRANTIES, W
                       HETHER EXPRESS, IMPLIED
   18 00000000         ; * OR STATUTORY, INCLUDING, BUT NOT LIMITED TO, IMPLIED
                        WARRANTIES OF
   19 00000000         ; * MERCHANTABILITY AND FITNESS FOR A PARTICULAR PURPOSE
                        APPLY TO THIS SOFTWARE.
   20 00000000         ; * ARM SHALL NOT, IN ANY CIRCUMSTANCES, BE LIABLE FOR S
                       PECIAL, INCIDENTAL, OR
   21 00000000         ; * CONSEQUENTIAL DAMAGES, FOR ANY REASON WHATSOEVER.
   22 00000000         ; *
   23 00000000         ; ******************************************************
                       ************************/
   24 00000000         
   25 00000000         ; *------- <<< Use Configuration Wizard in Context Menu 
                       >>> ------------------
   26 00000000         
   27 00000000         ; <h> Stack Configuration
   28 00000000         ;   <o> Stack Size (in Bytes) <0x0-0xFFFFFFFF:8>
   29 00000000         ; </h>
   30 00000000         
   31 00000000 00000200 
                       Stack_Size
                               EQU              0x00000200
   32 00000000         
   33 00000000                 AREA             STACK, NOINIT, READWRITE, ALIGN
=3
   34 00000000         Stack_Mem
                               SPACE            Stack_Size
   35 00000200         __initial_sp
   36 00000200         
   37 00000200         
   38 00000200         ; <h> Heap Configuration
   39 00000200         ;   <o>  Heap Size (in Bytes) <0x0-0xFFFFFFFF:8>
   40 00000200         ; </h>
   41 00000200         
   42 00000200 00000000 
                       Heap_Size



ARM Macro Assembler    Page 2 


                               EQU              0x00000000
   43 00000200         
   44 00000200                 AREA             HEAP, NOINIT, READWRITE, ALIGN=
3
   45 00000000         __heap_base
   46 00000000         Heap_Mem
                               SPACE            Heap_Size
   47 00000000         __heap_limit
   48 00000000         
   49 00000000         
   50 00000000                 PRESERVE8
   51 00000000                 THUMB
   52 00000000         
   53 00000000         
   54 00000000         ; Vector Table Mapped to Address 0 at Reset
   55 00000000         
   56 00000000                 AREA             RESET, DATA, READONLY
   57 00000000                 EXPORT           __Vectors
   58 00000000         
   59 00000000 00000000 
                       __Vectors
                               DCD              __initial_sp ; Top of Stack
   60 00000004 00000000        DCD              Reset_Handler ; Reset Handler
   61 00000008 00000000        DCD              NMI_Handler ; NMI Handler
   62 0000000C 00000000        DCD              HardFault_Handler ; Hard Fault 
                                                            Handler
   63 00000010 00000000        DCD              MemManage_Handler 
                                                            ; MPU Fault Handler
                                                            
   64 00000014 00000000        DCD              BusFault_Handler 
                                                            ; Bus Fault Handler
                                                            
   65 00000018 00000000        DCD              UsageFault_Handler ; Usage Faul
                                                            t Handler
   66 0000001C 00000000        DCD              0           ; Reserved
   67 00000020 00000000        DCD              0           ; Reserved
   68 00000024 00000000        DCD              0           ; Reserved
   69 00000028 00000000        DCD              0           ; Reserved
   70 0000002C 00000000        DCD              SVC_Handler ; SVCall Handler
   71 00000030 00000000        DCD              DebugMon_Handler ; Debug Monito
                                                            r Handler
   72 00000034 00000000        DCD              0           ; Reserved
   73 00000038 00000000        DCD              PendSV_Handler ; PendSV Handler
                                                            
   74 0000003C 00000000        DCD              SysTick_Handler 
                                                            ; SysTick Handler
   75 00000040         
   76 00000040         ; External Interrupts
   77 00000040 00000000        DCD              WDT_IRQHandler ; 16: Watchdog T
                                                            imer
   78 00000044 00000000        DCD              TIMER0_IRQHandler ; 17: Timer0
   79 00000048 00000000        DCD              TIMER1_IRQHandler ; 18: Timer1
   80 0000004C 00000000        DCD              TIMER2_IRQHandler ; 19: Timer2
   81 00000050 00000000        DCD              TIMER3_IRQHandler ; 20: Timer3
   82 00000054 00000000        DCD              UART0_IRQHandler ; 21: UART0
   83 00000058 00000000        DCD              UART1_IRQHandler ; 22: UART1
   84 0000005C 00000000        DCD              UART2_IRQHandler ; 23: UART2
   85 00000060 00000000        DCD              UART3_IRQHandler ; 24: UART3
   86 00000064 00000000        DCD              PWM1_IRQHandler ; 25: PWM1



ARM Macro Assembler    Page 3 


   87 00000068 00000000        DCD              I2C0_IRQHandler ; 26: I2C0
   88 0000006C 00000000        DCD              I2C1_IRQHandler ; 27: I2C1
   89 00000070 00000000        DCD              I2C2_IRQHandler ; 28: I2C2
   90 00000074 00000000        DCD              SPI_IRQHandler ; 29: SPI
   91 00000078 00000000        DCD              SSP0_IRQHandler ; 30: SSP0
   92 0000007C 00000000        DCD              SSP1_IRQHandler ; 31: SSP1
   93 00000080 00000000        DCD              PLL0_IRQHandler ; 32: PLL0 Lock
                                                             (Main PLL)
   94 00000084 00000000        DCD              RTC_IRQHandler ; 33: Real Time 
                                                            Clock
   95 00000088 00000000        DCD              EINT0_IRQHandler ; 34: External
                                                             Interrupt 0
   96 0000008C 00000000        DCD              EINT1_IRQHandler ; 35: External
                                                             Interrupt 1
   97 00000090 00000000        DCD              EINT2_IRQHandler ; 36: External
                                                             Interrupt 2
   98 00000094 00000000        DCD              EINT3_IRQHandler ; 37: External
                                                             Interrupt 3
   99 00000098 00000000        DCD              ADC_IRQHandler 
                                                            ; 38: A/D Converter
                                                            
  100 0000009C 00000000        DCD              BOD_IRQHandler ; 39: Brown-Out 
                                                            Detect
  101 000000A0 00000000        DCD              USB_IRQHandler ; 40: USB
  102 000000A4 00000000        DCD              CAN_IRQHandler ; 41: CAN
  103 000000A8 00000000        DCD              DMA_IRQHandler ; 42: General Pu
                                                            rpose DMA
  104 000000AC 00000000        DCD              I2S_IRQHandler ; 43: I2S
  105 000000B0 00000000        DCD              ENET_IRQHandler ; 44: Ethernet
  106 000000B4 00000000        DCD              RIT_IRQHandler ; 45: Repetitive
                                                             Interrupt Timer
  107 000000B8 00000000        DCD              MCPWM_IRQHandler ; 46: Motor Co
                                                            ntrol PWM
  108 000000BC 00000000        DCD              QEI_IRQHandler ; 47: Quadrature
                                                             Encoder Interface
  109 000000C0 00000000        DCD              PLL1_IRQHandler ; 48: PLL1 Lock
                                                             (USB PLL)
  110 000000C4 00000000        DCD              USBActivity_IRQHandler ; 49: US
                                                            B Activity interrup
                                                            t to wakeup
  111 000000C8 00000000        DCD              CANActivity_IRQHandler ; 50: CA
                                                            N Activity interrup
                                                            t to wakeup
  112 000000CC         
  113 000000CC         
  114 000000CC                 IF               :LNOT::DEF:NO_CRP
  115 000000CC                 AREA             |.ARM.__at_0x02FC|, CODE, READO
NLY
  116 00000000 FFFFFFFF 
                       CRP_Key DCD              0xFFFFFFFF
  117 00000004                 ENDIF
  118 00000004         
  119 00000004                 AREA             entries, DATA, READONLY
  120 00000000 00000004 
                       N       EQU              4
  121 00000000 00000007 
                       M       EQU              7
  122 00000000 00000005 
                       P       EQU              5



ARM Macro Assembler    Page 4 


  123 00000000 00000BB8 
              000036B0 
              FFFFC568 
              00002328 
              00006590 
              FFFF30F8 
              00001388 
              00015BA8 
              00013498 
              00000BB8 
              000059D8 
              00014820 
              FFFFE890 
              FFFF8AD0 
              0000A7F8 
              FFFFF448 
              00014438 
              00006978 
              FFFFDCD8 
              0000C350 
              00006D60 
              FFFEA840 
              0000A028 
              00017AE8 
              FFFE6DA8 
              00010D88 
              00009858 
              FFFFDCD8 matA    DCD              0x00000BB8, 0x000036B0, 0xFFFFC
568, 0x00002328, 0x00006590, 0xFFFF30F8, 0x00001388, 0x00015BA8, 0x00013498, 0x
00000BB8, 0x000059D8, 0x00014820, 0xFFFFE890, 0xFFFF8AD0, 0x0000A7F8, 0xFFFFF44
8, 0x00014438, 0x00006978, 0xFFFFDCD8, 0x0000C350, 0x00006D60, 0xFFFEA840, 0x00
00A028, 0x00017AE8, 0xFFFE6DA8, 0x00010D88, 0x00009858, 0xFFFFDCD8
  124 00000070 00009088 
              FFFE7578 
              00000000 
              0000E290 
              FFFFB1E0 
              00002328 
              00012110 
              00016F30 
              FFFFF060 
              0000E678 
              FFFFA628 
              00015F90 
              FFFECF50 
              00003E80 
              FFFFF060 
              00000000 
              FFFF0DD0 
              00014FF0 
              00004E20 
              00015BA8 
              00002328 
              00014FF0 
              00006D60 
              00000000 
              FFFF7B30 
              00014050 
              00001388 



ARM Macro Assembler    Page 5 


              000084D0 
              FFFFADF8 
              000003E8 
              00011170 
              FFFEFA48 
              00002328 
              00014050 
              000036B0 matB    DCD              0x00009088, 0xFFFE7578, 0x00000
000, 0x0000E290, 0xFFFFB1E0, 0x00002328, 0x00012110, 0x00016F30, 0xFFFFF060, 0x
0000E678, 0xFFFFA628, 0x00015F90, 0xFFFECF50, 0x00003E80, 0xFFFFF060, 0x0000000
0, 0xFFFF0DD0, 0x00014FF0, 0x00004E20, 0x00015BA8, 0x00002328, 0x00014FF0, 0x00
006D60, 0x00000000, 0xFFFF7B30, 0x00014050, 0x00001388, 0x000084D0, 0xFFFFADF8,
 0x000003E8, 0x00011170, 0xFFFEFA48, 0x00002328, 0x00014050, 0x000036B0
  125 000000FC         
  126 000000FC                 AREA             result, DATA, READWRITE
  127 00000000 00 00 00 
              00 00 00 
              00 00 00 
              00 00 00 
              00 00 00 
              00 00 00 
              00 00 00 
              00 00 00 
              00 00 00 
              00 00 00 
              00 00 00 
              00 00 00 
              00 00 00 
              00 00 00 
              00 00 00 
              00 00 00 
              00 00 00 
              00 00 00 
              00 00 00 
              00 00 00 
              00 00 00 
              00 00 00 
              00 00 00 
              00 00 00 
              00 00 00 
              00 00 00 
              00 00 00 
              00 00 00 
              00 00 00 
              00 00 00 
              00 00 00 
              00 00 00 
              00 00 00 
              00 00 00 
              00 00 00 
              00 00 00 
              00 00 00 
              00 00 00 
              00 00 00 
              00 00 00 
              00 00 00 
              00 00 00 
              00 00 00 
              00 00 00 



ARM Macro Assembler    Page 6 


              00 00 00 
              00 00 00 
              00 00 00 
              00 00 00 
              00 00 00 
              00 00 00 
              00 00 00 
              00 00 00 
              00 00 00 
              00 00 00 
              00 00 00 
              00 00 00 
              00 00 00 
              00 00 00 
              00 00 00 
              00 00 00 
              00 00 00 
              00 00 00 
              00 00 00 
              00 00 00 
              00 00 00 
              00 00 00 
              00 00 00 
              00 00 00 
              00 00 00 
              00 00 00 
              00 00 00 
              00 00 00 
              00 00 00 
              00 00 00 
              00 00 00 
              00 00 00 
              00 00 00 
              00 00 00 
              00 00 00 
              00 00 00 
              00 00 00 
              00 00 00 
              00 00 00 
              00 00 00 
              00 00 00 
              00 00 00 
              00 00 00 
              00 00 00 
              00 00 00 
              00 00 00 
              00 00 00 
              00 00 00 
              00 00 00 
              00 00 00 
              00 00 00 
              00 00 00 
              00 00 00 
              00 00 00 
              00 00 00 
              00 00 00 
              00 00 00 
              00 00 00 
              00 00 00 



ARM Macro Assembler    Page 7 


              00 00 00 
              00 00 00 
              00 00 00 
              00 00    matC    SPACE            16*N*P
  128 00000140         
  129 00000140                 AREA             |.text|, CODE, READONLY
  130 00000000         
  131 00000000         ; Reset Handler
  132 00000000         
  133 00000000         Reset_Handler
                               PROC
  134 00000000                 EXPORT           Reset_Handler             [WEAK
]
  135 00000000         ; --------------------------------------- EX 1 ---------
                       ------------------------------                
  136 00000000 F04F 0004       LDR              r0, =N
  137 00000004 F04F 0105       LDR              r1, =P
  138 00000008 F04F 0207       LDR              r2, =M
  139 0000000C 4B3E            LDR              r3, =matA
  140 0000000E 4C3F            LDR              r4, =matB
  141 00000010 4D3F            LDR              r5, =matC
  142 00000012         
  143 00000012 B401            PUSH             {r0}
  144 00000014 F04F 0000       MOV              r0, #0
  145 00000018         loopN
  146 00000018 B402            PUSH             {r1}
  147 0000001A F04F 0904       MOV              r9, #4
  148 0000001E FB02 F609       MUL              r6, r2, r9
  149 00000022 FB00 F606       MUL              r6, r0, r6
  150 00000026 4433            ADD              r3, r3, r6
  151 00000028         loopP
  152 00000028 B404            PUSH             {r2}
  153 0000002A F1A1 0101       SUB              r1, r1, #1
  154 0000002E         loopM
  155 0000002E F1A2 0201       SUB              r2, r2, #1
  156 00000032 F853 6B04       LDR              r6, [r3], #4
  157 00000036 F854 7B14       LDR              r7, [r4], #20
  158 0000003A FB86 6707       SMULL            r6, r7, r6, r7
  159 0000003E EB16 0808       ADDS             r8, r6, r8  ; adding the least 
                                                            significant words
  160 00000042 EB47 0A0A       ADC              r10, r7, r10 ; adding the most 
                                                            significant words
  161 00000046 2A00            CMP              r2, #0
  162 00000048 D1F1            BNE              loopM
  163 0000004A D01F            BEQ              checkOverflow
  164 0000004C         endLoopM
  165 0000004C F04F 0800       MOV              r8, #0
  166 00000050 F04F 0A00       MOV              r10, #0
  167 00000054 BC04            POP              {r2}
  168 00000056 4B2C            LDR              r3, =matA
  169 00000058 F04F 0904       MOV              r9, #4
  170 0000005C FB02 F609       MUL              r6, r2, r9
  171 00000060 FB00 F606       MUL              r6, r0, r6
  172 00000064 4433            ADD              r3, r3, r6
  173 00000066 F1A4 0488       SUB              r4, r4, #136
  174 0000006A 2900            CMP              r1, #0
  175 0000006C D1DC            BNE              loopP
  176 0000006E D0FF            BEQ              endLoopP
  177 00000070         endLoopP



ARM Macro Assembler    Page 8 


  178 00000070 BC02            POP{r1}
  179 00000072 4C26            LDR              r4, =matB
  180 00000074 F85D 9B04       POP{r9}
  181 00000078 F100 0001       ADD              r0, r0, #1
  182 0000007C 4548            CMP              r0, r9
  183 0000007E D100            BNE              endLoopN
  184 00000080 D003            BEQ              stop
  185 00000082         endLoopN
  186 00000082 F84D 9D04       PUSH             {r9}
  187 00000086 4B20            LDR              r3, =matA
  188 00000088 E7C6            B                loopN
  189 0000008A E7FE    stop    B                stop
  190 0000008C         checkOverflow
  191 0000008C F09A 3FFF       TEQ              r10, #0xFFFFFFFF
  192 00000090 D00D            BEQ              lsbNegCheck
  193 00000092 F09A 0F00       TEQ              r10, #0x00000000
  194 00000096 D000            BEQ              lsbPosCheck
  195 00000098 E013            B                msbCheck
  196 0000009A         lsbPosCheck
  197 0000009A EA4F 7AD8       LSR              r10, r8, #31
  198 0000009E F1BA 0F00       CMP              r10, #0
  199 000000A2 D01C            BEQ              saveLSB
  200 000000A4 F06F 4800       MOV              r8, #0x7FFFFFFF
  201 000000A8 F845 8B04       STR              r8, [r5], #4
  202 000000AC E7CE            B                endLoopM
  203 000000AE         lsbNegCheck
  204 000000AE EA4F 7AD8       LSR              r10, r8, #31
  205 000000B2 F1BA 0F01       CMP              r10, #1
  206 000000B6 D012            BEQ              saveLSB
  207 000000B8 F04F 4800       MOV              r8, #0x80000000
  208 000000BC F845 8B04       STR              r8, [r5], #4
  209 000000C0 E7C4            B                endLoopM
  210 000000C2         msbCheck
  211 000000C2 EA4F 7ADA       LSR              r10, r10, #31
  212 000000C6 F1BA 0F00       CMP              r10, #0
  213 000000CA BF07            ITTEE            EQ
  214 000000CC F06F 4800       MOVEQ            r8, #0x7FFFFFFF
  215 000000D0 F845 8B04       STREQ            r8, [r5], #4
  216 000000D4 F04F 4800       MOVNE            r8, #0x80000000
  217 000000D8 F845 8B04       STRNE            r8, [r5], #4
  218 000000DC E7B6            B                endLoopM
  219 000000DE         saveLSB
  220 000000DE F845 8B04       STR              r8, [r5], #4
  221 000000E2 E7B3            B                endLoopM
  222 000000E4         ; ---------------------------------- END OF PROGRAM ----
                       ------------------------------     
  223 000000E4                 IMPORT           SystemInit
  224 000000E4         ;IMPORT  __main
  225 000000E4 480B            LDR              R0, =SystemInit
  226 000000E6 4780            BLX              R0
  227 000000E8         ;LDR     R0, =__main
  228 000000E8         ;BX      R0
  229 000000E8                 ENDP
  230 000000E8         
  231 000000E8         
  232 000000E8         ; Dummy Exception Handlers (infinite loops which can be 
                       modified)
  233 000000E8         
  234 000000E8         NMI_Handler



ARM Macro Assembler    Page 9 


                               PROC
  235 000000E8                 EXPORT           NMI_Handler               [WEAK
]
  236 000000E8 E7FE            B                .
  237 000000EA                 ENDP
  239 000000EA         HardFault_Handler
                               PROC
  240 000000EA                 EXPORT           HardFault_Handler         [WEAK
]
  241 000000EA E7FE            B                .
  242 000000EC                 ENDP
  244 000000EC         MemManage_Handler
                               PROC
  245 000000EC                 EXPORT           MemManage_Handler         [WEAK
]
  246 000000EC E7FE            B                .
  247 000000EE                 ENDP
  249 000000EE         BusFault_Handler
                               PROC
  250 000000EE                 EXPORT           BusFault_Handler          [WEAK
]
  251 000000EE E7FE            B                .
  252 000000F0                 ENDP
  254 000000F0         UsageFault_Handler
                               PROC
  255 000000F0                 EXPORT           UsageFault_Handler        [WEAK
]
  256 000000F0 E7FE            B                .
  257 000000F2                 ENDP
  258 000000F2         SVC_Handler
                               PROC
  259 000000F2                 EXPORT           SVC_Handler               [WEAK
]
  260 000000F2 E7FE            B                .
  261 000000F4                 ENDP
  263 000000F4         DebugMon_Handler
                               PROC
  264 000000F4                 EXPORT           DebugMon_Handler          [WEAK
]
  265 000000F4 E7FE            B                .
  266 000000F6                 ENDP
  267 000000F6         PendSV_Handler
                               PROC
  268 000000F6                 EXPORT           PendSV_Handler            [WEAK
]
  269 000000F6 E7FE            B                .
  270 000000F8                 ENDP
  271 000000F8         SysTick_Handler
                               PROC
  272 000000F8                 EXPORT           SysTick_Handler           [WEAK
]
  273 000000F8 E7FE            B                .
  274 000000FA                 ENDP
  275 000000FA         
  276 000000FA         Default_Handler
                               PROC
  277 000000FA         
  278 000000FA                 EXPORT           WDT_IRQHandler            [WEAK
]



ARM Macro Assembler    Page 10 


  279 000000FA                 EXPORT           TIMER0_IRQHandler         [WEAK
]
  280 000000FA                 EXPORT           TIMER1_IRQHandler         [WEAK
]
  281 000000FA                 EXPORT           TIMER2_IRQHandler         [WEAK
]
  282 000000FA                 EXPORT           TIMER3_IRQHandler         [WEAK
]
  283 000000FA                 EXPORT           UART0_IRQHandler          [WEAK
]
  284 000000FA                 EXPORT           UART1_IRQHandler          [WEAK
]
  285 000000FA                 EXPORT           UART2_IRQHandler          [WEAK
]
  286 000000FA                 EXPORT           UART3_IRQHandler          [WEAK
]
  287 000000FA                 EXPORT           PWM1_IRQHandler           [WEAK
]
  288 000000FA                 EXPORT           I2C0_IRQHandler           [WEAK
]
  289 000000FA                 EXPORT           I2C1_IRQHandler           [WEAK
]
  290 000000FA                 EXPORT           I2C2_IRQHandler           [WEAK
]
  291 000000FA                 EXPORT           SPI_IRQHandler            [WEAK
]
  292 000000FA                 EXPORT           SSP0_IRQHandler           [WEAK
]
  293 000000FA                 EXPORT           SSP1_IRQHandler           [WEAK
]
  294 000000FA                 EXPORT           PLL0_IRQHandler           [WEAK
]
  295 000000FA                 EXPORT           RTC_IRQHandler            [WEAK
]
  296 000000FA                 EXPORT           EINT0_IRQHandler          [WEAK
]
  297 000000FA                 EXPORT           EINT1_IRQHandler          [WEAK
]
  298 000000FA                 EXPORT           EINT2_IRQHandler          [WEAK
]
  299 000000FA                 EXPORT           EINT3_IRQHandler          [WEAK
]
  300 000000FA                 EXPORT           ADC_IRQHandler            [WEAK
]
  301 000000FA                 EXPORT           BOD_IRQHandler            [WEAK
]
  302 000000FA                 EXPORT           USB_IRQHandler            [WEAK
]
  303 000000FA                 EXPORT           CAN_IRQHandler            [WEAK
]
  304 000000FA                 EXPORT           DMA_IRQHandler            [WEAK
]
  305 000000FA                 EXPORT           I2S_IRQHandler            [WEAK
]
  306 000000FA                 EXPORT           ENET_IRQHandler           [WEAK
]
  307 000000FA                 EXPORT           RIT_IRQHandler            [WEAK
]
  308 000000FA                 EXPORT           MCPWM_IRQHandler          [WEAK



ARM Macro Assembler    Page 11 


]
  309 000000FA                 EXPORT           QEI_IRQHandler            [WEAK
]
  310 000000FA                 EXPORT           PLL1_IRQHandler           [WEAK
]
  311 000000FA                 EXPORT           USBActivity_IRQHandler    [WEAK
]
  312 000000FA                 EXPORT           CANActivity_IRQHandler    [WEAK
]
  313 000000FA         
  314 000000FA         WDT_IRQHandler
  315 000000FA         TIMER0_IRQHandler
  316 000000FA         TIMER1_IRQHandler
  317 000000FA         TIMER2_IRQHandler
  318 000000FA         TIMER3_IRQHandler
  319 000000FA         UART0_IRQHandler
  320 000000FA         UART1_IRQHandler
  321 000000FA         UART2_IRQHandler
  322 000000FA         UART3_IRQHandler
  323 000000FA         PWM1_IRQHandler
  324 000000FA         I2C0_IRQHandler
  325 000000FA         I2C1_IRQHandler
  326 000000FA         I2C2_IRQHandler
  327 000000FA         SPI_IRQHandler
  328 000000FA         SSP0_IRQHandler
  329 000000FA         SSP1_IRQHandler
  330 000000FA         PLL0_IRQHandler
  331 000000FA         RTC_IRQHandler
  332 000000FA         EINT0_IRQHandler
  333 000000FA         EINT1_IRQHandler
  334 000000FA         EINT2_IRQHandler
  335 000000FA         EINT3_IRQHandler
  336 000000FA         ADC_IRQHandler
  337 000000FA         BOD_IRQHandler
  338 000000FA         USB_IRQHandler
  339 000000FA         CAN_IRQHandler
  340 000000FA         DMA_IRQHandler
  341 000000FA         I2S_IRQHandler
  342 000000FA         ENET_IRQHandler
  343 000000FA         RIT_IRQHandler
  344 000000FA         MCPWM_IRQHandler
  345 000000FA         QEI_IRQHandler
  346 000000FA         PLL1_IRQHandler
  347 000000FA         USBActivity_IRQHandler
  348 000000FA         CANActivity_IRQHandler
  349 000000FA         
  350 000000FA E7FE            B                .
  351 000000FC         
  352 000000FC                 ENDP
  353 000000FC         
  354 000000FC         
  355 000000FC                 ALIGN
  356 000000FC         
  357 000000FC         
  358 000000FC         ; User Initial Stack & Heap
  359 000000FC         
  360 000000FC                 IF               :DEF:__MICROLIB
  367 000000FC         
  368 000000FC                 IMPORT           __use_two_region_memory



ARM Macro Assembler    Page 12 


  369 000000FC                 EXPORT           __user_initial_stackheap
  370 000000FC         __user_initial_stackheap
  371 000000FC         
  372 000000FC 4806            LDR              R0, =  Heap_Mem
  373 000000FE 4907            LDR              R1, =(Stack_Mem + Stack_Size)
  374 00000100 4A05            LDR              R2, = (Heap_Mem +  Heap_Size)
  375 00000102 4B07            LDR              R3, = Stack_Mem
  376 00000104 4770            BX               LR
  377 00000106         
  378 00000106 00 00           ALIGN
  379 00000108         
  380 00000108                 ENDIF
  381 00000108         
  382 00000108         
  383 00000108                 END
              00000000 
              00000000 
              00000000 
              00000000 
              00000000 
              00000200 
              00000000 
Command Line: --debug --xref --diag_suppress=9931 --cpu=Cortex-M3 --apcs=interw
ork --depend=.\objects\startup_lpc17xx.d -o.\objects\startup_lpc17xx.o -I.\RTE\
Device\LPC1768 -I.\RTE\_Target_1 -IC:\Users\gabriel.ganzer\AppData\Local\Arm\Pa
cks\ARM\CMSIS\5.6.0\CMSIS\Core\Include -IC:\Users\gabriel.ganzer\AppData\Local\
Arm\Packs\ARM\CMSIS\5.6.0\CMSIS\DSP\Include -IC:\Users\gabriel.ganzer\AppData\L
ocal\Arm\Packs\ARM\CMSIS\5.6.0\CMSIS\NN\Include -IC:\Users\gabriel.ganzer\AppDa
ta\Local\Arm\Packs\Keil\LPC1700_DFP\2.6.0\Device\Include --predefine="__EVAL SE
TA 1" --predefine="__UVISION_VERSION SETA 528" --predefine="_RTE_ SETA 1" --pre
define="LPC175x_6x SETA 1" --list=.\listings\startup_lpc17xx.lst RTE\Device\LPC
1768\startup_LPC17xx.s



ARM Macro Assembler    Page 1 Alphabetic symbol ordering
Relocatable symbols

STACK 00000000

Symbol: STACK
   Definitions
      At line 33 in file RTE\Device\LPC1768\startup_LPC17xx.s
   Uses
      None
Comment: STACK unused
Stack_Mem 00000000

Symbol: Stack_Mem
   Definitions
      At line 34 in file RTE\Device\LPC1768\startup_LPC17xx.s
   Uses
      At line 373 in file RTE\Device\LPC1768\startup_LPC17xx.s
      At line 375 in file RTE\Device\LPC1768\startup_LPC17xx.s

__initial_sp 00000200

Symbol: __initial_sp
   Definitions
      At line 35 in file RTE\Device\LPC1768\startup_LPC17xx.s
   Uses
      At line 59 in file RTE\Device\LPC1768\startup_LPC17xx.s
Comment: __initial_sp used once
3 symbols



ARM Macro Assembler    Page 1 Alphabetic symbol ordering
Relocatable symbols

HEAP 00000000

Symbol: HEAP
   Definitions
      At line 44 in file RTE\Device\LPC1768\startup_LPC17xx.s
   Uses
      None
Comment: HEAP unused
Heap_Mem 00000000

Symbol: Heap_Mem
   Definitions
      At line 46 in file RTE\Device\LPC1768\startup_LPC17xx.s
   Uses
      At line 372 in file RTE\Device\LPC1768\startup_LPC17xx.s
      At line 374 in file RTE\Device\LPC1768\startup_LPC17xx.s

__heap_base 00000000

Symbol: __heap_base
   Definitions
      At line 45 in file RTE\Device\LPC1768\startup_LPC17xx.s
   Uses
      None
Comment: __heap_base unused
__heap_limit 00000000

Symbol: __heap_limit
   Definitions
      At line 47 in file RTE\Device\LPC1768\startup_LPC17xx.s
   Uses
      None
Comment: __heap_limit unused
4 symbols



ARM Macro Assembler    Page 1 Alphabetic symbol ordering
Relocatable symbols

RESET 00000000

Symbol: RESET
   Definitions
      At line 56 in file RTE\Device\LPC1768\startup_LPC17xx.s
   Uses
      None
Comment: RESET unused
__Vectors 00000000

Symbol: __Vectors
   Definitions
      At line 59 in file RTE\Device\LPC1768\startup_LPC17xx.s
   Uses
      At line 57 in file RTE\Device\LPC1768\startup_LPC17xx.s
Comment: __Vectors used once
2 symbols



ARM Macro Assembler    Page 1 Alphabetic symbol ordering
Relocatable symbols

.ARM.__at_0x02FC 00000000

Symbol: .ARM.__at_0x02FC
   Definitions
      At line 115 in file RTE\Device\LPC1768\startup_LPC17xx.s
   Uses
      None
Comment: .ARM.__at_0x02FC unused
CRP_Key 00000000

Symbol: CRP_Key
   Definitions
      At line 116 in file RTE\Device\LPC1768\startup_LPC17xx.s
   Uses
      None
Comment: CRP_Key unused
2 symbols



ARM Macro Assembler    Page 1 Alphabetic symbol ordering
Relocatable symbols

entries 00000000

Symbol: entries
   Definitions
      At line 119 in file RTE\Device\LPC1768\startup_LPC17xx.s
   Uses
      None
Comment: entries unused
matA 00000000

Symbol: matA
   Definitions
      At line 123 in file RTE\Device\LPC1768\startup_LPC17xx.s
   Uses
      At line 139 in file RTE\Device\LPC1768\startup_LPC17xx.s
      At line 168 in file RTE\Device\LPC1768\startup_LPC17xx.s
      At line 187 in file RTE\Device\LPC1768\startup_LPC17xx.s

matB 00000070

Symbol: matB
   Definitions
      At line 124 in file RTE\Device\LPC1768\startup_LPC17xx.s
   Uses
      At line 140 in file RTE\Device\LPC1768\startup_LPC17xx.s
      At line 179 in file RTE\Device\LPC1768\startup_LPC17xx.s

3 symbols



ARM Macro Assembler    Page 1 Alphabetic symbol ordering
Relocatable symbols

matC 00000000

Symbol: matC
   Definitions
      At line 127 in file RTE\Device\LPC1768\startup_LPC17xx.s
   Uses
      At line 141 in file RTE\Device\LPC1768\startup_LPC17xx.s
Comment: matC used once
result 00000000

Symbol: result
   Definitions
      At line 126 in file RTE\Device\LPC1768\startup_LPC17xx.s
   Uses
      None
Comment: result unused
2 symbols



ARM Macro Assembler    Page 1 Alphabetic symbol ordering
Relocatable symbols

.text 00000000

Symbol: .text
   Definitions
      At line 129 in file RTE\Device\LPC1768\startup_LPC17xx.s
   Uses
      None
Comment: .text unused
ADC_IRQHandler 000000FA

Symbol: ADC_IRQHandler
   Definitions
      At line 336 in file RTE\Device\LPC1768\startup_LPC17xx.s
   Uses
      At line 99 in file RTE\Device\LPC1768\startup_LPC17xx.s
      At line 300 in file RTE\Device\LPC1768\startup_LPC17xx.s

BOD_IRQHandler 000000FA

Symbol: BOD_IRQHandler
   Definitions
      At line 337 in file RTE\Device\LPC1768\startup_LPC17xx.s
   Uses
      At line 100 in file RTE\Device\LPC1768\startup_LPC17xx.s
      At line 301 in file RTE\Device\LPC1768\startup_LPC17xx.s

BusFault_Handler 000000EE

Symbol: BusFault_Handler
   Definitions
      At line 249 in file RTE\Device\LPC1768\startup_LPC17xx.s
   Uses
      At line 64 in file RTE\Device\LPC1768\startup_LPC17xx.s
      At line 250 in file RTE\Device\LPC1768\startup_LPC17xx.s

CANActivity_IRQHandler 000000FA

Symbol: CANActivity_IRQHandler
   Definitions
      At line 348 in file RTE\Device\LPC1768\startup_LPC17xx.s
   Uses
      At line 111 in file RTE\Device\LPC1768\startup_LPC17xx.s
      At line 312 in file RTE\Device\LPC1768\startup_LPC17xx.s

CAN_IRQHandler 000000FA

Symbol: CAN_IRQHandler
   Definitions
      At line 339 in file RTE\Device\LPC1768\startup_LPC17xx.s
   Uses
      At line 102 in file RTE\Device\LPC1768\startup_LPC17xx.s
      At line 303 in file RTE\Device\LPC1768\startup_LPC17xx.s

DMA_IRQHandler 000000FA

Symbol: DMA_IRQHandler
   Definitions
      At line 340 in file RTE\Device\LPC1768\startup_LPC17xx.s
   Uses



ARM Macro Assembler    Page 2 Alphabetic symbol ordering
Relocatable symbols

      At line 103 in file RTE\Device\LPC1768\startup_LPC17xx.s
      At line 304 in file RTE\Device\LPC1768\startup_LPC17xx.s

DebugMon_Handler 000000F4

Symbol: DebugMon_Handler
   Definitions
      At line 263 in file RTE\Device\LPC1768\startup_LPC17xx.s
   Uses
      At line 71 in file RTE\Device\LPC1768\startup_LPC17xx.s
      At line 264 in file RTE\Device\LPC1768\startup_LPC17xx.s

Default_Handler 000000FA

Symbol: Default_Handler
   Definitions
      At line 276 in file RTE\Device\LPC1768\startup_LPC17xx.s
   Uses
      None
Comment: Default_Handler unused
EINT0_IRQHandler 000000FA

Symbol: EINT0_IRQHandler
   Definitions
      At line 332 in file RTE\Device\LPC1768\startup_LPC17xx.s
   Uses
      At line 95 in file RTE\Device\LPC1768\startup_LPC17xx.s
      At line 296 in file RTE\Device\LPC1768\startup_LPC17xx.s

EINT1_IRQHandler 000000FA

Symbol: EINT1_IRQHandler
   Definitions
      At line 333 in file RTE\Device\LPC1768\startup_LPC17xx.s
   Uses
      At line 96 in file RTE\Device\LPC1768\startup_LPC17xx.s
      At line 297 in file RTE\Device\LPC1768\startup_LPC17xx.s

EINT2_IRQHandler 000000FA

Symbol: EINT2_IRQHandler
   Definitions
      At line 334 in file RTE\Device\LPC1768\startup_LPC17xx.s
   Uses
      At line 97 in file RTE\Device\LPC1768\startup_LPC17xx.s
      At line 298 in file RTE\Device\LPC1768\startup_LPC17xx.s

EINT3_IRQHandler 000000FA

Symbol: EINT3_IRQHandler
   Definitions
      At line 335 in file RTE\Device\LPC1768\startup_LPC17xx.s
   Uses
      At line 98 in file RTE\Device\LPC1768\startup_LPC17xx.s
      At line 299 in file RTE\Device\LPC1768\startup_LPC17xx.s

ENET_IRQHandler 000000FA

Symbol: ENET_IRQHandler



ARM Macro Assembler    Page 3 Alphabetic symbol ordering
Relocatable symbols

   Definitions
      At line 342 in file RTE\Device\LPC1768\startup_LPC17xx.s
   Uses
      At line 105 in file RTE\Device\LPC1768\startup_LPC17xx.s
      At line 306 in file RTE\Device\LPC1768\startup_LPC17xx.s

HardFault_Handler 000000EA

Symbol: HardFault_Handler
   Definitions
      At line 239 in file RTE\Device\LPC1768\startup_LPC17xx.s
   Uses
      At line 62 in file RTE\Device\LPC1768\startup_LPC17xx.s
      At line 240 in file RTE\Device\LPC1768\startup_LPC17xx.s

I2C0_IRQHandler 000000FA

Symbol: I2C0_IRQHandler
   Definitions
      At line 324 in file RTE\Device\LPC1768\startup_LPC17xx.s
   Uses
      At line 87 in file RTE\Device\LPC1768\startup_LPC17xx.s
      At line 288 in file RTE\Device\LPC1768\startup_LPC17xx.s

I2C1_IRQHandler 000000FA

Symbol: I2C1_IRQHandler
   Definitions
      At line 325 in file RTE\Device\LPC1768\startup_LPC17xx.s
   Uses
      At line 88 in file RTE\Device\LPC1768\startup_LPC17xx.s
      At line 289 in file RTE\Device\LPC1768\startup_LPC17xx.s

I2C2_IRQHandler 000000FA

Symbol: I2C2_IRQHandler
   Definitions
      At line 326 in file RTE\Device\LPC1768\startup_LPC17xx.s
   Uses
      At line 89 in file RTE\Device\LPC1768\startup_LPC17xx.s
      At line 290 in file RTE\Device\LPC1768\startup_LPC17xx.s

I2S_IRQHandler 000000FA

Symbol: I2S_IRQHandler
   Definitions
      At line 341 in file RTE\Device\LPC1768\startup_LPC17xx.s
   Uses
      At line 104 in file RTE\Device\LPC1768\startup_LPC17xx.s
      At line 305 in file RTE\Device\LPC1768\startup_LPC17xx.s

MCPWM_IRQHandler 000000FA

Symbol: MCPWM_IRQHandler
   Definitions
      At line 344 in file RTE\Device\LPC1768\startup_LPC17xx.s
   Uses
      At line 107 in file RTE\Device\LPC1768\startup_LPC17xx.s
      At line 308 in file RTE\Device\LPC1768\startup_LPC17xx.s



ARM Macro Assembler    Page 4 Alphabetic symbol ordering
Relocatable symbols


MemManage_Handler 000000EC

Symbol: MemManage_Handler
   Definitions
      At line 244 in file RTE\Device\LPC1768\startup_LPC17xx.s
   Uses
      At line 63 in file RTE\Device\LPC1768\startup_LPC17xx.s
      At line 245 in file RTE\Device\LPC1768\startup_LPC17xx.s

NMI_Handler 000000E8

Symbol: NMI_Handler
   Definitions
      At line 234 in file RTE\Device\LPC1768\startup_LPC17xx.s
   Uses
      At line 61 in file RTE\Device\LPC1768\startup_LPC17xx.s
      At line 235 in file RTE\Device\LPC1768\startup_LPC17xx.s

PLL0_IRQHandler 000000FA

Symbol: PLL0_IRQHandler
   Definitions
      At line 330 in file RTE\Device\LPC1768\startup_LPC17xx.s
   Uses
      At line 93 in file RTE\Device\LPC1768\startup_LPC17xx.s
      At line 294 in file RTE\Device\LPC1768\startup_LPC17xx.s

PLL1_IRQHandler 000000FA

Symbol: PLL1_IRQHandler
   Definitions
      At line 346 in file RTE\Device\LPC1768\startup_LPC17xx.s
   Uses
      At line 109 in file RTE\Device\LPC1768\startup_LPC17xx.s
      At line 310 in file RTE\Device\LPC1768\startup_LPC17xx.s

PWM1_IRQHandler 000000FA

Symbol: PWM1_IRQHandler
   Definitions
      At line 323 in file RTE\Device\LPC1768\startup_LPC17xx.s
   Uses
      At line 86 in file RTE\Device\LPC1768\startup_LPC17xx.s
      At line 287 in file RTE\Device\LPC1768\startup_LPC17xx.s

PendSV_Handler 000000F6

Symbol: PendSV_Handler
   Definitions
      At line 267 in file RTE\Device\LPC1768\startup_LPC17xx.s
   Uses
      At line 73 in file RTE\Device\LPC1768\startup_LPC17xx.s
      At line 268 in file RTE\Device\LPC1768\startup_LPC17xx.s

QEI_IRQHandler 000000FA

Symbol: QEI_IRQHandler
   Definitions



ARM Macro Assembler    Page 5 Alphabetic symbol ordering
Relocatable symbols

      At line 345 in file RTE\Device\LPC1768\startup_LPC17xx.s
   Uses
      At line 108 in file RTE\Device\LPC1768\startup_LPC17xx.s
      At line 309 in file RTE\Device\LPC1768\startup_LPC17xx.s

RIT_IRQHandler 000000FA

Symbol: RIT_IRQHandler
   Definitions
      At line 343 in file RTE\Device\LPC1768\startup_LPC17xx.s
   Uses
      At line 106 in file RTE\Device\LPC1768\startup_LPC17xx.s
      At line 307 in file RTE\Device\LPC1768\startup_LPC17xx.s

RTC_IRQHandler 000000FA

Symbol: RTC_IRQHandler
   Definitions
      At line 331 in file RTE\Device\LPC1768\startup_LPC17xx.s
   Uses
      At line 94 in file RTE\Device\LPC1768\startup_LPC17xx.s
      At line 295 in file RTE\Device\LPC1768\startup_LPC17xx.s

Reset_Handler 00000000

Symbol: Reset_Handler
   Definitions
      At line 133 in file RTE\Device\LPC1768\startup_LPC17xx.s
   Uses
      At line 60 in file RTE\Device\LPC1768\startup_LPC17xx.s
      At line 134 in file RTE\Device\LPC1768\startup_LPC17xx.s

SPI_IRQHandler 000000FA

Symbol: SPI_IRQHandler
   Definitions
      At line 327 in file RTE\Device\LPC1768\startup_LPC17xx.s
   Uses
      At line 90 in file RTE\Device\LPC1768\startup_LPC17xx.s
      At line 291 in file RTE\Device\LPC1768\startup_LPC17xx.s

SSP0_IRQHandler 000000FA

Symbol: SSP0_IRQHandler
   Definitions
      At line 328 in file RTE\Device\LPC1768\startup_LPC17xx.s
   Uses
      At line 91 in file RTE\Device\LPC1768\startup_LPC17xx.s
      At line 292 in file RTE\Device\LPC1768\startup_LPC17xx.s

SSP1_IRQHandler 000000FA

Symbol: SSP1_IRQHandler
   Definitions
      At line 329 in file RTE\Device\LPC1768\startup_LPC17xx.s
   Uses
      At line 92 in file RTE\Device\LPC1768\startup_LPC17xx.s
      At line 293 in file RTE\Device\LPC1768\startup_LPC17xx.s




ARM Macro Assembler    Page 6 Alphabetic symbol ordering
Relocatable symbols

SVC_Handler 000000F2

Symbol: SVC_Handler
   Definitions
      At line 258 in file RTE\Device\LPC1768\startup_LPC17xx.s
   Uses
      At line 70 in file RTE\Device\LPC1768\startup_LPC17xx.s
      At line 259 in file RTE\Device\LPC1768\startup_LPC17xx.s

SysTick_Handler 000000F8

Symbol: SysTick_Handler
   Definitions
      At line 271 in file RTE\Device\LPC1768\startup_LPC17xx.s
   Uses
      At line 74 in file RTE\Device\LPC1768\startup_LPC17xx.s
      At line 272 in file RTE\Device\LPC1768\startup_LPC17xx.s

TIMER0_IRQHandler 000000FA

Symbol: TIMER0_IRQHandler
   Definitions
      At line 315 in file RTE\Device\LPC1768\startup_LPC17xx.s
   Uses
      At line 78 in file RTE\Device\LPC1768\startup_LPC17xx.s
      At line 279 in file RTE\Device\LPC1768\startup_LPC17xx.s

TIMER1_IRQHandler 000000FA

Symbol: TIMER1_IRQHandler
   Definitions
      At line 316 in file RTE\Device\LPC1768\startup_LPC17xx.s
   Uses
      At line 79 in file RTE\Device\LPC1768\startup_LPC17xx.s
      At line 280 in file RTE\Device\LPC1768\startup_LPC17xx.s

TIMER2_IRQHandler 000000FA

Symbol: TIMER2_IRQHandler
   Definitions
      At line 317 in file RTE\Device\LPC1768\startup_LPC17xx.s
   Uses
      At line 80 in file RTE\Device\LPC1768\startup_LPC17xx.s
      At line 281 in file RTE\Device\LPC1768\startup_LPC17xx.s

TIMER3_IRQHandler 000000FA

Symbol: TIMER3_IRQHandler
   Definitions
      At line 318 in file RTE\Device\LPC1768\startup_LPC17xx.s
   Uses
      At line 81 in file RTE\Device\LPC1768\startup_LPC17xx.s
      At line 282 in file RTE\Device\LPC1768\startup_LPC17xx.s

UART0_IRQHandler 000000FA

Symbol: UART0_IRQHandler
   Definitions
      At line 319 in file RTE\Device\LPC1768\startup_LPC17xx.s



ARM Macro Assembler    Page 7 Alphabetic symbol ordering
Relocatable symbols

   Uses
      At line 82 in file RTE\Device\LPC1768\startup_LPC17xx.s
      At line 283 in file RTE\Device\LPC1768\startup_LPC17xx.s

UART1_IRQHandler 000000FA

Symbol: UART1_IRQHandler
   Definitions
      At line 320 in file RTE\Device\LPC1768\startup_LPC17xx.s
   Uses
      At line 83 in file RTE\Device\LPC1768\startup_LPC17xx.s
      At line 284 in file RTE\Device\LPC1768\startup_LPC17xx.s

UART2_IRQHandler 000000FA

Symbol: UART2_IRQHandler
   Definitions
      At line 321 in file RTE\Device\LPC1768\startup_LPC17xx.s
   Uses
      At line 84 in file RTE\Device\LPC1768\startup_LPC17xx.s
      At line 285 in file RTE\Device\LPC1768\startup_LPC17xx.s

UART3_IRQHandler 000000FA

Symbol: UART3_IRQHandler
   Definitions
      At line 322 in file RTE\Device\LPC1768\startup_LPC17xx.s
   Uses
      At line 85 in file RTE\Device\LPC1768\startup_LPC17xx.s
      At line 286 in file RTE\Device\LPC1768\startup_LPC17xx.s

USBActivity_IRQHandler 000000FA

Symbol: USBActivity_IRQHandler
   Definitions
      At line 347 in file RTE\Device\LPC1768\startup_LPC17xx.s
   Uses
      At line 110 in file RTE\Device\LPC1768\startup_LPC17xx.s
      At line 311 in file RTE\Device\LPC1768\startup_LPC17xx.s

USB_IRQHandler 000000FA

Symbol: USB_IRQHandler
   Definitions
      At line 338 in file RTE\Device\LPC1768\startup_LPC17xx.s
   Uses
      At line 101 in file RTE\Device\LPC1768\startup_LPC17xx.s
      At line 302 in file RTE\Device\LPC1768\startup_LPC17xx.s

UsageFault_Handler 000000F0

Symbol: UsageFault_Handler
   Definitions
      At line 254 in file RTE\Device\LPC1768\startup_LPC17xx.s
   Uses
      At line 65 in file RTE\Device\LPC1768\startup_LPC17xx.s
      At line 255 in file RTE\Device\LPC1768\startup_LPC17xx.s

WDT_IRQHandler 000000FA



ARM Macro Assembler    Page 8 Alphabetic symbol ordering
Relocatable symbols


Symbol: WDT_IRQHandler
   Definitions
      At line 314 in file RTE\Device\LPC1768\startup_LPC17xx.s
   Uses
      At line 77 in file RTE\Device\LPC1768\startup_LPC17xx.s
      At line 278 in file RTE\Device\LPC1768\startup_LPC17xx.s

__user_initial_stackheap 000000FC

Symbol: __user_initial_stackheap
   Definitions
      At line 370 in file RTE\Device\LPC1768\startup_LPC17xx.s
   Uses
      At line 369 in file RTE\Device\LPC1768\startup_LPC17xx.s
Comment: __user_initial_stackheap used once
checkOverflow 0000008C

Symbol: checkOverflow
   Definitions
      At line 190 in file RTE\Device\LPC1768\startup_LPC17xx.s
   Uses
      At line 163 in file RTE\Device\LPC1768\startup_LPC17xx.s
Comment: checkOverflow used once
endLoopM 0000004C

Symbol: endLoopM
   Definitions
      At line 164 in file RTE\Device\LPC1768\startup_LPC17xx.s
   Uses
      At line 202 in file RTE\Device\LPC1768\startup_LPC17xx.s
      At line 209 in file RTE\Device\LPC1768\startup_LPC17xx.s
      At line 218 in file RTE\Device\LPC1768\startup_LPC17xx.s
      At line 221 in file RTE\Device\LPC1768\startup_LPC17xx.s

endLoopN 00000082

Symbol: endLoopN
   Definitions
      At line 185 in file RTE\Device\LPC1768\startup_LPC17xx.s
   Uses
      At line 183 in file RTE\Device\LPC1768\startup_LPC17xx.s
Comment: endLoopN used once
endLoopP 00000070

Symbol: endLoopP
   Definitions
      At line 177 in file RTE\Device\LPC1768\startup_LPC17xx.s
   Uses
      At line 176 in file RTE\Device\LPC1768\startup_LPC17xx.s
Comment: endLoopP used once
loopM 0000002E

Symbol: loopM
   Definitions
      At line 154 in file RTE\Device\LPC1768\startup_LPC17xx.s
   Uses
      At line 162 in file RTE\Device\LPC1768\startup_LPC17xx.s
Comment: loopM used once



ARM Macro Assembler    Page 9 Alphabetic symbol ordering
Relocatable symbols

loopN 00000018

Symbol: loopN
   Definitions
      At line 145 in file RTE\Device\LPC1768\startup_LPC17xx.s
   Uses
      At line 188 in file RTE\Device\LPC1768\startup_LPC17xx.s
Comment: loopN used once
loopP 00000028

Symbol: loopP
   Definitions
      At line 151 in file RTE\Device\LPC1768\startup_LPC17xx.s
   Uses
      At line 175 in file RTE\Device\LPC1768\startup_LPC17xx.s
Comment: loopP used once
lsbNegCheck 000000AE

Symbol: lsbNegCheck
   Definitions
      At line 203 in file RTE\Device\LPC1768\startup_LPC17xx.s
   Uses
      At line 192 in file RTE\Device\LPC1768\startup_LPC17xx.s
Comment: lsbNegCheck used once
lsbPosCheck 0000009A

Symbol: lsbPosCheck
   Definitions
      At line 196 in file RTE\Device\LPC1768\startup_LPC17xx.s
   Uses
      At line 194 in file RTE\Device\LPC1768\startup_LPC17xx.s
Comment: lsbPosCheck used once
msbCheck 000000C2

Symbol: msbCheck
   Definitions
      At line 210 in file RTE\Device\LPC1768\startup_LPC17xx.s
   Uses
      At line 195 in file RTE\Device\LPC1768\startup_LPC17xx.s
Comment: msbCheck used once
saveLSB 000000DE

Symbol: saveLSB
   Definitions
      At line 219 in file RTE\Device\LPC1768\startup_LPC17xx.s
   Uses
      At line 199 in file RTE\Device\LPC1768\startup_LPC17xx.s
      At line 206 in file RTE\Device\LPC1768\startup_LPC17xx.s

stop 0000008A

Symbol: stop
   Definitions
      At line 189 in file RTE\Device\LPC1768\startup_LPC17xx.s
   Uses
      At line 184 in file RTE\Device\LPC1768\startup_LPC17xx.s
      At line 189 in file RTE\Device\LPC1768\startup_LPC17xx.s

60 symbols



ARM Macro Assembler    Page 1 Alphabetic symbol ordering
Absolute symbols

Heap_Size 00000000

Symbol: Heap_Size
   Definitions
      At line 42 in file RTE\Device\LPC1768\startup_LPC17xx.s
   Uses
      At line 46 in file RTE\Device\LPC1768\startup_LPC17xx.s
      At line 374 in file RTE\Device\LPC1768\startup_LPC17xx.s

M 00000007

Symbol: M
   Definitions
      At line 121 in file RTE\Device\LPC1768\startup_LPC17xx.s
   Uses
      At line 138 in file RTE\Device\LPC1768\startup_LPC17xx.s
Comment: M used once
N 00000004

Symbol: N
   Definitions
      At line 120 in file RTE\Device\LPC1768\startup_LPC17xx.s
   Uses
      At line 127 in file RTE\Device\LPC1768\startup_LPC17xx.s
      At line 136 in file RTE\Device\LPC1768\startup_LPC17xx.s

P 00000005

Symbol: P
   Definitions
      At line 122 in file RTE\Device\LPC1768\startup_LPC17xx.s
   Uses
      At line 127 in file RTE\Device\LPC1768\startup_LPC17xx.s
      At line 137 in file RTE\Device\LPC1768\startup_LPC17xx.s

Stack_Size 00000200

Symbol: Stack_Size
   Definitions
      At line 31 in file RTE\Device\LPC1768\startup_LPC17xx.s
   Uses
      At line 34 in file RTE\Device\LPC1768\startup_LPC17xx.s
      At line 373 in file RTE\Device\LPC1768\startup_LPC17xx.s

5 symbols



ARM Macro Assembler    Page 1 Alphabetic symbol ordering
External symbols

SystemInit 00000000

Symbol: SystemInit
   Definitions
      At line 223 in file RTE\Device\LPC1768\startup_LPC17xx.s
   Uses
      At line 225 in file RTE\Device\LPC1768\startup_LPC17xx.s
Comment: SystemInit used once
__use_two_region_memory 00000000

Symbol: __use_two_region_memory
   Definitions
      At line 368 in file RTE\Device\LPC1768\startup_LPC17xx.s
   Uses
      None
Comment: __use_two_region_memory unused
2 symbols
423 symbols in table
