


ARM Macro Assembler    Page 1 


    1 00000000         ;/******************************************************
                       ***********************
    2 00000000         ; * @file:    startup_LPC407x_8x.s
    3 00000000         ; * @purpose: CMSIS Cortex-M4 Core Device Startup File
    4 00000000         ; *           for the NXP LPC407x_8x Device Series
    5 00000000         ; * @version: V1.20
    6 00000000         ; * @date:    16. January 2012
    7 00000000         ; *------- <<< Use Configuration Wizard in Context Menu 
                       >>> ------------------
    8 00000000         ; *
    9 00000000         ; * Copyright (C) 2012 ARM Limited. All rights reserved.
                       
   10 00000000         ; * ARM Limited (ARM) is supplying this software for use
                        with Cortex-M4
   11 00000000         ; * processor based microcontrollers.  This file can be 
                       freely distributed
   12 00000000         ; * within development tools that are supporting such AR
                       M based processors.
   13 00000000         ; *
   14 00000000         ; * THIS SOFTWARE IS PROVIDED "AS IS".  NO WARRANTIES, W
                       HETHER EXPRESS, IMPLIED
   15 00000000         ; * OR STATUTORY, INCLUDING, BUT NOT LIMITED TO, IMPLIED
                        WARRANTIES OF
   16 00000000         ; * MERCHANTABILITY AND FITNESS FOR A PARTICULAR PURPOSE
                        APPLY TO THIS SOFTWARE.
   17 00000000         ; * ARM SHALL NOT, IN ANY CIRCUMSTANCES, BE LIABLE FOR S
                       PECIAL, INCIDENTAL, OR
   18 00000000         ; * CONSEQUENTIAL DAMAGES, FOR ANY REASON WHATSOEVER.
   19 00000000         ; *
   20 00000000         ; ******************************************************
                       ***********************/
   21 00000000         
   22 00000000         
   23 00000000         ; <h> Stack Configuration
   24 00000000         ;   <o> Stack Size (in Bytes) <0x0-0xFFFFFFFF:8>
   25 00000000         ; </h>
   26 00000000         
   27 00000000 00000400 
                       Stack_Size
                               EQU              0x00000400
   28 00000000         
   29 00000000                 AREA             STACK, NOINIT, READWRITE, ALIGN
=3
   30 00000000         Stack_Mem
                               SPACE            Stack_Size
   31 00000400         __initial_sp
   32 00000400         
   33 00000400         
   34 00000400         ; <h> Heap Configuration
   35 00000400         ;   <o>  Heap Size (in Bytes) <0x0-0xFFFFFFFF:8>
   36 00000400         ; </h>
   37 00000400         
   38 00000400 00000000 
                       Heap_Size
                               EQU              0x00000000
   39 00000400         
   40 00000400                 AREA             HEAP, NOINIT, READWRITE, ALIGN=
3
   41 00000000         __heap_base



ARM Macro Assembler    Page 2 


   42 00000000         Heap_Mem
                               SPACE            Heap_Size
   43 00000000         __heap_limit
   44 00000000         
   45 00000000         
   46 00000000                 PRESERVE8
   47 00000000                 THUMB
   48 00000000         
   49 00000000         
   50 00000000         ; Vector Table Mapped to Address 0 at Reset
   51 00000000         
   52 00000000                 AREA             RESET, DATA, READONLY
   53 00000000                 EXPORT           __Vectors
   54 00000000         
   55 00000000 00000000 
                       __Vectors
                               DCD              __initial_sp ; Top of Stack
   56 00000004 00000000        DCD              Reset_Handler ; Reset Handler
   57 00000008 00000000        DCD              NMI_Handler ; NMI Handler
   58 0000000C 00000000        DCD              HardFault_Handler ; Hard Fault 
                                                            Handler
   59 00000010 00000000        DCD              MemManage_Handler 
                                                            ; MPU Fault Handler
                                                            
   60 00000014 00000000        DCD              BusFault_Handler 
                                                            ; Bus Fault Handler
                                                            
   61 00000018 00000000        DCD              UsageFault_Handler ; Usage Faul
                                                            t Handler
   62 0000001C         ; DCD  0xEFFFF5D6                ; Reserved- vector sum
   63 0000001C EFFFF39E        DCD              0xEFFFF39E  ; Reserved- vector 
                                                            sum
   64 00000020 00000000        DCD              0           ; Reserved
   65 00000024 00000000        DCD              0           ; Reserved
   66 00000028 00000000        DCD              0           ; Reserved
   67 0000002C 00000000        DCD              SVC_Handler ; SVCall Handler
   68 00000030 00000000        DCD              DebugMon_Handler ; Debug Monito
                                                            r Handler
   69 00000034 00000000        DCD              0           ; Reserved
   70 00000038 00000000        DCD              PendSV_Handler ; PendSV Handler
                                                            
   71 0000003C 00000000        DCD              SysTick_Handler 
                                                            ; SysTick Handler
   72 00000040         
   73 00000040         ; External Interrupts
   74 00000040 00000000        DCD              WDT_IRQHandler ; 16: Watchdog T
                                                            imer
   75 00000044 00000000        DCD              TIMER0_IRQHandler ; 17: Timer0
   76 00000048 00000000        DCD              TIMER1_IRQHandler ; 18: Timer1
   77 0000004C 00000000        DCD              TIMER2_IRQHandler ; 19: Timer2
   78 00000050 00000000        DCD              TIMER3_IRQHandler ; 20: Timer3
   79 00000054 00000000        DCD              UART0_IRQHandler ; 21: UART0
   80 00000058 00000000        DCD              UART1_IRQHandler ; 22: UART1
   81 0000005C 00000000        DCD              UART2_IRQHandler ; 23: UART2
   82 00000060 00000000        DCD              UART3_IRQHandler ; 24: UART3
   83 00000064 00000000        DCD              PWM1_IRQHandler ; 25: PWM1
   84 00000068 00000000        DCD              I2C0_IRQHandler ; 26: I2C0
   85 0000006C 00000000        DCD              I2C1_IRQHandler ; 27: I2C1
   86 00000070 00000000        DCD              I2C2_IRQHandler ; 28: I2C2



ARM Macro Assembler    Page 3 


   87 00000074 00000000        DCD              0           ; 29: reserved, not
                                                             for SPIFI anymore
   88 00000078 00000000        DCD              SSP0_IRQHandler ; 30: SSP0
   89 0000007C 00000000        DCD              SSP1_IRQHandler ; 31: SSP1
   90 00000080 00000000        DCD              PLL0_IRQHandler ; 32: PLL0 Lock
                                                             (Main PLL)
   91 00000084 00000000        DCD              RTC_IRQHandler ; 33: Real Time 
                                                            Clock
   92 00000088 00000000        DCD              EINT0_IRQHandler ; 34: External
                                                             Interrupt 0
   93 0000008C 00000000        DCD              EINT1_IRQHandler ; 35: External
                                                             Interrupt 1
   94 00000090 00000000        DCD              EINT2_IRQHandler ; 36: External
                                                             Interrupt 2
   95 00000094 00000000        DCD              EINT3_IRQHandler ; 37: External
                                                             Interrupt 3
   96 00000098 00000000        DCD              ADC_IRQHandler 
                                                            ; 38: A/D Converter
                                                            
   97 0000009C 00000000        DCD              BOD_IRQHandler ; 39: Brown-Out 
                                                            Detect
   98 000000A0 00000000        DCD              USB_IRQHandler ; 40: USB
   99 000000A4 00000000        DCD              CAN_IRQHandler ; 41: CAN
  100 000000A8 00000000        DCD              DMA_IRQHandler ; 42: General Pu
                                                            rpose DMA
  101 000000AC 00000000        DCD              I2S_IRQHandler ; 43: I2S
  102 000000B0 00000000        DCD              ENET_IRQHandler ; 44: Ethernet
  103 000000B4 00000000        DCD              MCI_IRQHandler ; 45: SD/MMC car
                                                            d I/F
  104 000000B8 00000000        DCD              MCPWM_IRQHandler ; 46: Motor Co
                                                            ntrol PWM
  105 000000BC 00000000        DCD              QEI_IRQHandler ; 47: Quadrature
                                                             Encoder Interface
  106 000000C0 00000000        DCD              PLL1_IRQHandler ; 48: PLL1 Lock
                                                             (USB PLL)
  107 000000C4 00000000        DCD              USBActivity_IRQHandler ; 49: US
                                                            B Activity interrup
                                                            t to wakeup
  108 000000C8 00000000        DCD              CANActivity_IRQHandler ; 50: CA
                                                            N Activity interrup
                                                            t to wakeup
  109 000000CC 00000000        DCD              UART4_IRQHandler ; 51: UART4
  110 000000D0 00000000        DCD              SSP2_IRQHandler ; 52: SSP2
  111 000000D4 00000000        DCD              LCD_IRQHandler ; 53: LCD
  112 000000D8 00000000        DCD              GPIO_IRQHandler ; 54: GPIO
  113 000000DC 00000000        DCD              PWM0_IRQHandler ; 55: PWM0
  114 000000E0 00000000        DCD              EEPROM_IRQHandler ; 56: EEPROM
  115 000000E4         
  116 000000E4         
  117 000000E4                 IF               :LNOT::DEF:NO_CRP
  118 000000E4                 AREA             |.ARM.__at_0x02FC|, CODE, READO
NLY
  119 00000000 FFFFFFFF 
                       CRP_Key DCD              0xFFFFFFFF
  120 00000004                 ENDIF
  121 00000004         
  122 00000004         
  123 00000004                 AREA             |.text|, CODE, READONLY
  124 00000000         



ARM Macro Assembler    Page 4 


  125 00000000         
  126 00000000         ; Reset Handler
  127 00000000         
  128 00000000         Reset_Handler
                               PROC
  129 00000000                 EXPORT           Reset_Handler             [WEAK
]
  130 00000000         
  131 00000000         ; --------------------------------------- EX 4 ---------
                       ------------------------------ 
  132 00000000         ; Declarations
  133 00000000        4 
                       Rd_UADD8
                               RN               4
  134 00000000        5 
                       Rd_USAD8
                               RN               5
  135 00000000        6 
                       Rd_SMUAD
                               RN               6
  136 00000000        7 
                       Rd_SMUSD
                               RN               7
  137 00000000         ; My code
  138 00000000 4A12            LDR              R2, =Rn
  139 00000002 4B13            LDR              R3, =Rm
  140 00000004 F853 0B04       LDR              R0, [R3], #4
  141 00000008 F852 1B04       LDR              R1, [R2], #4
  142 0000000C FA80 F441       UADD8            Rd_UADD8, R0, R1
  143 00000010 FB70 F501       USAD8            Rd_USAD8, R0, R1
  144 00000014 FB20 F601       SMUAD            Rd_SMUAD, R0, R1
  145 00000018 FB40 F701       SMUSD            Rd_SMUSD, R0, R1
  146 0000001C E7FE    stop    B                stop
  147 0000001E         ; Constants
  148 0000001E 8D 45 30 
              7A       Rn      DCW              0x458D, 0x7A30
  149 00000022 AA 9E 15 
              C3       Rm      DCW              0x9EAA, 0xC315
  150 00000026         ; ---------------------------------- END OF PROGRAM ----
                       ------------------------------         
  151 00000026         
  152 00000026                 IMPORT           SystemInit
  153 00000026         ;IMPORT  __main
  154 00000026 480B            LDR              R0, =SystemInit
  155 00000028 4780            BLX              R0
  156 0000002A         ;LDR     R0, =__main
  157 0000002A         ;BX      R0
  158 0000002A                 ENDP
  159 0000002A         
  160 0000002A         
  161 0000002A         ; Dummy Exception Handlers (infinite loops which can be 
                       modified)
  162 0000002A         
  163 0000002A         NMI_Handler
                               PROC
  164 0000002A                 EXPORT           NMI_Handler               [WEAK
]
  165 0000002A E7FE            B                .
  166 0000002C                 ENDP



ARM Macro Assembler    Page 5 


  168 0000002C         HardFault_Handler
                               PROC
  169 0000002C                 EXPORT           HardFault_Handler         [WEAK
]
  170 0000002C E7FE            B                .
  171 0000002E                 ENDP
  173 0000002E         MemManage_Handler
                               PROC
  174 0000002E                 EXPORT           MemManage_Handler         [WEAK
]
  175 0000002E E7FE            B                .
  176 00000030                 ENDP
  178 00000030         BusFault_Handler
                               PROC
  179 00000030                 EXPORT           BusFault_Handler          [WEAK
]
  180 00000030 E7FE            B                .
  181 00000032                 ENDP
  183 00000032         UsageFault_Handler
                               PROC
  184 00000032                 EXPORT           UsageFault_Handler        [WEAK
]
  185 00000032 E7FE            B                .
  186 00000034                 ENDP
  187 00000034         SVC_Handler
                               PROC
  188 00000034                 EXPORT           SVC_Handler               [WEAK
]
  189 00000034 E7FE            B                .
  190 00000036                 ENDP
  192 00000036         DebugMon_Handler
                               PROC
  193 00000036                 EXPORT           DebugMon_Handler          [WEAK
]
  194 00000036 E7FE            B                .
  195 00000038                 ENDP
  196 00000038         PendSV_Handler
                               PROC
  197 00000038                 EXPORT           PendSV_Handler            [WEAK
]
  198 00000038 E7FE            B                .
  199 0000003A                 ENDP
  200 0000003A         SysTick_Handler
                               PROC
  201 0000003A                 EXPORT           SysTick_Handler           [WEAK
]
  202 0000003A E7FE            B                .
  203 0000003C                 ENDP
  204 0000003C         
  205 0000003C         Default_Handler
                               PROC
  206 0000003C         
  207 0000003C                 EXPORT           WDT_IRQHandler            [WEAK
]
  208 0000003C                 EXPORT           TIMER0_IRQHandler         [WEAK
]
  209 0000003C                 EXPORT           TIMER1_IRQHandler         [WEAK
]
  210 0000003C                 EXPORT           TIMER2_IRQHandler         [WEAK



ARM Macro Assembler    Page 6 


]
  211 0000003C                 EXPORT           TIMER3_IRQHandler         [WEAK
]
  212 0000003C                 EXPORT           UART0_IRQHandler          [WEAK
]
  213 0000003C                 EXPORT           UART1_IRQHandler          [WEAK
]
  214 0000003C                 EXPORT           UART2_IRQHandler          [WEAK
]
  215 0000003C                 EXPORT           UART3_IRQHandler          [WEAK
]
  216 0000003C                 EXPORT           PWM1_IRQHandler           [WEAK
]
  217 0000003C                 EXPORT           I2C0_IRQHandler           [WEAK
]
  218 0000003C                 EXPORT           I2C1_IRQHandler           [WEAK
]
  219 0000003C                 EXPORT           I2C2_IRQHandler           [WEAK
]
  220 0000003C         ;EXPORT  SPIFI_IRQHandler          [WEAK]
  221 0000003C                 EXPORT           SSP0_IRQHandler           [WEAK
]
  222 0000003C                 EXPORT           SSP1_IRQHandler           [WEAK
]
  223 0000003C                 EXPORT           PLL0_IRQHandler           [WEAK
]
  224 0000003C                 EXPORT           RTC_IRQHandler            [WEAK
]
  225 0000003C                 EXPORT           EINT0_IRQHandler          [WEAK
]
  226 0000003C                 EXPORT           EINT1_IRQHandler          [WEAK
]
  227 0000003C                 EXPORT           EINT2_IRQHandler          [WEAK
]
  228 0000003C                 EXPORT           EINT3_IRQHandler          [WEAK
]
  229 0000003C                 EXPORT           ADC_IRQHandler            [WEAK
]
  230 0000003C                 EXPORT           BOD_IRQHandler            [WEAK
]
  231 0000003C                 EXPORT           USB_IRQHandler            [WEAK
]
  232 0000003C                 EXPORT           CAN_IRQHandler            [WEAK
]
  233 0000003C                 EXPORT           DMA_IRQHandler            [WEAK
]
  234 0000003C                 EXPORT           I2S_IRQHandler            [WEAK
]
  235 0000003C                 EXPORT           ENET_IRQHandler           [WEAK
]
  236 0000003C                 EXPORT           MCI_IRQHandler            [WEAK
]
  237 0000003C                 EXPORT           MCPWM_IRQHandler          [WEAK
]
  238 0000003C                 EXPORT           QEI_IRQHandler            [WEAK
]
  239 0000003C                 EXPORT           PLL1_IRQHandler           [WEAK
]
  240 0000003C                 EXPORT           USBActivity_IRQHandler    [WEAK



ARM Macro Assembler    Page 7 


]
  241 0000003C                 EXPORT           CANActivity_IRQHandler    [WEAK
]
  242 0000003C                 EXPORT           UART4_IRQHandler          [WEAK
]
  243 0000003C                 EXPORT           SSP2_IRQHandler           [WEAK
]
  244 0000003C                 EXPORT           LCD_IRQHandler            [WEAK
]
  245 0000003C                 EXPORT           GPIO_IRQHandler           [WEAK
]
  246 0000003C                 EXPORT           PWM0_IRQHandler           [WEAK
]
  247 0000003C                 EXPORT           EEPROM_IRQHandler         [WEAK
]
  248 0000003C         
  249 0000003C         WDT_IRQHandler
  250 0000003C         TIMER0_IRQHandler
  251 0000003C         TIMER1_IRQHandler
  252 0000003C         TIMER2_IRQHandler
  253 0000003C         TIMER3_IRQHandler
  254 0000003C         UART0_IRQHandler
  255 0000003C         UART1_IRQHandler
  256 0000003C         UART2_IRQHandler
  257 0000003C         UART3_IRQHandler
  258 0000003C         PWM1_IRQHandler
  259 0000003C         I2C0_IRQHandler
  260 0000003C         I2C1_IRQHandler
  261 0000003C         I2C2_IRQHandler
  262 0000003C         ;SPIFI_IRQHandler ;not used
  263 0000003C         SSP0_IRQHandler
  264 0000003C         SSP1_IRQHandler
  265 0000003C         PLL0_IRQHandler
  266 0000003C         RTC_IRQHandler
  267 0000003C         EINT0_IRQHandler
  268 0000003C         EINT1_IRQHandler
  269 0000003C         EINT2_IRQHandler
  270 0000003C         EINT3_IRQHandler
  271 0000003C         ADC_IRQHandler
  272 0000003C         BOD_IRQHandler
  273 0000003C         USB_IRQHandler
  274 0000003C         CAN_IRQHandler
  275 0000003C         DMA_IRQHandler
  276 0000003C         I2S_IRQHandler
  277 0000003C         ENET_IRQHandler
  278 0000003C         MCI_IRQHandler
  279 0000003C         MCPWM_IRQHandler
  280 0000003C         QEI_IRQHandler
  281 0000003C         PLL1_IRQHandler
  282 0000003C         USBActivity_IRQHandler
  283 0000003C         CANActivity_IRQHandler
  284 0000003C         UART4_IRQHandler
  285 0000003C         SSP2_IRQHandler
  286 0000003C         LCD_IRQHandler
  287 0000003C         GPIO_IRQHandler
  288 0000003C         PWM0_IRQHandler
  289 0000003C         EEPROM_IRQHandler
  290 0000003C         
  291 0000003C E7FE            B                .



ARM Macro Assembler    Page 8 


  292 0000003E         
  293 0000003E                 ENDP
  294 0000003E         
  295 0000003E         
  296 0000003E 00 00           ALIGN
  297 00000040         
  298 00000040         
  299 00000040         ; User Initial Stack & Heap
  300 00000040         
  301 00000040                 IF               :DEF:__MICROLIB
  308 00000040         
  309 00000040                 IMPORT           __use_two_region_memory
  310 00000040                 EXPORT           __user_initial_stackheap
  311 00000040         __user_initial_stackheap
  312 00000040         
  313 00000040 4805            LDR              R0, =  Heap_Mem
  314 00000042 4906            LDR              R1, =(Stack_Mem + Stack_Size)
  315 00000044 4A04            LDR              R2, = (Heap_Mem +  Heap_Size)
  316 00000046 4B06            LDR              R3, = Stack_Mem
  317 00000048 4770            BX               LR
  318 0000004A         
  319 0000004A 00 00           ALIGN
  320 0000004C         
  321 0000004C                 ENDIF
  322 0000004C         
  323 0000004C         
  324 0000004C                 END
              00000000 
              00000000 
              00000000 
              00000000 
              00000400 
              00000000 
Command Line: --debug --xref --diag_suppress=9931 --cpu=Cortex-M4 --apcs=interw
ork --depend=.\objects\startup_lpc407x_8x_177x_8x.d -o.\objects\startup_lpc407x
_8x_177x_8x.o -I.\RTE\Device\LPC4072FBD80 -I.\RTE\_Target_1 -IC:\Users\gabriel.
ganzer\AppData\Local\Arm\Packs\ARM\CMSIS\5.6.0\CMSIS\Core\Include -IC:\Users\ga
briel.ganzer\AppData\Local\Arm\Packs\ARM\CMSIS\5.6.0\CMSIS\DSP\Include -IC:\Use
rs\gabriel.ganzer\AppData\Local\Arm\Packs\ARM\CMSIS\5.6.0\CMSIS\NN\Include -IC:
\Users\gabriel.ganzer\AppData\Local\Arm\Packs\Keil\LPC4000_DFP\2.1.0\Device\Inc
lude --predefine="__EVAL SETA 1" --predefine="__UVISION_VERSION SETA 528" --pre
define="_RTE_ SETA 1" --predefine="CORE_M4 SETA 1" --list=.\listings\startup_lp
c407x_8x_177x_8x.lst RTE\Device\LPC4072FBD80\startup_LPC407x_8x_177x_8x.s



ARM Macro Assembler    Page 1 Alphabetic symbol ordering
Relocatable symbols

STACK 00000000

Symbol: STACK
   Definitions
      At line 29 in file RTE\Device\LPC4072FBD80\startup_LPC407x_8x_177x_8x.s
   Uses
      None
Comment: STACK unused
Stack_Mem 00000000

Symbol: Stack_Mem
   Definitions
      At line 30 in file RTE\Device\LPC4072FBD80\startup_LPC407x_8x_177x_8x.s
   Uses
      At line 314 in file RTE\Device\LPC4072FBD80\startup_LPC407x_8x_177x_8x.s
      At line 316 in file RTE\Device\LPC4072FBD80\startup_LPC407x_8x_177x_8x.s

__initial_sp 00000400

Symbol: __initial_sp
   Definitions
      At line 31 in file RTE\Device\LPC4072FBD80\startup_LPC407x_8x_177x_8x.s
   Uses
      At line 55 in file RTE\Device\LPC4072FBD80\startup_LPC407x_8x_177x_8x.s
Comment: __initial_sp used once
3 symbols



ARM Macro Assembler    Page 1 Alphabetic symbol ordering
Relocatable symbols

HEAP 00000000

Symbol: HEAP
   Definitions
      At line 40 in file RTE\Device\LPC4072FBD80\startup_LPC407x_8x_177x_8x.s
   Uses
      None
Comment: HEAP unused
Heap_Mem 00000000

Symbol: Heap_Mem
   Definitions
      At line 42 in file RTE\Device\LPC4072FBD80\startup_LPC407x_8x_177x_8x.s
   Uses
      At line 313 in file RTE\Device\LPC4072FBD80\startup_LPC407x_8x_177x_8x.s
      At line 315 in file RTE\Device\LPC4072FBD80\startup_LPC407x_8x_177x_8x.s

__heap_base 00000000

Symbol: __heap_base
   Definitions
      At line 41 in file RTE\Device\LPC4072FBD80\startup_LPC407x_8x_177x_8x.s
   Uses
      None
Comment: __heap_base unused
__heap_limit 00000000

Symbol: __heap_limit
   Definitions
      At line 43 in file RTE\Device\LPC4072FBD80\startup_LPC407x_8x_177x_8x.s
   Uses
      None
Comment: __heap_limit unused
4 symbols



ARM Macro Assembler    Page 1 Alphabetic symbol ordering
Relocatable symbols

RESET 00000000

Symbol: RESET
   Definitions
      At line 52 in file RTE\Device\LPC4072FBD80\startup_LPC407x_8x_177x_8x.s
   Uses
      None
Comment: RESET unused
__Vectors 00000000

Symbol: __Vectors
   Definitions
      At line 55 in file RTE\Device\LPC4072FBD80\startup_LPC407x_8x_177x_8x.s
   Uses
      At line 53 in file RTE\Device\LPC4072FBD80\startup_LPC407x_8x_177x_8x.s
Comment: __Vectors used once
2 symbols



ARM Macro Assembler    Page 1 Alphabetic symbol ordering
Relocatable symbols

.ARM.__at_0x02FC 00000000

Symbol: .ARM.__at_0x02FC
   Definitions
      At line 118 in file RTE\Device\LPC4072FBD80\startup_LPC407x_8x_177x_8x.s
   Uses
      None
Comment: .ARM.__at_0x02FC unused
CRP_Key 00000000

Symbol: CRP_Key
   Definitions
      At line 119 in file RTE\Device\LPC4072FBD80\startup_LPC407x_8x_177x_8x.s
   Uses
      None
Comment: CRP_Key unused
2 symbols



ARM Macro Assembler    Page 1 Alphabetic symbol ordering
Relocatable symbols

.text 00000000

Symbol: .text
   Definitions
      At line 123 in file RTE\Device\LPC4072FBD80\startup_LPC407x_8x_177x_8x.s
   Uses
      None
Comment: .text unused
ADC_IRQHandler 0000003C

Symbol: ADC_IRQHandler
   Definitions
      At line 271 in file RTE\Device\LPC4072FBD80\startup_LPC407x_8x_177x_8x.s
   Uses
      At line 96 in file RTE\Device\LPC4072FBD80\startup_LPC407x_8x_177x_8x.s
      At line 229 in file RTE\Device\LPC4072FBD80\startup_LPC407x_8x_177x_8x.s

BOD_IRQHandler 0000003C

Symbol: BOD_IRQHandler
   Definitions
      At line 272 in file RTE\Device\LPC4072FBD80\startup_LPC407x_8x_177x_8x.s
   Uses
      At line 97 in file RTE\Device\LPC4072FBD80\startup_LPC407x_8x_177x_8x.s
      At line 230 in file RTE\Device\LPC4072FBD80\startup_LPC407x_8x_177x_8x.s

BusFault_Handler 00000030

Symbol: BusFault_Handler
   Definitions
      At line 178 in file RTE\Device\LPC4072FBD80\startup_LPC407x_8x_177x_8x.s
   Uses
      At line 60 in file RTE\Device\LPC4072FBD80\startup_LPC407x_8x_177x_8x.s
      At line 179 in file RTE\Device\LPC4072FBD80\startup_LPC407x_8x_177x_8x.s

CANActivity_IRQHandler 0000003C

Symbol: CANActivity_IRQHandler
   Definitions
      At line 283 in file RTE\Device\LPC4072FBD80\startup_LPC407x_8x_177x_8x.s
   Uses
      At line 108 in file RTE\Device\LPC4072FBD80\startup_LPC407x_8x_177x_8x.s
      At line 241 in file RTE\Device\LPC4072FBD80\startup_LPC407x_8x_177x_8x.s

CAN_IRQHandler 0000003C

Symbol: CAN_IRQHandler
   Definitions
      At line 274 in file RTE\Device\LPC4072FBD80\startup_LPC407x_8x_177x_8x.s
   Uses
      At line 99 in file RTE\Device\LPC4072FBD80\startup_LPC407x_8x_177x_8x.s
      At line 232 in file RTE\Device\LPC4072FBD80\startup_LPC407x_8x_177x_8x.s

DMA_IRQHandler 0000003C

Symbol: DMA_IRQHandler
   Definitions
      At line 275 in file RTE\Device\LPC4072FBD80\startup_LPC407x_8x_177x_8x.s
   Uses



ARM Macro Assembler    Page 2 Alphabetic symbol ordering
Relocatable symbols

      At line 100 in file RTE\Device\LPC4072FBD80\startup_LPC407x_8x_177x_8x.s
      At line 233 in file RTE\Device\LPC4072FBD80\startup_LPC407x_8x_177x_8x.s

DebugMon_Handler 00000036

Symbol: DebugMon_Handler
   Definitions
      At line 192 in file RTE\Device\LPC4072FBD80\startup_LPC407x_8x_177x_8x.s
   Uses
      At line 68 in file RTE\Device\LPC4072FBD80\startup_LPC407x_8x_177x_8x.s
      At line 193 in file RTE\Device\LPC4072FBD80\startup_LPC407x_8x_177x_8x.s

Default_Handler 0000003C

Symbol: Default_Handler
   Definitions
      At line 205 in file RTE\Device\LPC4072FBD80\startup_LPC407x_8x_177x_8x.s
   Uses
      None
Comment: Default_Handler unused
EEPROM_IRQHandler 0000003C

Symbol: EEPROM_IRQHandler
   Definitions
      At line 289 in file RTE\Device\LPC4072FBD80\startup_LPC407x_8x_177x_8x.s
   Uses
      At line 114 in file RTE\Device\LPC4072FBD80\startup_LPC407x_8x_177x_8x.s
      At line 247 in file RTE\Device\LPC4072FBD80\startup_LPC407x_8x_177x_8x.s

EINT0_IRQHandler 0000003C

Symbol: EINT0_IRQHandler
   Definitions
      At line 267 in file RTE\Device\LPC4072FBD80\startup_LPC407x_8x_177x_8x.s
   Uses
      At line 92 in file RTE\Device\LPC4072FBD80\startup_LPC407x_8x_177x_8x.s
      At line 225 in file RTE\Device\LPC4072FBD80\startup_LPC407x_8x_177x_8x.s

EINT1_IRQHandler 0000003C

Symbol: EINT1_IRQHandler
   Definitions
      At line 268 in file RTE\Device\LPC4072FBD80\startup_LPC407x_8x_177x_8x.s
   Uses
      At line 93 in file RTE\Device\LPC4072FBD80\startup_LPC407x_8x_177x_8x.s
      At line 226 in file RTE\Device\LPC4072FBD80\startup_LPC407x_8x_177x_8x.s

EINT2_IRQHandler 0000003C

Symbol: EINT2_IRQHandler
   Definitions
      At line 269 in file RTE\Device\LPC4072FBD80\startup_LPC407x_8x_177x_8x.s
   Uses
      At line 94 in file RTE\Device\LPC4072FBD80\startup_LPC407x_8x_177x_8x.s
      At line 227 in file RTE\Device\LPC4072FBD80\startup_LPC407x_8x_177x_8x.s

EINT3_IRQHandler 0000003C

Symbol: EINT3_IRQHandler



ARM Macro Assembler    Page 3 Alphabetic symbol ordering
Relocatable symbols

   Definitions
      At line 270 in file RTE\Device\LPC4072FBD80\startup_LPC407x_8x_177x_8x.s
   Uses
      At line 95 in file RTE\Device\LPC4072FBD80\startup_LPC407x_8x_177x_8x.s
      At line 228 in file RTE\Device\LPC4072FBD80\startup_LPC407x_8x_177x_8x.s

ENET_IRQHandler 0000003C

Symbol: ENET_IRQHandler
   Definitions
      At line 277 in file RTE\Device\LPC4072FBD80\startup_LPC407x_8x_177x_8x.s
   Uses
      At line 102 in file RTE\Device\LPC4072FBD80\startup_LPC407x_8x_177x_8x.s
      At line 235 in file RTE\Device\LPC4072FBD80\startup_LPC407x_8x_177x_8x.s

GPIO_IRQHandler 0000003C

Symbol: GPIO_IRQHandler
   Definitions
      At line 287 in file RTE\Device\LPC4072FBD80\startup_LPC407x_8x_177x_8x.s
   Uses
      At line 112 in file RTE\Device\LPC4072FBD80\startup_LPC407x_8x_177x_8x.s
      At line 245 in file RTE\Device\LPC4072FBD80\startup_LPC407x_8x_177x_8x.s

HardFault_Handler 0000002C

Symbol: HardFault_Handler
   Definitions
      At line 168 in file RTE\Device\LPC4072FBD80\startup_LPC407x_8x_177x_8x.s
   Uses
      At line 58 in file RTE\Device\LPC4072FBD80\startup_LPC407x_8x_177x_8x.s
      At line 169 in file RTE\Device\LPC4072FBD80\startup_LPC407x_8x_177x_8x.s

I2C0_IRQHandler 0000003C

Symbol: I2C0_IRQHandler
   Definitions
      At line 259 in file RTE\Device\LPC4072FBD80\startup_LPC407x_8x_177x_8x.s
   Uses
      At line 84 in file RTE\Device\LPC4072FBD80\startup_LPC407x_8x_177x_8x.s
      At line 217 in file RTE\Device\LPC4072FBD80\startup_LPC407x_8x_177x_8x.s

I2C1_IRQHandler 0000003C

Symbol: I2C1_IRQHandler
   Definitions
      At line 260 in file RTE\Device\LPC4072FBD80\startup_LPC407x_8x_177x_8x.s
   Uses
      At line 85 in file RTE\Device\LPC4072FBD80\startup_LPC407x_8x_177x_8x.s
      At line 218 in file RTE\Device\LPC4072FBD80\startup_LPC407x_8x_177x_8x.s

I2C2_IRQHandler 0000003C

Symbol: I2C2_IRQHandler
   Definitions
      At line 261 in file RTE\Device\LPC4072FBD80\startup_LPC407x_8x_177x_8x.s
   Uses
      At line 86 in file RTE\Device\LPC4072FBD80\startup_LPC407x_8x_177x_8x.s
      At line 219 in file RTE\Device\LPC4072FBD80\startup_LPC407x_8x_177x_8x.s



ARM Macro Assembler    Page 4 Alphabetic symbol ordering
Relocatable symbols


I2S_IRQHandler 0000003C

Symbol: I2S_IRQHandler
   Definitions
      At line 276 in file RTE\Device\LPC4072FBD80\startup_LPC407x_8x_177x_8x.s
   Uses
      At line 101 in file RTE\Device\LPC4072FBD80\startup_LPC407x_8x_177x_8x.s
      At line 234 in file RTE\Device\LPC4072FBD80\startup_LPC407x_8x_177x_8x.s

LCD_IRQHandler 0000003C

Symbol: LCD_IRQHandler
   Definitions
      At line 286 in file RTE\Device\LPC4072FBD80\startup_LPC407x_8x_177x_8x.s
   Uses
      At line 111 in file RTE\Device\LPC4072FBD80\startup_LPC407x_8x_177x_8x.s
      At line 244 in file RTE\Device\LPC4072FBD80\startup_LPC407x_8x_177x_8x.s

MCI_IRQHandler 0000003C

Symbol: MCI_IRQHandler
   Definitions
      At line 278 in file RTE\Device\LPC4072FBD80\startup_LPC407x_8x_177x_8x.s
   Uses
      At line 103 in file RTE\Device\LPC4072FBD80\startup_LPC407x_8x_177x_8x.s
      At line 236 in file RTE\Device\LPC4072FBD80\startup_LPC407x_8x_177x_8x.s

MCPWM_IRQHandler 0000003C

Symbol: MCPWM_IRQHandler
   Definitions
      At line 279 in file RTE\Device\LPC4072FBD80\startup_LPC407x_8x_177x_8x.s
   Uses
      At line 104 in file RTE\Device\LPC4072FBD80\startup_LPC407x_8x_177x_8x.s
      At line 237 in file RTE\Device\LPC4072FBD80\startup_LPC407x_8x_177x_8x.s

MemManage_Handler 0000002E

Symbol: MemManage_Handler
   Definitions
      At line 173 in file RTE\Device\LPC4072FBD80\startup_LPC407x_8x_177x_8x.s
   Uses
      At line 59 in file RTE\Device\LPC4072FBD80\startup_LPC407x_8x_177x_8x.s
      At line 174 in file RTE\Device\LPC4072FBD80\startup_LPC407x_8x_177x_8x.s

NMI_Handler 0000002A

Symbol: NMI_Handler
   Definitions
      At line 163 in file RTE\Device\LPC4072FBD80\startup_LPC407x_8x_177x_8x.s
   Uses
      At line 57 in file RTE\Device\LPC4072FBD80\startup_LPC407x_8x_177x_8x.s
      At line 164 in file RTE\Device\LPC4072FBD80\startup_LPC407x_8x_177x_8x.s

PLL0_IRQHandler 0000003C

Symbol: PLL0_IRQHandler
   Definitions



ARM Macro Assembler    Page 5 Alphabetic symbol ordering
Relocatable symbols

      At line 265 in file RTE\Device\LPC4072FBD80\startup_LPC407x_8x_177x_8x.s
   Uses
      At line 90 in file RTE\Device\LPC4072FBD80\startup_LPC407x_8x_177x_8x.s
      At line 223 in file RTE\Device\LPC4072FBD80\startup_LPC407x_8x_177x_8x.s

PLL1_IRQHandler 0000003C

Symbol: PLL1_IRQHandler
   Definitions
      At line 281 in file RTE\Device\LPC4072FBD80\startup_LPC407x_8x_177x_8x.s
   Uses
      At line 106 in file RTE\Device\LPC4072FBD80\startup_LPC407x_8x_177x_8x.s
      At line 239 in file RTE\Device\LPC4072FBD80\startup_LPC407x_8x_177x_8x.s

PWM0_IRQHandler 0000003C

Symbol: PWM0_IRQHandler
   Definitions
      At line 288 in file RTE\Device\LPC4072FBD80\startup_LPC407x_8x_177x_8x.s
   Uses
      At line 113 in file RTE\Device\LPC4072FBD80\startup_LPC407x_8x_177x_8x.s
      At line 246 in file RTE\Device\LPC4072FBD80\startup_LPC407x_8x_177x_8x.s

PWM1_IRQHandler 0000003C

Symbol: PWM1_IRQHandler
   Definitions
      At line 258 in file RTE\Device\LPC4072FBD80\startup_LPC407x_8x_177x_8x.s
   Uses
      At line 83 in file RTE\Device\LPC4072FBD80\startup_LPC407x_8x_177x_8x.s
      At line 216 in file RTE\Device\LPC4072FBD80\startup_LPC407x_8x_177x_8x.s

PendSV_Handler 00000038

Symbol: PendSV_Handler
   Definitions
      At line 196 in file RTE\Device\LPC4072FBD80\startup_LPC407x_8x_177x_8x.s
   Uses
      At line 70 in file RTE\Device\LPC4072FBD80\startup_LPC407x_8x_177x_8x.s
      At line 197 in file RTE\Device\LPC4072FBD80\startup_LPC407x_8x_177x_8x.s

QEI_IRQHandler 0000003C

Symbol: QEI_IRQHandler
   Definitions
      At line 280 in file RTE\Device\LPC4072FBD80\startup_LPC407x_8x_177x_8x.s
   Uses
      At line 105 in file RTE\Device\LPC4072FBD80\startup_LPC407x_8x_177x_8x.s
      At line 238 in file RTE\Device\LPC4072FBD80\startup_LPC407x_8x_177x_8x.s

RTC_IRQHandler 0000003C

Symbol: RTC_IRQHandler
   Definitions
      At line 266 in file RTE\Device\LPC4072FBD80\startup_LPC407x_8x_177x_8x.s
   Uses
      At line 91 in file RTE\Device\LPC4072FBD80\startup_LPC407x_8x_177x_8x.s
      At line 224 in file RTE\Device\LPC4072FBD80\startup_LPC407x_8x_177x_8x.s




ARM Macro Assembler    Page 6 Alphabetic symbol ordering
Relocatable symbols

Reset_Handler 00000000

Symbol: Reset_Handler
   Definitions
      At line 128 in file RTE\Device\LPC4072FBD80\startup_LPC407x_8x_177x_8x.s
   Uses
      At line 56 in file RTE\Device\LPC4072FBD80\startup_LPC407x_8x_177x_8x.s
      At line 129 in file RTE\Device\LPC4072FBD80\startup_LPC407x_8x_177x_8x.s

Rm 00000022

Symbol: Rm
   Definitions
      At line 149 in file RTE\Device\LPC4072FBD80\startup_LPC407x_8x_177x_8x.s
   Uses
      At line 139 in file RTE\Device\LPC4072FBD80\startup_LPC407x_8x_177x_8x.s
Comment: Rm used once
Rn 0000001E

Symbol: Rn
   Definitions
      At line 148 in file RTE\Device\LPC4072FBD80\startup_LPC407x_8x_177x_8x.s
   Uses
      At line 138 in file RTE\Device\LPC4072FBD80\startup_LPC407x_8x_177x_8x.s
Comment: Rn used once
SSP0_IRQHandler 0000003C

Symbol: SSP0_IRQHandler
   Definitions
      At line 263 in file RTE\Device\LPC4072FBD80\startup_LPC407x_8x_177x_8x.s
   Uses
      At line 88 in file RTE\Device\LPC4072FBD80\startup_LPC407x_8x_177x_8x.s
      At line 221 in file RTE\Device\LPC4072FBD80\startup_LPC407x_8x_177x_8x.s

SSP1_IRQHandler 0000003C

Symbol: SSP1_IRQHandler
   Definitions
      At line 264 in file RTE\Device\LPC4072FBD80\startup_LPC407x_8x_177x_8x.s
   Uses
      At line 89 in file RTE\Device\LPC4072FBD80\startup_LPC407x_8x_177x_8x.s
      At line 222 in file RTE\Device\LPC4072FBD80\startup_LPC407x_8x_177x_8x.s

SSP2_IRQHandler 0000003C

Symbol: SSP2_IRQHandler
   Definitions
      At line 285 in file RTE\Device\LPC4072FBD80\startup_LPC407x_8x_177x_8x.s
   Uses
      At line 110 in file RTE\Device\LPC4072FBD80\startup_LPC407x_8x_177x_8x.s
      At line 243 in file RTE\Device\LPC4072FBD80\startup_LPC407x_8x_177x_8x.s

SVC_Handler 00000034

Symbol: SVC_Handler
   Definitions
      At line 187 in file RTE\Device\LPC4072FBD80\startup_LPC407x_8x_177x_8x.s
   Uses
      At line 67 in file RTE\Device\LPC4072FBD80\startup_LPC407x_8x_177x_8x.s



ARM Macro Assembler    Page 7 Alphabetic symbol ordering
Relocatable symbols

      At line 188 in file RTE\Device\LPC4072FBD80\startup_LPC407x_8x_177x_8x.s

SysTick_Handler 0000003A

Symbol: SysTick_Handler
   Definitions
      At line 200 in file RTE\Device\LPC4072FBD80\startup_LPC407x_8x_177x_8x.s
   Uses
      At line 71 in file RTE\Device\LPC4072FBD80\startup_LPC407x_8x_177x_8x.s
      At line 201 in file RTE\Device\LPC4072FBD80\startup_LPC407x_8x_177x_8x.s

TIMER0_IRQHandler 0000003C

Symbol: TIMER0_IRQHandler
   Definitions
      At line 250 in file RTE\Device\LPC4072FBD80\startup_LPC407x_8x_177x_8x.s
   Uses
      At line 75 in file RTE\Device\LPC4072FBD80\startup_LPC407x_8x_177x_8x.s
      At line 208 in file RTE\Device\LPC4072FBD80\startup_LPC407x_8x_177x_8x.s

TIMER1_IRQHandler 0000003C

Symbol: TIMER1_IRQHandler
   Definitions
      At line 251 in file RTE\Device\LPC4072FBD80\startup_LPC407x_8x_177x_8x.s
   Uses
      At line 76 in file RTE\Device\LPC4072FBD80\startup_LPC407x_8x_177x_8x.s
      At line 209 in file RTE\Device\LPC4072FBD80\startup_LPC407x_8x_177x_8x.s

TIMER2_IRQHandler 0000003C

Symbol: TIMER2_IRQHandler
   Definitions
      At line 252 in file RTE\Device\LPC4072FBD80\startup_LPC407x_8x_177x_8x.s
   Uses
      At line 77 in file RTE\Device\LPC4072FBD80\startup_LPC407x_8x_177x_8x.s
      At line 210 in file RTE\Device\LPC4072FBD80\startup_LPC407x_8x_177x_8x.s

TIMER3_IRQHandler 0000003C

Symbol: TIMER3_IRQHandler
   Definitions
      At line 253 in file RTE\Device\LPC4072FBD80\startup_LPC407x_8x_177x_8x.s
   Uses
      At line 78 in file RTE\Device\LPC4072FBD80\startup_LPC407x_8x_177x_8x.s
      At line 211 in file RTE\Device\LPC4072FBD80\startup_LPC407x_8x_177x_8x.s

UART0_IRQHandler 0000003C

Symbol: UART0_IRQHandler
   Definitions
      At line 254 in file RTE\Device\LPC4072FBD80\startup_LPC407x_8x_177x_8x.s
   Uses
      At line 79 in file RTE\Device\LPC4072FBD80\startup_LPC407x_8x_177x_8x.s
      At line 212 in file RTE\Device\LPC4072FBD80\startup_LPC407x_8x_177x_8x.s

UART1_IRQHandler 0000003C

Symbol: UART1_IRQHandler



ARM Macro Assembler    Page 8 Alphabetic symbol ordering
Relocatable symbols

   Definitions
      At line 255 in file RTE\Device\LPC4072FBD80\startup_LPC407x_8x_177x_8x.s
   Uses
      At line 80 in file RTE\Device\LPC4072FBD80\startup_LPC407x_8x_177x_8x.s
      At line 213 in file RTE\Device\LPC4072FBD80\startup_LPC407x_8x_177x_8x.s

UART2_IRQHandler 0000003C

Symbol: UART2_IRQHandler
   Definitions
      At line 256 in file RTE\Device\LPC4072FBD80\startup_LPC407x_8x_177x_8x.s
   Uses
      At line 81 in file RTE\Device\LPC4072FBD80\startup_LPC407x_8x_177x_8x.s
      At line 214 in file RTE\Device\LPC4072FBD80\startup_LPC407x_8x_177x_8x.s

UART3_IRQHandler 0000003C

Symbol: UART3_IRQHandler
   Definitions
      At line 257 in file RTE\Device\LPC4072FBD80\startup_LPC407x_8x_177x_8x.s
   Uses
      At line 82 in file RTE\Device\LPC4072FBD80\startup_LPC407x_8x_177x_8x.s
      At line 215 in file RTE\Device\LPC4072FBD80\startup_LPC407x_8x_177x_8x.s

UART4_IRQHandler 0000003C

Symbol: UART4_IRQHandler
   Definitions
      At line 284 in file RTE\Device\LPC4072FBD80\startup_LPC407x_8x_177x_8x.s
   Uses
      At line 109 in file RTE\Device\LPC4072FBD80\startup_LPC407x_8x_177x_8x.s
      At line 242 in file RTE\Device\LPC4072FBD80\startup_LPC407x_8x_177x_8x.s

USBActivity_IRQHandler 0000003C

Symbol: USBActivity_IRQHandler
   Definitions
      At line 282 in file RTE\Device\LPC4072FBD80\startup_LPC407x_8x_177x_8x.s
   Uses
      At line 107 in file RTE\Device\LPC4072FBD80\startup_LPC407x_8x_177x_8x.s
      At line 240 in file RTE\Device\LPC4072FBD80\startup_LPC407x_8x_177x_8x.s

USB_IRQHandler 0000003C

Symbol: USB_IRQHandler
   Definitions
      At line 273 in file RTE\Device\LPC4072FBD80\startup_LPC407x_8x_177x_8x.s
   Uses
      At line 98 in file RTE\Device\LPC4072FBD80\startup_LPC407x_8x_177x_8x.s
      At line 231 in file RTE\Device\LPC4072FBD80\startup_LPC407x_8x_177x_8x.s

UsageFault_Handler 00000032

Symbol: UsageFault_Handler
   Definitions
      At line 183 in file RTE\Device\LPC4072FBD80\startup_LPC407x_8x_177x_8x.s
   Uses
      At line 61 in file RTE\Device\LPC4072FBD80\startup_LPC407x_8x_177x_8x.s
      At line 184 in file RTE\Device\LPC4072FBD80\startup_LPC407x_8x_177x_8x.s



ARM Macro Assembler    Page 9 Alphabetic symbol ordering
Relocatable symbols


WDT_IRQHandler 0000003C

Symbol: WDT_IRQHandler
   Definitions
      At line 249 in file RTE\Device\LPC4072FBD80\startup_LPC407x_8x_177x_8x.s
   Uses
      At line 74 in file RTE\Device\LPC4072FBD80\startup_LPC407x_8x_177x_8x.s
      At line 207 in file RTE\Device\LPC4072FBD80\startup_LPC407x_8x_177x_8x.s

__user_initial_stackheap 00000040

Symbol: __user_initial_stackheap
   Definitions
      At line 311 in file RTE\Device\LPC4072FBD80\startup_LPC407x_8x_177x_8x.s
   Uses
      At line 310 in file RTE\Device\LPC4072FBD80\startup_LPC407x_8x_177x_8x.s
Comment: __user_initial_stackheap used once
stop 0000001C

Symbol: stop
   Definitions
      At line 146 in file RTE\Device\LPC4072FBD80\startup_LPC407x_8x_177x_8x.s
   Uses
      At line 146 in file RTE\Device\LPC4072FBD80\startup_LPC407x_8x_177x_8x.s
Comment: stop used once
56 symbols



ARM Macro Assembler    Page 1 Alphabetic symbol ordering
Absolute symbols

Heap_Size 00000000

Symbol: Heap_Size
   Definitions
      At line 38 in file RTE\Device\LPC4072FBD80\startup_LPC407x_8x_177x_8x.s
   Uses
      At line 42 in file RTE\Device\LPC4072FBD80\startup_LPC407x_8x_177x_8x.s
      At line 315 in file RTE\Device\LPC4072FBD80\startup_LPC407x_8x_177x_8x.s

Stack_Size 00000400

Symbol: Stack_Size
   Definitions
      At line 27 in file RTE\Device\LPC4072FBD80\startup_LPC407x_8x_177x_8x.s
   Uses
      At line 30 in file RTE\Device\LPC4072FBD80\startup_LPC407x_8x_177x_8x.s
      At line 314 in file RTE\Device\LPC4072FBD80\startup_LPC407x_8x_177x_8x.s

2 symbols



ARM Macro Assembler    Page 1 Alphabetic symbol ordering
External symbols

SystemInit 00000000

Symbol: SystemInit
   Definitions
      At line 152 in file RTE\Device\LPC4072FBD80\startup_LPC407x_8x_177x_8x.s
   Uses
      At line 154 in file RTE\Device\LPC4072FBD80\startup_LPC407x_8x_177x_8x.s
Comment: SystemInit used once
__use_two_region_memory 00000000

Symbol: __use_two_region_memory
   Definitions
      At line 309 in file RTE\Device\LPC4072FBD80\startup_LPC407x_8x_177x_8x.s
   Uses
      None
Comment: __use_two_region_memory unused
2 symbols
415 symbols in table
