


ARM Macro Assembler    Page 1 


    1 00000000         ;/******************************************************
                       ********************//**
    2 00000000         ; * @file     startup_LPC17xx.s
    3 00000000         ; * @brief    CMSIS Cortex-M3 Core Device Startup File f
                       or
    4 00000000         ; *           NXP LPC17xx Device Series
    5 00000000         ; * @version  V1.10
    6 00000000         ; * @date     06. April 2011
    7 00000000         ; *
    8 00000000         ; * @note
    9 00000000         ; * Copyright (C) 2009-2011 ARM Limited. All rights rese
                       rved.
   10 00000000         ; *
   11 00000000         ; * @par
   12 00000000         ; * ARM Limited (ARM) is supplying this software for use
                        with Cortex-M
   13 00000000         ; * processor based microcontrollers.  This file can be 
                       freely distributed
   14 00000000         ; * within development tools that are supporting such AR
                       M based processors.
   15 00000000         ; *
   16 00000000         ; * @par
   17 00000000         ; * THIS SOFTWARE IS PROVIDED "AS IS".  NO WARRANTIES, W
                       HETHER EXPRESS, IMPLIED
   18 00000000         ; * OR STATUTORY, INCLUDING, BUT NOT LIMITED TO, IMPLIED
                        WARRANTIES OF
   19 00000000         ; * MERCHANTABILITY AND FITNESS FOR A PARTICULAR PURPOSE
                        APPLY TO THIS SOFTWARE.
   20 00000000         ; * ARM SHALL NOT, IN ANY CIRCUMSTANCES, BE LIABLE FOR S
                       PECIAL, INCIDENTAL, OR
   21 00000000         ; * CONSEQUENTIAL DAMAGES, FOR ANY REASON WHATSOEVER.
   22 00000000         ; *
   23 00000000         ; ******************************************************
                       ************************/
   24 00000000         
   25 00000000         ; *------- <<< Use Configuration Wizard in Context Menu 
                       >>> ------------------
   26 00000000         
   27 00000000         ; <h> Stack Configuration
   28 00000000         ;   <o> Stack Size (in Bytes) <0x0-0xFFFFFFFF:8>
   29 00000000         ; </h>
   30 00000000         
   31 00000000 00000200 
                       Stack_Size
                               EQU              0x00000200
   32 00000000         
   33 00000000                 AREA             STACK, NOINIT, READWRITE, ALIGN
=3
   34 00000000         Stack_Mem
                               SPACE            Stack_Size
   35 00000200         __initial_sp
   36 00000200         
   37 00000200         
   38 00000200         ; <h> Heap Configuration
   39 00000200         ;   <o>  Heap Size (in Bytes) <0x0-0xFFFFFFFF:8>
   40 00000200         ; </h>
   41 00000200         
   42 00000200 00000000 
                       Heap_Size



ARM Macro Assembler    Page 2 


                               EQU              0x00000000
   43 00000200         
   44 00000200                 AREA             HEAP, NOINIT, READWRITE, ALIGN=
3
   45 00000000         __heap_base
   46 00000000         Heap_Mem
                               SPACE            Heap_Size
   47 00000000         __heap_limit
   48 00000000         
   49 00000000         
   50 00000000                 PRESERVE8
   51 00000000                 THUMB
   52 00000000         
   53 00000000         
   54 00000000         ; Vector Table Mapped to Address 0 at Reset
   55 00000000         
   56 00000000                 AREA             RESET, DATA, READONLY
   57 00000000                 EXPORT           __Vectors
   58 00000000         
   59 00000000 00000000 
                       __Vectors
                               DCD              __initial_sp ; Top of Stack
   60 00000004 00000000        DCD              Reset_Handler ; Reset Handler
   61 00000008 00000000        DCD              NMI_Handler ; NMI Handler
   62 0000000C 00000000        DCD              HardFault_Handler ; Hard Fault 
                                                            Handler
   63 00000010 00000000        DCD              MemManage_Handler 
                                                            ; MPU Fault Handler
                                                            
   64 00000014 00000000        DCD              BusFault_Handler 
                                                            ; Bus Fault Handler
                                                            
   65 00000018 00000000        DCD              UsageFault_Handler ; Usage Faul
                                                            t Handler
   66 0000001C 00000000        DCD              0           ; Reserved
   67 00000020 00000000        DCD              0           ; Reserved
   68 00000024 00000000        DCD              0           ; Reserved
   69 00000028 00000000        DCD              0           ; Reserved
   70 0000002C 00000000        DCD              SVC_Handler ; SVCall Handler
   71 00000030 00000000        DCD              DebugMon_Handler ; Debug Monito
                                                            r Handler
   72 00000034 00000000        DCD              0           ; Reserved
   73 00000038 00000000        DCD              PendSV_Handler ; PendSV Handler
                                                            
   74 0000003C 00000000        DCD              SysTick_Handler 
                                                            ; SysTick Handler
   75 00000040         
   76 00000040         ; External Interrupts
   77 00000040 00000000        DCD              WDT_IRQHandler ; 16: Watchdog T
                                                            imer
   78 00000044 00000000        DCD              TIMER0_IRQHandler ; 17: Timer0
   79 00000048 00000000        DCD              TIMER1_IRQHandler ; 18: Timer1
   80 0000004C 00000000        DCD              TIMER2_IRQHandler ; 19: Timer2
   81 00000050 00000000        DCD              TIMER3_IRQHandler ; 20: Timer3
   82 00000054 00000000        DCD              UART0_IRQHandler ; 21: UART0
   83 00000058 00000000        DCD              UART1_IRQHandler ; 22: UART1
   84 0000005C 00000000        DCD              UART2_IRQHandler ; 23: UART2
   85 00000060 00000000        DCD              UART3_IRQHandler ; 24: UART3
   86 00000064 00000000        DCD              PWM1_IRQHandler ; 25: PWM1



ARM Macro Assembler    Page 3 


   87 00000068 00000000        DCD              I2C0_IRQHandler ; 26: I2C0
   88 0000006C 00000000        DCD              I2C1_IRQHandler ; 27: I2C1
   89 00000070 00000000        DCD              I2C2_IRQHandler ; 28: I2C2
   90 00000074 00000000        DCD              SPI_IRQHandler ; 29: SPI
   91 00000078 00000000        DCD              SSP0_IRQHandler ; 30: SSP0
   92 0000007C 00000000        DCD              SSP1_IRQHandler ; 31: SSP1
   93 00000080 00000000        DCD              PLL0_IRQHandler ; 32: PLL0 Lock
                                                             (Main PLL)
   94 00000084 00000000        DCD              RTC_IRQHandler ; 33: Real Time 
                                                            Clock
   95 00000088 00000000        DCD              EINT0_IRQHandler ; 34: External
                                                             Interrupt 0
   96 0000008C 00000000        DCD              EINT1_IRQHandler ; 35: External
                                                             Interrupt 1
   97 00000090 00000000        DCD              EINT2_IRQHandler ; 36: External
                                                             Interrupt 2
   98 00000094 00000000        DCD              EINT3_IRQHandler ; 37: External
                                                             Interrupt 3
   99 00000098 00000000        DCD              ADC_IRQHandler 
                                                            ; 38: A/D Converter
                                                            
  100 0000009C 00000000        DCD              BOD_IRQHandler ; 39: Brown-Out 
                                                            Detect
  101 000000A0 00000000        DCD              USB_IRQHandler ; 40: USB
  102 000000A4 00000000        DCD              CAN_IRQHandler ; 41: CAN
  103 000000A8 00000000        DCD              DMA_IRQHandler ; 42: General Pu
                                                            rpose DMA
  104 000000AC 00000000        DCD              I2S_IRQHandler ; 43: I2S
  105 000000B0 00000000        DCD              ENET_IRQHandler ; 44: Ethernet
  106 000000B4 00000000        DCD              RIT_IRQHandler ; 45: Repetitive
                                                             Interrupt Timer
  107 000000B8 00000000        DCD              MCPWM_IRQHandler ; 46: Motor Co
                                                            ntrol PWM
  108 000000BC 00000000        DCD              QEI_IRQHandler ; 47: Quadrature
                                                             Encoder Interface
  109 000000C0 00000000        DCD              PLL1_IRQHandler ; 48: PLL1 Lock
                                                             (USB PLL)
  110 000000C4 00000000        DCD              USBActivity_IRQHandler ; 49: US
                                                            B Activity interrup
                                                            t to wakeup
  111 000000C8 00000000        DCD              CANActivity_IRQHandler ; 50: CA
                                                            N Activity interrup
                                                            t to wakeup
  112 000000CC         
  113 000000CC                 IF               :LNOT::DEF:NO_CRP
  114 000000CC                 AREA             |.ARM.__at_0x02FC|, CODE, READO
NLY
  115 00000000 FFFFFFFF 
                       CRP_Key DCD              0xFFFFFFFF
  116 00000004                 ENDIF
  117 00000004         
  118 00000004                 AREA             myData, DATA, READWRITE
  119 00000000         ;fibonacci   SPACE 26
  120 00000000 00 00 00 
              00 00 00 
              00 00 00 
              00 00 00 
              00 00 00 
              00       sum     SPACE            16



ARM Macro Assembler    Page 4 


  121 00000010         
  122 00000010                 AREA             |.text|, CODE, READONLY
  123 00000000         
  124 00000000         
  125 00000000         ; Reset Handler
  126 00000000         
  127 00000000         Reset_Handler
                               PROC
  128 00000000                 EXPORT           Reset_Handler     [WEAK]
  129 00000000         ; --------------------------------------- EX 1 ---------
                       ------------------------------                
  130 00000000         ;; Declarations
  131 00000000         ;single_value  RN 1
  132 00000000         ;double_value  RN 2
  133 00000000         ;triple_value  RN 3
  134 00000000         ;quadruple_value RN 4
  135 00000000         ;quintuple_value RN 5
  136 00000000         ;; My code
  137 00000000         ;    MOV single_value, #1
  138 00000000         ;    MOV double_value, single_value, LSL #1
  139 00000000         ;    ADD triple_value, double_value, single_value
  140 00000000         ;    ADD quadruple_value, triple_value, single_value
  141 00000000         ;    ADD quintuple_value, quadruple_value, single_value 
                        
  142 00000000         ;stop B stop
  143 00000000         ; --------------------------------------- EX 2 ---------
                       ------------------------------            
  144 00000000         ;; Declarations
  145 00000000         ;; My code
  146 00000000         ;    MOV R0, #1
  147 00000000         ;    MOV R1, #1
  148 00000000         ;    ADD R2, R1, R0
  149 00000000         ;    ADD R3, R2, R1
  150 00000000         ;    ADD R4, R3, R2
  151 00000000         ;    ADD R5, R4, R3
  152 00000000         ;    ADD R6, R5, R4
  153 00000000         ;    ADD R7, R6, R5
  154 00000000         ;    ADD R8, R7, R6
  155 00000000         ;    ADD R9, R8, R7
  156 00000000         ;    ADD R10, R9, R8
  157 00000000         ;    ADD R11, R10, R9
  158 00000000         ;    ADD R12, R11, R10
  159 00000000         ;    LDR R14, =fibonacci
  160 00000000         ;    STR R0, [R14, #0]!
  161 00000000         ;    STR R1, [R14, #1]!
  162 00000000         ;    STR R2, [R14, #1]!
  163 00000000         ;    STR R3, [R14, #1]!
  164 00000000         ;    STR R4, [R14, #1]!
  165 00000000         ;    STR R5, [R14, #1]!
  166 00000000         ;    STR R6, [R14, #1]!
  167 00000000         ;    STR R7, [R14, #1]!
  168 00000000         ;    STR R8, [R14, #1]!
  169 00000000         ;    STR R9, [R14, #1]!
  170 00000000         ;    STR R10, [R14, #1]!
  171 00000000         ;    STR R11, [R14, #1]!
  172 00000000         ;    STR R12, [R14, #1]!
  173 00000000         ;    ADD R14, #1
  174 00000000         ;    STR R12, [R14], #1
  175 00000000         ;    STR R11, [R14], #1



ARM Macro Assembler    Page 5 


  176 00000000         ;    STR R10, [R14], #1
  177 00000000         ;    STR R9, [R14], #1
  178 00000000         ;    STR R8, [R14], #1
  179 00000000         ;    STR R7, [R14], #1
  180 00000000         ;    STR R6, [R14], #1
  181 00000000         ;    STR R5, [R14], #1
  182 00000000         ;    STR R4, [R14], #1
  183 00000000         ;    STR R3, [R14], #1
  184 00000000         ;    STR R2, [R14], #1
  185 00000000         ;    STR R1, [R14], #1
  186 00000000         ;    STR R0, [R14], #1
  187 00000000         ;    
  188 00000000         ;stop B stop
  189 00000000         ; --------------------------------------- EX 3 ---------
                       ------------------------------ 
  190 00000000         ; Declarations
  191 00000000         ; My code
  192 00000000 481F            LDR              R0, =myConstants
  193 00000002 4C20            LDR              R4, =sum
  194 00000004 8801            LDRH             R1, [R0]
  195 00000006 F830 2F02       LDRH             R2, [R0, #2]!
  196 0000000A EB02 0301       ADD              R3, R2, R1
  197 0000000E 6023            STR              R3, [R4]
  198 00000010 6825            LDR              R5, [R4]
  199 00000012 F830 1F02       LDRH             R1, [R0, #2]!
  200 00000016 F830 2F02       LDRH             R2, [R0, #2]!
  201 0000001A EB02 0301       ADD              R3, R2, R1
  202 0000001E F844 3F04       STR              R3, [R4, #4]!
  203 00000022 6825            LDR              R5, [R4]
  204 00000024 F830 1F02       LDRH             R1, [R0, #2]!
  205 00000028 F830 2F02       LDRH             R2, [R0, #2]!
  206 0000002C EB02 0301       ADD              R3, R2, R1
  207 00000030 F844 3F04       STR              R3, [R4, #4]!
  208 00000034 6825            LDR              R5, [R4]
  209 00000036 F830 1F02       LDRH             R1, [R0, #2]!
  210 0000003A F830 2F02       LDRH             R2, [R0, #2]!
  211 0000003E EB02 0301       ADD              R3, R2, R1
  212 00000042 F844 3F04       STR              R3, [R4, #4]!
  213 00000046 6825            LDR              R5, [R4]
  214 00000048         
  215 00000048 E7FE    stop    B                stop
  216 0000004A         
  217 0000004A 79 E1 49 
              DD E0 3B 
              BE EC 09 
              C8 30 20 
              F6 5E AF 
              A4       myConstants
                               DCW              57721,56649,15328,60606,51209,8
240,24310,42159
  218 0000005A         
  219 0000005A         ; ---------------------------------- END OF PROGRAM ----
                       ------------------------------     
  220 0000005A                 IMPORT           SystemInit
  221 0000005A         ;IMPORT  __main
  222 0000005A 480B            LDR              R0, =SystemInit
  223 0000005C 4780            BLX              R0
  224 0000005E         ;LDR     R0, =__main
  225 0000005E         ;BX      R0



ARM Macro Assembler    Page 6 


  226 0000005E                 ENDP
  227 0000005E         
  228 0000005E         
  229 0000005E         ; Dummy Exception Handlers (infinite loops which can be 
                       modified)
  230 0000005E         
  231 0000005E         NMI_Handler
                               PROC
  232 0000005E                 EXPORT           NMI_Handler               [WEAK
]
  233 0000005E E7FE            B                .
  234 00000060                 ENDP
  236 00000060         HardFault_Handler
                               PROC
  237 00000060                 EXPORT           HardFault_Handler         [WEAK
]
  238 00000060 E7FE            B                .
  239 00000062                 ENDP
  241 00000062         MemManage_Handler
                               PROC
  242 00000062                 EXPORT           MemManage_Handler         [WEAK
]
  243 00000062 E7FE            B                .
  244 00000064                 ENDP
  246 00000064         BusFault_Handler
                               PROC
  247 00000064                 EXPORT           BusFault_Handler          [WEAK
]
  248 00000064 E7FE            B                .
  249 00000066                 ENDP
  251 00000066         UsageFault_Handler
                               PROC
  252 00000066                 EXPORT           UsageFault_Handler        [WEAK
]
  253 00000066 E7FE            B                .
  254 00000068                 ENDP
  255 00000068         SVC_Handler
                               PROC
  256 00000068                 EXPORT           SVC_Handler               [WEAK
]
  257 00000068 E7FE            B                .
  258 0000006A                 ENDP
  260 0000006A         DebugMon_Handler
                               PROC
  261 0000006A                 EXPORT           DebugMon_Handler          [WEAK
]
  262 0000006A E7FE            B                .
  263 0000006C                 ENDP
  264 0000006C         PendSV_Handler
                               PROC
  265 0000006C                 EXPORT           PendSV_Handler            [WEAK
]
  266 0000006C E7FE            B                .
  267 0000006E                 ENDP
  268 0000006E         SysTick_Handler
                               PROC
  269 0000006E                 EXPORT           SysTick_Handler           [WEAK
]
  270 0000006E E7FE            B                .



ARM Macro Assembler    Page 7 


  271 00000070                 ENDP
  272 00000070         
  273 00000070         Default_Handler
                               PROC
  274 00000070         
  275 00000070                 EXPORT           WDT_IRQHandler            [WEAK
]
  276 00000070                 EXPORT           TIMER0_IRQHandler         [WEAK
]
  277 00000070                 EXPORT           TIMER1_IRQHandler         [WEAK
]
  278 00000070                 EXPORT           TIMER2_IRQHandler         [WEAK
]
  279 00000070                 EXPORT           TIMER3_IRQHandler         [WEAK
]
  280 00000070                 EXPORT           UART0_IRQHandler          [WEAK
]
  281 00000070                 EXPORT           UART1_IRQHandler          [WEAK
]
  282 00000070                 EXPORT           UART2_IRQHandler          [WEAK
]
  283 00000070                 EXPORT           UART3_IRQHandler          [WEAK
]
  284 00000070                 EXPORT           PWM1_IRQHandler           [WEAK
]
  285 00000070                 EXPORT           I2C0_IRQHandler           [WEAK
]
  286 00000070                 EXPORT           I2C1_IRQHandler           [WEAK
]
  287 00000070                 EXPORT           I2C2_IRQHandler           [WEAK
]
  288 00000070                 EXPORT           SPI_IRQHandler            [WEAK
]
  289 00000070                 EXPORT           SSP0_IRQHandler           [WEAK
]
  290 00000070                 EXPORT           SSP1_IRQHandler           [WEAK
]
  291 00000070                 EXPORT           PLL0_IRQHandler           [WEAK
]
  292 00000070                 EXPORT           RTC_IRQHandler            [WEAK
]
  293 00000070                 EXPORT           EINT0_IRQHandler          [WEAK
]
  294 00000070                 EXPORT           EINT1_IRQHandler          [WEAK
]
  295 00000070                 EXPORT           EINT2_IRQHandler          [WEAK
]
  296 00000070                 EXPORT           EINT3_IRQHandler          [WEAK
]
  297 00000070                 EXPORT           ADC_IRQHandler            [WEAK
]
  298 00000070                 EXPORT           BOD_IRQHandler            [WEAK
]
  299 00000070                 EXPORT           USB_IRQHandler            [WEAK
]
  300 00000070                 EXPORT           CAN_IRQHandler            [WEAK
]
  301 00000070                 EXPORT           DMA_IRQHandler            [WEAK
]



ARM Macro Assembler    Page 8 


  302 00000070                 EXPORT           I2S_IRQHandler            [WEAK
]
  303 00000070                 EXPORT           ENET_IRQHandler           [WEAK
]
  304 00000070                 EXPORT           RIT_IRQHandler            [WEAK
]
  305 00000070                 EXPORT           MCPWM_IRQHandler          [WEAK
]
  306 00000070                 EXPORT           QEI_IRQHandler            [WEAK
]
  307 00000070                 EXPORT           PLL1_IRQHandler           [WEAK
]
  308 00000070                 EXPORT           USBActivity_IRQHandler    [WEAK
]
  309 00000070                 EXPORT           CANActivity_IRQHandler    [WEAK
]
  310 00000070         
  311 00000070         WDT_IRQHandler
  312 00000070         TIMER0_IRQHandler
  313 00000070         TIMER1_IRQHandler
  314 00000070         TIMER2_IRQHandler
  315 00000070         TIMER3_IRQHandler
  316 00000070         UART0_IRQHandler
  317 00000070         UART1_IRQHandler
  318 00000070         UART2_IRQHandler
  319 00000070         UART3_IRQHandler
  320 00000070         PWM1_IRQHandler
  321 00000070         I2C0_IRQHandler
  322 00000070         I2C1_IRQHandler
  323 00000070         I2C2_IRQHandler
  324 00000070         SPI_IRQHandler
  325 00000070         SSP0_IRQHandler
  326 00000070         SSP1_IRQHandler
  327 00000070         PLL0_IRQHandler
  328 00000070         RTC_IRQHandler
  329 00000070         EINT0_IRQHandler
  330 00000070         EINT1_IRQHandler
  331 00000070         EINT2_IRQHandler
  332 00000070         EINT3_IRQHandler
  333 00000070         ADC_IRQHandler
  334 00000070         BOD_IRQHandler
  335 00000070         USB_IRQHandler
  336 00000070         CAN_IRQHandler
  337 00000070         DMA_IRQHandler
  338 00000070         I2S_IRQHandler
  339 00000070         ENET_IRQHandler
  340 00000070         RIT_IRQHandler
  341 00000070         MCPWM_IRQHandler
  342 00000070         QEI_IRQHandler
  343 00000070         PLL1_IRQHandler
  344 00000070         USBActivity_IRQHandler
  345 00000070         CANActivity_IRQHandler
  346 00000070         
  347 00000070 E7FE            B                .
  348 00000072         
  349 00000072                 ENDP
  350 00000072         
  351 00000072         
  352 00000072 00 00           ALIGN



ARM Macro Assembler    Page 9 


  353 00000074         
  354 00000074         
  355 00000074         ; User Initial Stack & Heap
  356 00000074         
  357 00000074                 IF               :DEF:__MICROLIB
  364 00000074         
  365 00000074                 IMPORT           __use_two_region_memory
  366 00000074                 EXPORT           __user_initial_stackheap
  367 00000074         __user_initial_stackheap
  368 00000074         
  369 00000074 4805            LDR              R0, =  Heap_Mem
  370 00000076 4906            LDR              R1, =(Stack_Mem + Stack_Size)
  371 00000078 4A04            LDR              R2, = (Heap_Mem +  Heap_Size)
  372 0000007A 4B06            LDR              R3, = Stack_Mem
  373 0000007C 4770            BX               LR
  374 0000007E         
  375 0000007E 00 00           ALIGN
  376 00000080         
  377 00000080                 ENDIF
  378 00000080         
  379 00000080         
  380 00000080                 END
              00000000 
              00000000 
              00000000 
              00000000 
              00000200 
              00000000 
Command Line: --debug --xref --diag_suppress=9931 --cpu=Cortex-M3 --apcs=interw
ork --depend=.\objects\startup_lpc17xx.d -o.\objects\startup_lpc17xx.o -I.\RTE\
Device\LPC1768 -I.\RTE\_Target_1 -IC:\Users\gabriel.ganzer\AppData\Local\Arm\Pa
cks\ARM\CMSIS\5.5.1\CMSIS\Core\Include -IC:\Users\gabriel.ganzer\AppData\Local\
Arm\Packs\ARM\CMSIS\5.5.1\CMSIS\DSP\Include -IC:\Users\gabriel.ganzer\AppData\L
ocal\Arm\Packs\Keil\LPC1700_DFP\2.6.0\Device\Include --predefine="__EVAL SETA 1
" --predefine="__UVISION_VERSION SETA 528" --predefine="_RTE_ SETA 1" --predefi
ne="LPC175x_6x SETA 1" --list=.\listings\startup_lpc17xx.lst RTE\Device\LPC1768
\startup_LPC17xx.s



ARM Macro Assembler    Page 1 Alphabetic symbol ordering
Relocatable symbols

STACK 00000000

Symbol: STACK
   Definitions
      At line 33 in file RTE\Device\LPC1768\startup_LPC17xx.s
   Uses
      None
Comment: STACK unused
Stack_Mem 00000000

Symbol: Stack_Mem
   Definitions
      At line 34 in file RTE\Device\LPC1768\startup_LPC17xx.s
   Uses
      At line 370 in file RTE\Device\LPC1768\startup_LPC17xx.s
      At line 372 in file RTE\Device\LPC1768\startup_LPC17xx.s

__initial_sp 00000200

Symbol: __initial_sp
   Definitions
      At line 35 in file RTE\Device\LPC1768\startup_LPC17xx.s
   Uses
      At line 59 in file RTE\Device\LPC1768\startup_LPC17xx.s
Comment: __initial_sp used once
3 symbols



ARM Macro Assembler    Page 1 Alphabetic symbol ordering
Relocatable symbols

HEAP 00000000

Symbol: HEAP
   Definitions
      At line 44 in file RTE\Device\LPC1768\startup_LPC17xx.s
   Uses
      None
Comment: HEAP unused
Heap_Mem 00000000

Symbol: Heap_Mem
   Definitions
      At line 46 in file RTE\Device\LPC1768\startup_LPC17xx.s
   Uses
      At line 369 in file RTE\Device\LPC1768\startup_LPC17xx.s
      At line 371 in file RTE\Device\LPC1768\startup_LPC17xx.s

__heap_base 00000000

Symbol: __heap_base
   Definitions
      At line 45 in file RTE\Device\LPC1768\startup_LPC17xx.s
   Uses
      None
Comment: __heap_base unused
__heap_limit 00000000

Symbol: __heap_limit
   Definitions
      At line 47 in file RTE\Device\LPC1768\startup_LPC17xx.s
   Uses
      None
Comment: __heap_limit unused
4 symbols



ARM Macro Assembler    Page 1 Alphabetic symbol ordering
Relocatable symbols

RESET 00000000

Symbol: RESET
   Definitions
      At line 56 in file RTE\Device\LPC1768\startup_LPC17xx.s
   Uses
      None
Comment: RESET unused
__Vectors 00000000

Symbol: __Vectors
   Definitions
      At line 59 in file RTE\Device\LPC1768\startup_LPC17xx.s
   Uses
      At line 57 in file RTE\Device\LPC1768\startup_LPC17xx.s
Comment: __Vectors used once
2 symbols



ARM Macro Assembler    Page 1 Alphabetic symbol ordering
Relocatable symbols

.ARM.__at_0x02FC 00000000

Symbol: .ARM.__at_0x02FC
   Definitions
      At line 114 in file RTE\Device\LPC1768\startup_LPC17xx.s
   Uses
      None
Comment: .ARM.__at_0x02FC unused
CRP_Key 00000000

Symbol: CRP_Key
   Definitions
      At line 115 in file RTE\Device\LPC1768\startup_LPC17xx.s
   Uses
      None
Comment: CRP_Key unused
2 symbols



ARM Macro Assembler    Page 1 Alphabetic symbol ordering
Relocatable symbols

myData 00000000

Symbol: myData
   Definitions
      At line 118 in file RTE\Device\LPC1768\startup_LPC17xx.s
   Uses
      None
Comment: myData unused
sum 00000000

Symbol: sum
   Definitions
      At line 120 in file RTE\Device\LPC1768\startup_LPC17xx.s
   Uses
      At line 193 in file RTE\Device\LPC1768\startup_LPC17xx.s
Comment: sum used once
2 symbols



ARM Macro Assembler    Page 1 Alphabetic symbol ordering
Relocatable symbols

.text 00000000

Symbol: .text
   Definitions
      At line 122 in file RTE\Device\LPC1768\startup_LPC17xx.s
   Uses
      None
Comment: .text unused
ADC_IRQHandler 00000070

Symbol: ADC_IRQHandler
   Definitions
      At line 333 in file RTE\Device\LPC1768\startup_LPC17xx.s
   Uses
      At line 99 in file RTE\Device\LPC1768\startup_LPC17xx.s
      At line 297 in file RTE\Device\LPC1768\startup_LPC17xx.s

BOD_IRQHandler 00000070

Symbol: BOD_IRQHandler
   Definitions
      At line 334 in file RTE\Device\LPC1768\startup_LPC17xx.s
   Uses
      At line 100 in file RTE\Device\LPC1768\startup_LPC17xx.s
      At line 298 in file RTE\Device\LPC1768\startup_LPC17xx.s

BusFault_Handler 00000064

Symbol: BusFault_Handler
   Definitions
      At line 246 in file RTE\Device\LPC1768\startup_LPC17xx.s
   Uses
      At line 64 in file RTE\Device\LPC1768\startup_LPC17xx.s
      At line 247 in file RTE\Device\LPC1768\startup_LPC17xx.s

CANActivity_IRQHandler 00000070

Symbol: CANActivity_IRQHandler
   Definitions
      At line 345 in file RTE\Device\LPC1768\startup_LPC17xx.s
   Uses
      At line 111 in file RTE\Device\LPC1768\startup_LPC17xx.s
      At line 309 in file RTE\Device\LPC1768\startup_LPC17xx.s

CAN_IRQHandler 00000070

Symbol: CAN_IRQHandler
   Definitions
      At line 336 in file RTE\Device\LPC1768\startup_LPC17xx.s
   Uses
      At line 102 in file RTE\Device\LPC1768\startup_LPC17xx.s
      At line 300 in file RTE\Device\LPC1768\startup_LPC17xx.s

DMA_IRQHandler 00000070

Symbol: DMA_IRQHandler
   Definitions
      At line 337 in file RTE\Device\LPC1768\startup_LPC17xx.s
   Uses



ARM Macro Assembler    Page 2 Alphabetic symbol ordering
Relocatable symbols

      At line 103 in file RTE\Device\LPC1768\startup_LPC17xx.s
      At line 301 in file RTE\Device\LPC1768\startup_LPC17xx.s

DebugMon_Handler 0000006A

Symbol: DebugMon_Handler
   Definitions
      At line 260 in file RTE\Device\LPC1768\startup_LPC17xx.s
   Uses
      At line 71 in file RTE\Device\LPC1768\startup_LPC17xx.s
      At line 261 in file RTE\Device\LPC1768\startup_LPC17xx.s

Default_Handler 00000070

Symbol: Default_Handler
   Definitions
      At line 273 in file RTE\Device\LPC1768\startup_LPC17xx.s
   Uses
      None
Comment: Default_Handler unused
EINT0_IRQHandler 00000070

Symbol: EINT0_IRQHandler
   Definitions
      At line 329 in file RTE\Device\LPC1768\startup_LPC17xx.s
   Uses
      At line 95 in file RTE\Device\LPC1768\startup_LPC17xx.s
      At line 293 in file RTE\Device\LPC1768\startup_LPC17xx.s

EINT1_IRQHandler 00000070

Symbol: EINT1_IRQHandler
   Definitions
      At line 330 in file RTE\Device\LPC1768\startup_LPC17xx.s
   Uses
      At line 96 in file RTE\Device\LPC1768\startup_LPC17xx.s
      At line 294 in file RTE\Device\LPC1768\startup_LPC17xx.s

EINT2_IRQHandler 00000070

Symbol: EINT2_IRQHandler
   Definitions
      At line 331 in file RTE\Device\LPC1768\startup_LPC17xx.s
   Uses
      At line 97 in file RTE\Device\LPC1768\startup_LPC17xx.s
      At line 295 in file RTE\Device\LPC1768\startup_LPC17xx.s

EINT3_IRQHandler 00000070

Symbol: EINT3_IRQHandler
   Definitions
      At line 332 in file RTE\Device\LPC1768\startup_LPC17xx.s
   Uses
      At line 98 in file RTE\Device\LPC1768\startup_LPC17xx.s
      At line 296 in file RTE\Device\LPC1768\startup_LPC17xx.s

ENET_IRQHandler 00000070

Symbol: ENET_IRQHandler



ARM Macro Assembler    Page 3 Alphabetic symbol ordering
Relocatable symbols

   Definitions
      At line 339 in file RTE\Device\LPC1768\startup_LPC17xx.s
   Uses
      At line 105 in file RTE\Device\LPC1768\startup_LPC17xx.s
      At line 303 in file RTE\Device\LPC1768\startup_LPC17xx.s

HardFault_Handler 00000060

Symbol: HardFault_Handler
   Definitions
      At line 236 in file RTE\Device\LPC1768\startup_LPC17xx.s
   Uses
      At line 62 in file RTE\Device\LPC1768\startup_LPC17xx.s
      At line 237 in file RTE\Device\LPC1768\startup_LPC17xx.s

I2C0_IRQHandler 00000070

Symbol: I2C0_IRQHandler
   Definitions
      At line 321 in file RTE\Device\LPC1768\startup_LPC17xx.s
   Uses
      At line 87 in file RTE\Device\LPC1768\startup_LPC17xx.s
      At line 285 in file RTE\Device\LPC1768\startup_LPC17xx.s

I2C1_IRQHandler 00000070

Symbol: I2C1_IRQHandler
   Definitions
      At line 322 in file RTE\Device\LPC1768\startup_LPC17xx.s
   Uses
      At line 88 in file RTE\Device\LPC1768\startup_LPC17xx.s
      At line 286 in file RTE\Device\LPC1768\startup_LPC17xx.s

I2C2_IRQHandler 00000070

Symbol: I2C2_IRQHandler
   Definitions
      At line 323 in file RTE\Device\LPC1768\startup_LPC17xx.s
   Uses
      At line 89 in file RTE\Device\LPC1768\startup_LPC17xx.s
      At line 287 in file RTE\Device\LPC1768\startup_LPC17xx.s

I2S_IRQHandler 00000070

Symbol: I2S_IRQHandler
   Definitions
      At line 338 in file RTE\Device\LPC1768\startup_LPC17xx.s
   Uses
      At line 104 in file RTE\Device\LPC1768\startup_LPC17xx.s
      At line 302 in file RTE\Device\LPC1768\startup_LPC17xx.s

MCPWM_IRQHandler 00000070

Symbol: MCPWM_IRQHandler
   Definitions
      At line 341 in file RTE\Device\LPC1768\startup_LPC17xx.s
   Uses
      At line 107 in file RTE\Device\LPC1768\startup_LPC17xx.s
      At line 305 in file RTE\Device\LPC1768\startup_LPC17xx.s



ARM Macro Assembler    Page 4 Alphabetic symbol ordering
Relocatable symbols


MemManage_Handler 00000062

Symbol: MemManage_Handler
   Definitions
      At line 241 in file RTE\Device\LPC1768\startup_LPC17xx.s
   Uses
      At line 63 in file RTE\Device\LPC1768\startup_LPC17xx.s
      At line 242 in file RTE\Device\LPC1768\startup_LPC17xx.s

NMI_Handler 0000005E

Symbol: NMI_Handler
   Definitions
      At line 231 in file RTE\Device\LPC1768\startup_LPC17xx.s
   Uses
      At line 61 in file RTE\Device\LPC1768\startup_LPC17xx.s
      At line 232 in file RTE\Device\LPC1768\startup_LPC17xx.s

PLL0_IRQHandler 00000070

Symbol: PLL0_IRQHandler
   Definitions
      At line 327 in file RTE\Device\LPC1768\startup_LPC17xx.s
   Uses
      At line 93 in file RTE\Device\LPC1768\startup_LPC17xx.s
      At line 291 in file RTE\Device\LPC1768\startup_LPC17xx.s

PLL1_IRQHandler 00000070

Symbol: PLL1_IRQHandler
   Definitions
      At line 343 in file RTE\Device\LPC1768\startup_LPC17xx.s
   Uses
      At line 109 in file RTE\Device\LPC1768\startup_LPC17xx.s
      At line 307 in file RTE\Device\LPC1768\startup_LPC17xx.s

PWM1_IRQHandler 00000070

Symbol: PWM1_IRQHandler
   Definitions
      At line 320 in file RTE\Device\LPC1768\startup_LPC17xx.s
   Uses
      At line 86 in file RTE\Device\LPC1768\startup_LPC17xx.s
      At line 284 in file RTE\Device\LPC1768\startup_LPC17xx.s

PendSV_Handler 0000006C

Symbol: PendSV_Handler
   Definitions
      At line 264 in file RTE\Device\LPC1768\startup_LPC17xx.s
   Uses
      At line 73 in file RTE\Device\LPC1768\startup_LPC17xx.s
      At line 265 in file RTE\Device\LPC1768\startup_LPC17xx.s

QEI_IRQHandler 00000070

Symbol: QEI_IRQHandler
   Definitions



ARM Macro Assembler    Page 5 Alphabetic symbol ordering
Relocatable symbols

      At line 342 in file RTE\Device\LPC1768\startup_LPC17xx.s
   Uses
      At line 108 in file RTE\Device\LPC1768\startup_LPC17xx.s
      At line 306 in file RTE\Device\LPC1768\startup_LPC17xx.s

RIT_IRQHandler 00000070

Symbol: RIT_IRQHandler
   Definitions
      At line 340 in file RTE\Device\LPC1768\startup_LPC17xx.s
   Uses
      At line 106 in file RTE\Device\LPC1768\startup_LPC17xx.s
      At line 304 in file RTE\Device\LPC1768\startup_LPC17xx.s

RTC_IRQHandler 00000070

Symbol: RTC_IRQHandler
   Definitions
      At line 328 in file RTE\Device\LPC1768\startup_LPC17xx.s
   Uses
      At line 94 in file RTE\Device\LPC1768\startup_LPC17xx.s
      At line 292 in file RTE\Device\LPC1768\startup_LPC17xx.s

Reset_Handler 00000000

Symbol: Reset_Handler
   Definitions
      At line 127 in file RTE\Device\LPC1768\startup_LPC17xx.s
   Uses
      At line 60 in file RTE\Device\LPC1768\startup_LPC17xx.s
      At line 128 in file RTE\Device\LPC1768\startup_LPC17xx.s

SPI_IRQHandler 00000070

Symbol: SPI_IRQHandler
   Definitions
      At line 324 in file RTE\Device\LPC1768\startup_LPC17xx.s
   Uses
      At line 90 in file RTE\Device\LPC1768\startup_LPC17xx.s
      At line 288 in file RTE\Device\LPC1768\startup_LPC17xx.s

SSP0_IRQHandler 00000070

Symbol: SSP0_IRQHandler
   Definitions
      At line 325 in file RTE\Device\LPC1768\startup_LPC17xx.s
   Uses
      At line 91 in file RTE\Device\LPC1768\startup_LPC17xx.s
      At line 289 in file RTE\Device\LPC1768\startup_LPC17xx.s

SSP1_IRQHandler 00000070

Symbol: SSP1_IRQHandler
   Definitions
      At line 326 in file RTE\Device\LPC1768\startup_LPC17xx.s
   Uses
      At line 92 in file RTE\Device\LPC1768\startup_LPC17xx.s
      At line 290 in file RTE\Device\LPC1768\startup_LPC17xx.s




ARM Macro Assembler    Page 6 Alphabetic symbol ordering
Relocatable symbols

SVC_Handler 00000068

Symbol: SVC_Handler
   Definitions
      At line 255 in file RTE\Device\LPC1768\startup_LPC17xx.s
   Uses
      At line 70 in file RTE\Device\LPC1768\startup_LPC17xx.s
      At line 256 in file RTE\Device\LPC1768\startup_LPC17xx.s

SysTick_Handler 0000006E

Symbol: SysTick_Handler
   Definitions
      At line 268 in file RTE\Device\LPC1768\startup_LPC17xx.s
   Uses
      At line 74 in file RTE\Device\LPC1768\startup_LPC17xx.s
      At line 269 in file RTE\Device\LPC1768\startup_LPC17xx.s

TIMER0_IRQHandler 00000070

Symbol: TIMER0_IRQHandler
   Definitions
      At line 312 in file RTE\Device\LPC1768\startup_LPC17xx.s
   Uses
      At line 78 in file RTE\Device\LPC1768\startup_LPC17xx.s
      At line 276 in file RTE\Device\LPC1768\startup_LPC17xx.s

TIMER1_IRQHandler 00000070

Symbol: TIMER1_IRQHandler
   Definitions
      At line 313 in file RTE\Device\LPC1768\startup_LPC17xx.s
   Uses
      At line 79 in file RTE\Device\LPC1768\startup_LPC17xx.s
      At line 277 in file RTE\Device\LPC1768\startup_LPC17xx.s

TIMER2_IRQHandler 00000070

Symbol: TIMER2_IRQHandler
   Definitions
      At line 314 in file RTE\Device\LPC1768\startup_LPC17xx.s
   Uses
      At line 80 in file RTE\Device\LPC1768\startup_LPC17xx.s
      At line 278 in file RTE\Device\LPC1768\startup_LPC17xx.s

TIMER3_IRQHandler 00000070

Symbol: TIMER3_IRQHandler
   Definitions
      At line 315 in file RTE\Device\LPC1768\startup_LPC17xx.s
   Uses
      At line 81 in file RTE\Device\LPC1768\startup_LPC17xx.s
      At line 279 in file RTE\Device\LPC1768\startup_LPC17xx.s

UART0_IRQHandler 00000070

Symbol: UART0_IRQHandler
   Definitions
      At line 316 in file RTE\Device\LPC1768\startup_LPC17xx.s



ARM Macro Assembler    Page 7 Alphabetic symbol ordering
Relocatable symbols

   Uses
      At line 82 in file RTE\Device\LPC1768\startup_LPC17xx.s
      At line 280 in file RTE\Device\LPC1768\startup_LPC17xx.s

UART1_IRQHandler 00000070

Symbol: UART1_IRQHandler
   Definitions
      At line 317 in file RTE\Device\LPC1768\startup_LPC17xx.s
   Uses
      At line 83 in file RTE\Device\LPC1768\startup_LPC17xx.s
      At line 281 in file RTE\Device\LPC1768\startup_LPC17xx.s

UART2_IRQHandler 00000070

Symbol: UART2_IRQHandler
   Definitions
      At line 318 in file RTE\Device\LPC1768\startup_LPC17xx.s
   Uses
      At line 84 in file RTE\Device\LPC1768\startup_LPC17xx.s
      At line 282 in file RTE\Device\LPC1768\startup_LPC17xx.s

UART3_IRQHandler 00000070

Symbol: UART3_IRQHandler
   Definitions
      At line 319 in file RTE\Device\LPC1768\startup_LPC17xx.s
   Uses
      At line 85 in file RTE\Device\LPC1768\startup_LPC17xx.s
      At line 283 in file RTE\Device\LPC1768\startup_LPC17xx.s

USBActivity_IRQHandler 00000070

Symbol: USBActivity_IRQHandler
   Definitions
      At line 344 in file RTE\Device\LPC1768\startup_LPC17xx.s
   Uses
      At line 110 in file RTE\Device\LPC1768\startup_LPC17xx.s
      At line 308 in file RTE\Device\LPC1768\startup_LPC17xx.s

USB_IRQHandler 00000070

Symbol: USB_IRQHandler
   Definitions
      At line 335 in file RTE\Device\LPC1768\startup_LPC17xx.s
   Uses
      At line 101 in file RTE\Device\LPC1768\startup_LPC17xx.s
      At line 299 in file RTE\Device\LPC1768\startup_LPC17xx.s

UsageFault_Handler 00000066

Symbol: UsageFault_Handler
   Definitions
      At line 251 in file RTE\Device\LPC1768\startup_LPC17xx.s
   Uses
      At line 65 in file RTE\Device\LPC1768\startup_LPC17xx.s
      At line 252 in file RTE\Device\LPC1768\startup_LPC17xx.s

WDT_IRQHandler 00000070



ARM Macro Assembler    Page 8 Alphabetic symbol ordering
Relocatable symbols


Symbol: WDT_IRQHandler
   Definitions
      At line 311 in file RTE\Device\LPC1768\startup_LPC17xx.s
   Uses
      At line 77 in file RTE\Device\LPC1768\startup_LPC17xx.s
      At line 275 in file RTE\Device\LPC1768\startup_LPC17xx.s

__user_initial_stackheap 00000074

Symbol: __user_initial_stackheap
   Definitions
      At line 367 in file RTE\Device\LPC1768\startup_LPC17xx.s
   Uses
      At line 366 in file RTE\Device\LPC1768\startup_LPC17xx.s
Comment: __user_initial_stackheap used once
myConstants 0000004A

Symbol: myConstants
   Definitions
      At line 217 in file RTE\Device\LPC1768\startup_LPC17xx.s
   Uses
      At line 192 in file RTE\Device\LPC1768\startup_LPC17xx.s
Comment: myConstants used once
stop 00000048

Symbol: stop
   Definitions
      At line 215 in file RTE\Device\LPC1768\startup_LPC17xx.s
   Uses
      At line 215 in file RTE\Device\LPC1768\startup_LPC17xx.s
Comment: stop used once
50 symbols



ARM Macro Assembler    Page 1 Alphabetic symbol ordering
Absolute symbols

Heap_Size 00000000

Symbol: Heap_Size
   Definitions
      At line 42 in file RTE\Device\LPC1768\startup_LPC17xx.s
   Uses
      At line 46 in file RTE\Device\LPC1768\startup_LPC17xx.s
      At line 371 in file RTE\Device\LPC1768\startup_LPC17xx.s

Stack_Size 00000200

Symbol: Stack_Size
   Definitions
      At line 31 in file RTE\Device\LPC1768\startup_LPC17xx.s
   Uses
      At line 34 in file RTE\Device\LPC1768\startup_LPC17xx.s
      At line 370 in file RTE\Device\LPC1768\startup_LPC17xx.s

2 symbols



ARM Macro Assembler    Page 1 Alphabetic symbol ordering
External symbols

SystemInit 00000000

Symbol: SystemInit
   Definitions
      At line 220 in file RTE\Device\LPC1768\startup_LPC17xx.s
   Uses
      At line 222 in file RTE\Device\LPC1768\startup_LPC17xx.s
Comment: SystemInit used once
__use_two_region_memory 00000000

Symbol: __use_two_region_memory
   Definitions
      At line 365 in file RTE\Device\LPC1768\startup_LPC17xx.s
   Uses
      None
Comment: __use_two_region_memory unused
2 symbols
407 symbols in table
